[0.020s] Invoking command in '/home/robprakt2/beer_ws/build/prak_msgs': CMAKE_PREFIX_PATH=${CMAKE_PREFIX_PATH}:/home/robprakt2/ws_moveit/install/moveit_configs_utils:/home/robprakt2/ws_moveit/install/RobPrakTEI:/opt/ros/kilted DEBUGINFOD_URLS=https://debuginfod.ubuntu.com /usr/bin/cmake /home/robprakt2/beer_ws/src/prak_msgs -DCMAKE_INSTALL_PREFIX=/home/robprakt2/beer_ws/install/prak_msgs
[0.180s] -- Found ament_cmake: 2.7.3 (/opt/ros/kilted/share/ament_cmake/cmake)
[0.180s] -- Found Python3: /usr/bin/python3 (found version "3.12.3") found components: Interpreter 
[0.180s] -- Override CMake install command with custom implementation using symlinks instead of copying resources
[0.180s] -- Found rclcpp: 29.5.3 (/opt/ros/kilted/share/rclcpp/cmake)
[0.180s] -- Found rosidl_generator_c: 4.9.5 (/opt/ros/kilted/share/rosidl_generator_c/cmake)
[0.180s] -- Found rosidl_generator_cpp: 4.9.5 (/opt/ros/kilted/share/rosidl_generator_cpp/cmake)
[0.180s] -- Using all available rosidl_typesupport_c: rosidl_typesupport_fastrtps_c;rosidl_typesupport_introspection_c
[0.186s] -- Using all available rosidl_typesupport_cpp: rosidl_typesupport_fastrtps_cpp;rosidl_typesupport_introspection_cpp
[0.242s] -- Found rmw_implementation_cmake: 7.8.2 (/opt/ros/kilted/share/rmw_implementation_cmake/cmake)
[0.245s] -- Found rmw_fastrtps_cpp: 9.3.3 (/opt/ros/kilted/share/rmw_fastrtps_cpp/cmake)
[0.283s] -- Using RMW implementation 'rmw_fastrtps_cpp' as default
[0.338s] -- Found geometry_msgs: 5.5.1 (/opt/ros/kilted/share/geometry_msgs/cmake)
[0.365s] -- Found rosidl_default_generators: 1.7.1 (/opt/ros/kilted/share/rosidl_default_generators/cmake)
[0.378s] -- Found rosidl_adapter: 4.9.5 (/opt/ros/kilted/share/rosidl_adapter/cmake)
[0.632s] -- Found ament_cmake_ros_core: 0.14.3 (/opt/ros/kilted/share/ament_cmake_ros_core/cmake)
[0.830s] -- Using all available rosidl_typesupport_c: rosidl_typesupport_fastrtps_c;rosidl_typesupport_introspection_c
[0.934s] -- Using all available rosidl_typesupport_cpp: rosidl_typesupport_fastrtps_cpp;rosidl_typesupport_introspection_cpp
[1.104s] -- Found Python3: /usr/bin/python3 (found version "3.12.3") found components: Interpreter Development NumPy Development.Module Development.Embed 
[1.149s] -- Found ament_lint_auto: 0.19.2 (/opt/ros/kilted/share/ament_lint_auto/cmake)
[1.162s] -- Added test 'lint_cmake' to check CMake code style
[1.163s] -- Added test 'xmllint' to check XML markup files
[1.166s] -- Configuring done (1.1s)
[1.213s] -- Generating done (0.0s)
[1.221s] -- Build files have been written to: /home/robprakt2/beer_ws/build/prak_msgs
[1.228s] Invoked command in '/home/robprakt2/beer_ws/build/prak_msgs' returned '0': CMAKE_PREFIX_PATH=${CMAKE_PREFIX_PATH}:/home/robprakt2/ws_moveit/install/moveit_configs_utils:/home/robprakt2/ws_moveit/install/RobPrakTEI:/opt/ros/kilted DEBUGINFOD_URLS=https://debuginfod.ubuntu.com /usr/bin/cmake /home/robprakt2/beer_ws/src/prak_msgs -DCMAKE_INSTALL_PREFIX=/home/robprakt2/beer_ws/install/prak_msgs
[1.229s] Invoking command in '/home/robprakt2/beer_ws/build/prak_msgs': CMAKE_PREFIX_PATH=${CMAKE_PREFIX_PATH}:/home/robprakt2/ws_moveit/install/moveit_configs_utils:/home/robprakt2/ws_moveit/install/RobPrakTEI:/opt/ros/kilted DEBUGINFOD_URLS=https://debuginfod.ubuntu.com /usr/bin/cmake --build /home/robprakt2/beer_ws/build/prak_msgs -- -j12 -l12
[1.271s] [  1%] Built target prak_msgs__rosidl_generator_type_description
[1.279s] [  1%] Built target ament_cmake_python_symlink_prak_msgs
[1.289s] [  2%] Built target prak_msgs__cpp
[1.302s] [ 25%] Built target prak_msgs__rosidl_generator_c
[1.331s] [ 35%] Built target prak_msgs__rosidl_typesupport_introspection_c
[1.331s] [ 47%] Built target prak_msgs__rosidl_typesupport_cpp
[1.331s] [ 54%] Built target prak_msgs__rosidl_typesupport_c
[1.333s] [ 63%] Built target prak_msgs__rosidl_typesupport_introspection_cpp
[1.334s] [ 72%] Built target prak_msgs__rosidl_typesupport_fastrtps_c
[1.334s] [ 82%] Built target prak_msgs__rosidl_typesupport_fastrtps_cpp
[1.351s] [ 82%] Built target prak_msgs
[1.368s] [ 83%] Built target prak_msgs__py
[1.390s] [ 91%] Built target prak_msgs__rosidl_generator_py
[1.409s] [100%] Built target prak_msgs_s__rosidl_typesupport_fastrtps_c
[1.409s] [100%] Built target prak_msgs_s__rosidl_typesupport_introspection_c
[1.409s] [100%] Built target prak_msgs_s__rosidl_typesupport_c
[1.460s] running egg_info
[1.476s] writing prak_msgs.egg-info/PKG-INFO
[1.476s] writing dependency_links to prak_msgs.egg-info/dependency_links.txt
[1.476s] writing top-level names to prak_msgs.egg-info/top_level.txt
[1.522s] reading manifest file 'prak_msgs.egg-info/SOURCES.txt'
[1.523s] writing manifest file 'prak_msgs.egg-info/SOURCES.txt'
[1.542s] [100%] Built target ament_cmake_python_build_prak_msgs_egg
[1.551s] Invoked command in '/home/robprakt2/beer_ws/build/prak_msgs' returned '0': CMAKE_PREFIX_PATH=${CMAKE_PREFIX_PATH}:/home/robprakt2/ws_moveit/install/moveit_configs_utils:/home/robprakt2/ws_moveit/install/RobPrakTEI:/opt/ros/kilted DEBUGINFOD_URLS=https://debuginfod.ubuntu.com /usr/bin/cmake --build /home/robprakt2/beer_ws/build/prak_msgs -- -j12 -l12
[1.558s] Invoking command in '/home/robprakt2/beer_ws/build/prak_msgs': CMAKE_PREFIX_PATH=${CMAKE_PREFIX_PATH}:/home/robprakt2/ws_moveit/install/moveit_configs_utils:/home/robprakt2/ws_moveit/install/RobPrakTEI:/opt/ros/kilted DEBUGINFOD_URLS=https://debuginfod.ubuntu.com /usr/bin/cmake --install /home/robprakt2/beer_ws/build/prak_msgs
[1.564s] -- Install configuration: ""
[1.565s] -- Execute custom install script
[1.565s] -- Up-to-date symlink: /home/robprakt2/beer_ws/install/prak_msgs/share/ament_index/resource_index/rosidl_interfaces/prak_msgs
[1.565s] -- Up-to-date symlink: /home/robprakt2/beer_ws/install/prak_msgs/share/prak_msgs/msg/JointState.json
[1.565s] -- Up-to-date symlink: /home/robprakt2/beer_ws/install/prak_msgs/share/prak_msgs/msg/JointStateStamped.json
[1.565s] -- Up-to-date symlink: /home/robprakt2/beer_ws/install/prak_msgs/share/prak_msgs/msg/RobotState.json
[1.565s] -- Up-to-date symlink: /home/robprakt2/beer_ws/install/prak_msgs/share/prak_msgs/msg/ActuatorRequest.json
[1.565s] -- Up-to-date symlink: /home/robprakt2/beer_ws/install/prak_msgs/share/prak_msgs/action/ActuatorCommand.json
[1.566s] -- Up-to-date symlink: /home/robprakt2/beer_ws/install/prak_msgs/include/prak_msgs/prak_msgs/action/actuator_command.h
[1.566s] -- Up-to-date symlink: /home/robprakt2/beer_ws/install/prak_msgs/include/prak_msgs/prak_msgs/action/detail/actuator_command__functions.h
[1.566s] -- Up-to-date symlink: /home/robprakt2/beer_ws/install/prak_msgs/include/prak_msgs/prak_msgs/action/detail/actuator_command__struct.h
[1.566s] -- Up-to-date symlink: /home/robprakt2/beer_ws/install/prak_msgs/include/prak_msgs/prak_msgs/action/detail/actuator_command__type_support.h
[1.566s] -- Up-to-date symlink: /home/robprakt2/beer_ws/install/prak_msgs/include/prak_msgs/prak_msgs/msg/actuator_request.h
[1.566s] -- Up-to-date symlink: /home/robprakt2/beer_ws/install/prak_msgs/include/prak_msgs/prak_msgs/msg/detail/actuator_request__functions.h
[1.566s] -- Up-to-date symlink: /home/robprakt2/beer_ws/install/prak_msgs/include/prak_msgs/prak_msgs/msg/detail/actuator_request__struct.h
[1.566s] -- Up-to-date symlink: /home/robprakt2/beer_ws/install/prak_msgs/include/prak_msgs/prak_msgs/msg/detail/actuator_request__type_support.h
[1.566s] -- Up-to-date symlink: /home/robprakt2/beer_ws/install/prak_msgs/include/prak_msgs/prak_msgs/msg/detail/joint_state__functions.h
[1.566s] -- Up-to-date symlink: /home/robprakt2/beer_ws/install/prak_msgs/include/prak_msgs/prak_msgs/msg/detail/joint_state__struct.h
[1.566s] -- Up-to-date symlink: /home/robprakt2/beer_ws/install/prak_msgs/include/prak_msgs/prak_msgs/msg/detail/joint_state__type_support.h
[1.566s] -- Up-to-date symlink: /home/robprakt2/beer_ws/install/prak_msgs/include/prak_msgs/prak_msgs/msg/detail/joint_state_stamped__functions.h
[1.566s] -- Up-to-date symlink: /home/robprakt2/beer_ws/install/prak_msgs/include/prak_msgs/prak_msgs/msg/detail/joint_state_stamped__struct.h
[1.566s] -- Up-to-date symlink: /home/robprakt2/beer_ws/install/prak_msgs/include/prak_msgs/prak_msgs/msg/detail/joint_state_stamped__type_support.h
[1.566s] -- Up-to-date symlink: /home/robprakt2/beer_ws/install/prak_msgs/include/prak_msgs/prak_msgs/msg/detail/robot_state__functions.h
[1.566s] -- Up-to-date symlink: /home/robprakt2/beer_ws/install/prak_msgs/include/prak_msgs/prak_msgs/msg/detail/robot_state__struct.h
[1.566s] -- Up-to-date symlink: /home/robprakt2/beer_ws/install/prak_msgs/include/prak_msgs/prak_msgs/msg/detail/robot_state__type_support.h
[1.566s] -- Up-to-date symlink: /home/robprakt2/beer_ws/install/prak_msgs/include/prak_msgs/prak_msgs/msg/joint_state.h
[1.567s] -- Up-to-date symlink: /home/robprakt2/beer_ws/install/prak_msgs/include/prak_msgs/prak_msgs/msg/joint_state_stamped.h
[1.567s] -- Up-to-date symlink: /home/robprakt2/beer_ws/install/prak_msgs/include/prak_msgs/prak_msgs/msg/robot_state.h
[1.567s] -- Up-to-date symlink: /home/robprakt2/beer_ws/install/prak_msgs/include/prak_msgs/prak_msgs/msg/rosidl_generator_c__visibility_control.h
[1.567s] -- Up-to-date symlink: /home/robprakt2/beer_ws/install/prak_msgs/share/prak_msgs/environment/library_path.sh
[1.567s] -- Up-to-date symlink: /home/robprakt2/beer_ws/install/prak_msgs/share/prak_msgs/environment/library_path.dsv
[1.567s] -- Up-to-date symlink: /home/robprakt2/beer_ws/install/prak_msgs/include/prak_msgs/prak_msgs/action/detail/actuator_command__rosidl_typesupport_fastrtps_c.h
[1.567s] -- Up-to-date symlink: /home/robprakt2/beer_ws/install/prak_msgs/include/prak_msgs/prak_msgs/msg/detail/actuator_request__rosidl_typesupport_fastrtps_c.h
[1.567s] -- Up-to-date symlink: /home/robprakt2/beer_ws/install/prak_msgs/include/prak_msgs/prak_msgs/msg/detail/joint_state__rosidl_typesupport_fastrtps_c.h
[1.567s] -- Up-to-date symlink: /home/robprakt2/beer_ws/install/prak_msgs/include/prak_msgs/prak_msgs/msg/detail/joint_state_stamped__rosidl_typesupport_fastrtps_c.h
[1.567s] -- Up-to-date symlink: /home/robprakt2/beer_ws/install/prak_msgs/include/prak_msgs/prak_msgs/msg/detail/robot_state__rosidl_typesupport_fastrtps_c.h
[1.567s] -- Up-to-date symlink: /home/robprakt2/beer_ws/install/prak_msgs/include/prak_msgs/prak_msgs/msg/rosidl_typesupport_fastrtps_c__visibility_control.h
[1.568s] -- Up-to-date symlink: /home/robprakt2/beer_ws/install/prak_msgs/include/prak_msgs/prak_msgs/action/actuator_command.hpp
[1.568s] -- Up-to-date symlink: /home/robprakt2/beer_ws/install/prak_msgs/include/prak_msgs/prak_msgs/action/detail/actuator_command__builder.hpp
[1.568s] -- Up-to-date symlink: /home/robprakt2/beer_ws/install/prak_msgs/include/prak_msgs/prak_msgs/action/detail/actuator_command__struct.hpp
[1.568s] -- Up-to-date symlink: /home/robprakt2/beer_ws/install/prak_msgs/include/prak_msgs/prak_msgs/action/detail/actuator_command__traits.hpp
[1.568s] -- Up-to-date symlink: /home/robprakt2/beer_ws/install/prak_msgs/include/prak_msgs/prak_msgs/action/detail/actuator_command__type_support.hpp
[1.568s] -- Up-to-date symlink: /home/robprakt2/beer_ws/install/prak_msgs/include/prak_msgs/prak_msgs/msg/actuator_request.hpp
[1.568s] -- Up-to-date symlink: /home/robprakt2/beer_ws/install/prak_msgs/include/prak_msgs/prak_msgs/msg/detail/actuator_request__builder.hpp
[1.568s] -- Up-to-date symlink: /home/robprakt2/beer_ws/install/prak_msgs/include/prak_msgs/prak_msgs/msg/detail/actuator_request__struct.hpp
[1.568s] -- Up-to-date symlink: /home/robprakt2/beer_ws/install/prak_msgs/include/prak_msgs/prak_msgs/msg/detail/actuator_request__traits.hpp
[1.568s] -- Up-to-date symlink: /home/robprakt2/beer_ws/install/prak_msgs/include/prak_msgs/prak_msgs/msg/detail/actuator_request__type_support.hpp
[1.568s] -- Up-to-date symlink: /home/robprakt2/beer_ws/install/prak_msgs/include/prak_msgs/prak_msgs/msg/detail/joint_state__builder.hpp
[1.568s] -- Up-to-date symlink: /home/robprakt2/beer_ws/install/prak_msgs/include/prak_msgs/prak_msgs/msg/detail/joint_state__struct.hpp
[1.568s] -- Up-to-date symlink: /home/robprakt2/beer_ws/install/prak_msgs/include/prak_msgs/prak_msgs/msg/detail/joint_state__traits.hpp
[1.568s] -- Up-to-date symlink: /home/robprakt2/beer_ws/install/prak_msgs/include/prak_msgs/prak_msgs/msg/detail/joint_state__type_support.hpp
[1.568s] -- Up-to-date symlink: /home/robprakt2/beer_ws/install/prak_msgs/include/prak_msgs/prak_msgs/msg/detail/joint_state_stamped__builder.hpp
[1.568s] -- Up-to-date symlink: /home/robprakt2/beer_ws/install/prak_msgs/include/prak_msgs/prak_msgs/msg/detail/joint_state_stamped__struct.hpp
[1.569s] -- Up-to-date symlink: /home/robprakt2/beer_ws/install/prak_msgs/include/prak_msgs/prak_msgs/msg/detail/joint_state_stamped__traits.hpp
[1.569s] -- Up-to-date symlink: /home/robprakt2/beer_ws/install/prak_msgs/include/prak_msgs/prak_msgs/msg/detail/joint_state_stamped__type_support.hpp
[1.569s] -- Up-to-date symlink: /home/robprakt2/beer_ws/install/prak_msgs/include/prak_msgs/prak_msgs/msg/detail/robot_state__builder.hpp
[1.569s] -- Up-to-date symlink: /home/robprakt2/beer_ws/install/prak_msgs/include/prak_msgs/prak_msgs/msg/detail/robot_state__struct.hpp
[1.569s] -- Up-to-date symlink: /home/robprakt2/beer_ws/install/prak_msgs/include/prak_msgs/prak_msgs/msg/detail/robot_state__traits.hpp
[1.569s] -- Up-to-date symlink: /home/robprakt2/beer_ws/install/prak_msgs/include/prak_msgs/prak_msgs/msg/detail/robot_state__type_support.hpp
[1.569s] -- Up-to-date symlink: /home/robprakt2/beer_ws/install/prak_msgs/include/prak_msgs/prak_msgs/msg/joint_state.hpp
[1.569s] -- Up-to-date symlink: /home/robprakt2/beer_ws/install/prak_msgs/include/prak_msgs/prak_msgs/msg/joint_state_stamped.hpp
[1.569s] -- Up-to-date symlink: /home/robprakt2/beer_ws/install/prak_msgs/include/prak_msgs/prak_msgs/msg/robot_state.hpp
[1.569s] -- Up-to-date symlink: /home/robprakt2/beer_ws/install/prak_msgs/include/prak_msgs/prak_msgs/msg/rosidl_generator_cpp__visibility_control.hpp
[1.569s] -- Up-to-date symlink: /home/robprakt2/beer_ws/install/prak_msgs/include/prak_msgs/prak_msgs/action/detail/actuator_command__rosidl_typesupport_fastrtps_cpp.hpp
[1.569s] -- Up-to-date symlink: /home/robprakt2/beer_ws/install/prak_msgs/include/prak_msgs/prak_msgs/msg/detail/actuator_request__rosidl_typesupport_fastrtps_cpp.hpp
[1.569s] -- Up-to-date symlink: /home/robprakt2/beer_ws/install/prak_msgs/include/prak_msgs/prak_msgs/msg/detail/joint_state__rosidl_typesupport_fastrtps_cpp.hpp
[1.569s] -- Up-to-date symlink: /home/robprakt2/beer_ws/install/prak_msgs/include/prak_msgs/prak_msgs/msg/detail/joint_state_stamped__rosidl_typesupport_fastrtps_cpp.hpp
[1.569s] -- Up-to-date symlink: /home/robprakt2/beer_ws/install/prak_msgs/include/prak_msgs/prak_msgs/msg/detail/robot_state__rosidl_typesupport_fastrtps_cpp.hpp
[1.570s] -- Up-to-date symlink: /home/robprakt2/beer_ws/install/prak_msgs/include/prak_msgs/prak_msgs/msg/rosidl_typesupport_fastrtps_cpp__visibility_control.h
[1.570s] -- Up-to-date symlink: /home/robprakt2/beer_ws/install/prak_msgs/include/prak_msgs/prak_msgs/action/detail/actuator_command__rosidl_typesupport_introspection_c.h
[1.570s] -- Up-to-date symlink: /home/robprakt2/beer_ws/install/prak_msgs/include/prak_msgs/prak_msgs/msg/detail/actuator_request__rosidl_typesupport_introspection_c.h
[1.570s] -- Up-to-date symlink: /home/robprakt2/beer_ws/install/prak_msgs/include/prak_msgs/prak_msgs/msg/detail/joint_state__rosidl_typesupport_introspection_c.h
[1.570s] -- Up-to-date symlink: /home/robprakt2/beer_ws/install/prak_msgs/include/prak_msgs/prak_msgs/msg/detail/joint_state_stamped__rosidl_typesupport_introspection_c.h
[1.570s] -- Up-to-date symlink: /home/robprakt2/beer_ws/install/prak_msgs/include/prak_msgs/prak_msgs/msg/detail/robot_state__rosidl_typesupport_introspection_c.h
[1.570s] -- Up-to-date symlink: /home/robprakt2/beer_ws/install/prak_msgs/include/prak_msgs/prak_msgs/msg/rosidl_typesupport_introspection_c__visibility_control.h
[1.570s] -- Up-to-date symlink: /home/robprakt2/beer_ws/install/prak_msgs/include/prak_msgs/prak_msgs/action/detail/actuator_command__rosidl_typesupport_introspection_cpp.hpp
[1.570s] -- Up-to-date symlink: /home/robprakt2/beer_ws/install/prak_msgs/include/prak_msgs/prak_msgs/msg/detail/actuator_request__rosidl_typesupport_introspection_cpp.hpp
[1.570s] -- Up-to-date symlink: /home/robprakt2/beer_ws/install/prak_msgs/include/prak_msgs/prak_msgs/msg/detail/joint_state__rosidl_typesupport_introspection_cpp.hpp
[1.570s] -- Up-to-date symlink: /home/robprakt2/beer_ws/install/prak_msgs/include/prak_msgs/prak_msgs/msg/detail/joint_state_stamped__rosidl_typesupport_introspection_cpp.hpp
[1.570s] -- Up-to-date symlink: /home/robprakt2/beer_ws/install/prak_msgs/include/prak_msgs/prak_msgs/msg/detail/robot_state__rosidl_typesupport_introspection_cpp.hpp
[1.571s] -- Up-to-date symlink: /home/robprakt2/beer_ws/install/prak_msgs/share/prak_msgs/environment/pythonpath.sh
[1.571s] -- Up-to-date symlink: /home/robprakt2/beer_ws/install/prak_msgs/share/prak_msgs/environment/pythonpath.dsv
[1.571s] -- Up-to-date symlink: /home/robprakt2/beer_ws/install/prak_msgs/lib/python3.12/site-packages/prak_msgs-0.0.0-py3.12.egg-info/PKG-INFO
[1.571s] -- Up-to-date symlink: /home/robprakt2/beer_ws/install/prak_msgs/lib/python3.12/site-packages/prak_msgs-0.0.0-py3.12.egg-info/SOURCES.txt
[1.571s] -- Up-to-date symlink: /home/robprakt2/beer_ws/install/prak_msgs/lib/python3.12/site-packages/prak_msgs-0.0.0-py3.12.egg-info/dependency_links.txt
[1.571s] -- Up-to-date symlink: /home/robprakt2/beer_ws/install/prak_msgs/lib/python3.12/site-packages/prak_msgs-0.0.0-py3.12.egg-info/top_level.txt
[1.571s] -- Up-to-date symlink: /home/robprakt2/beer_ws/install/prak_msgs/lib/python3.12/site-packages/prak_msgs/__init__.py
[1.571s] -- Up-to-date symlink: /home/robprakt2/beer_ws/install/prak_msgs/lib/python3.12/site-packages/prak_msgs/_prak_msgs_s.ep.rosidl_typesupport_c.c
[1.571s] -- Up-to-date symlink: /home/robprakt2/beer_ws/install/prak_msgs/lib/python3.12/site-packages/prak_msgs/_prak_msgs_s.ep.rosidl_typesupport_fastrtps_c.c
[1.571s] -- Up-to-date symlink: /home/robprakt2/beer_ws/install/prak_msgs/lib/python3.12/site-packages/prak_msgs/_prak_msgs_s.ep.rosidl_typesupport_introspection_c.c
[1.571s] -- Up-to-date symlink: /home/robprakt2/beer_ws/install/prak_msgs/lib/python3.12/site-packages/prak_msgs/action/__init__.py
[1.572s] -- Up-to-date symlink: /home/robprakt2/beer_ws/install/prak_msgs/lib/python3.12/site-packages/prak_msgs/action/_actuator_command.py
[1.572s] -- Up-to-date symlink: /home/robprakt2/beer_ws/install/prak_msgs/lib/python3.12/site-packages/prak_msgs/action/_actuator_command_s.c
[1.572s] -- Up-to-date symlink: /home/robprakt2/beer_ws/install/prak_msgs/lib/python3.12/site-packages/prak_msgs/msg/__init__.py
[1.572s] -- Up-to-date symlink: /home/robprakt2/beer_ws/install/prak_msgs/lib/python3.12/site-packages/prak_msgs/msg/_actuator_request.py
[1.572s] -- Up-to-date symlink: /home/robprakt2/beer_ws/install/prak_msgs/lib/python3.12/site-packages/prak_msgs/msg/_actuator_request_s.c
[1.572s] -- Up-to-date symlink: /home/robprakt2/beer_ws/install/prak_msgs/lib/python3.12/site-packages/prak_msgs/msg/_joint_state.py
[1.572s] -- Up-to-date symlink: /home/robprakt2/beer_ws/install/prak_msgs/lib/python3.12/site-packages/prak_msgs/msg/_joint_state_s.c
[1.572s] -- Up-to-date symlink: /home/robprakt2/beer_ws/install/prak_msgs/lib/python3.12/site-packages/prak_msgs/msg/_joint_state_stamped.py
[1.572s] -- Up-to-date symlink: /home/robprakt2/beer_ws/install/prak_msgs/lib/python3.12/site-packages/prak_msgs/msg/_joint_state_stamped_s.c
[1.572s] -- Up-to-date symlink: /home/robprakt2/beer_ws/install/prak_msgs/lib/python3.12/site-packages/prak_msgs/msg/_robot_state.py
[1.572s] -- Up-to-date symlink: /home/robprakt2/beer_ws/install/prak_msgs/lib/python3.12/site-packages/prak_msgs/msg/_robot_state_s.c
[1.572s] -- Up-to-date symlink: /home/robprakt2/beer_ws/install/prak_msgs/lib/python3.12/site-packages/prak_msgs/prak_msgs_s__rosidl_typesupport_c.so
[1.572s] -- Up-to-date symlink: /home/robprakt2/beer_ws/install/prak_msgs/lib/python3.12/site-packages/prak_msgs/prak_msgs_s__rosidl_typesupport_fastrtps_c.so
[1.572s] -- Up-to-date symlink: /home/robprakt2/beer_ws/install/prak_msgs/lib/python3.12/site-packages/prak_msgs/prak_msgs_s__rosidl_typesupport_introspection_c.so
[1.572s] -- Up-to-date symlink: /home/robprakt2/beer_ws/install/prak_msgs/lib/python3.12/site-packages/prak_msgs/prak_msgs_s__rosidl_typesupport_fastrtps_c.so
[1.573s] -- Up-to-date symlink: /home/robprakt2/beer_ws/install/prak_msgs/lib/python3.12/site-packages/prak_msgs/prak_msgs_s__rosidl_typesupport_introspection_c.so
[1.573s] -- Up-to-date symlink: /home/robprakt2/beer_ws/install/prak_msgs/lib/python3.12/site-packages/prak_msgs/prak_msgs_s__rosidl_typesupport_c.so
[1.573s] -- Up-to-date symlink: /home/robprakt2/beer_ws/install/prak_msgs/share/prak_msgs/msg/JointState.idl
[1.573s] -- Up-to-date symlink: /home/robprakt2/beer_ws/install/prak_msgs/share/prak_msgs/msg/JointStateStamped.idl
[1.573s] -- Up-to-date symlink: /home/robprakt2/beer_ws/install/prak_msgs/share/prak_msgs/msg/RobotState.idl
[1.573s] -- Up-to-date symlink: /home/robprakt2/beer_ws/install/prak_msgs/share/prak_msgs/msg/ActuatorRequest.idl
[1.573s] -- Up-to-date symlink: /home/robprakt2/beer_ws/install/prak_msgs/share/prak_msgs/action/ActuatorCommand.idl
[1.573s] -- Up-to-date symlink: /home/robprakt2/beer_ws/install/prak_msgs/share/prak_msgs/msg/JointState.msg
[1.573s] -- Up-to-date symlink: /home/robprakt2/beer_ws/install/prak_msgs/share/prak_msgs/msg/JointStateStamped.msg
[1.573s] -- Up-to-date symlink: /home/robprakt2/beer_ws/install/prak_msgs/share/prak_msgs/msg/RobotState.msg
[1.574s] -- Up-to-date symlink: /home/robprakt2/beer_ws/install/prak_msgs/share/prak_msgs/msg/ActuatorRequest.msg
[1.574s] -- Up-to-date symlink: /home/robprakt2/beer_ws/install/prak_msgs/share/prak_msgs/action/ActuatorCommand.action
[1.574s] -- Up-to-date symlink: /home/robprakt2/beer_ws/install/prak_msgs/share/ament_index/resource_index/package_run_dependencies/prak_msgs
[1.574s] -- Up-to-date symlink: /home/robprakt2/beer_ws/install/prak_msgs/share/ament_index/resource_index/parent_prefix_path/prak_msgs
[1.574s] -- Up-to-date symlink: /home/robprakt2/beer_ws/install/prak_msgs/share/prak_msgs/environment/ament_prefix_path.sh
[1.574s] -- Up-to-date symlink: /home/robprakt2/beer_ws/install/prak_msgs/share/prak_msgs/environment/ament_prefix_path.dsv
[1.574s] -- Up-to-date symlink: /home/robprakt2/beer_ws/install/prak_msgs/share/prak_msgs/environment/path.sh
[1.574s] -- Up-to-date symlink: /home/robprakt2/beer_ws/install/prak_msgs/share/prak_msgs/environment/path.dsv
[1.574s] -- Up-to-date symlink: /home/robprakt2/beer_ws/install/prak_msgs/share/prak_msgs/local_setup.bash
[1.574s] -- Up-to-date symlink: /home/robprakt2/beer_ws/install/prak_msgs/share/prak_msgs/local_setup.sh
[1.574s] -- Up-to-date symlink: /home/robprakt2/beer_ws/install/prak_msgs/share/prak_msgs/local_setup.zsh
[1.575s] -- Up-to-date symlink: /home/robprakt2/beer_ws/install/prak_msgs/share/prak_msgs/local_setup.dsv
[1.575s] -- Symlinking: /home/robprakt2/beer_ws/install/prak_msgs/share/prak_msgs/package.dsv
[1.582s] -- Up-to-date symlink: /home/robprakt2/beer_ws/install/prak_msgs/share/ament_index/resource_index/packages/prak_msgs
[1.582s] -- Up-to-date symlink: /home/robprakt2/beer_ws/install/prak_msgs/share/prak_msgs/cmake/rosidl_cmake-extras.cmake
[1.582s] -- Up-to-date symlink: /home/robprakt2/beer_ws/install/prak_msgs/share/prak_msgs/cmake/ament_cmake_export_dependencies-extras.cmake
[1.582s] -- Up-to-date symlink: /home/robprakt2/beer_ws/install/prak_msgs/share/prak_msgs/cmake/ament_cmake_export_include_directories-extras.cmake
[1.582s] -- Up-to-date symlink: /home/robprakt2/beer_ws/install/prak_msgs/share/prak_msgs/cmake/ament_cmake_export_libraries-extras.cmake
[1.582s] -- Up-to-date symlink: /home/robprakt2/beer_ws/install/prak_msgs/share/prak_msgs/cmake/ament_cmake_export_targets-extras.cmake
[1.582s] -- Up-to-date symlink: /home/robprakt2/beer_ws/install/prak_msgs/share/prak_msgs/cmake/rosidl_cmake_export_typesupport_targets-extras.cmake
[1.582s] -- Up-to-date symlink: /home/robprakt2/beer_ws/install/prak_msgs/share/prak_msgs/cmake/rosidl_cmake_export_typesupport_libraries-extras.cmake
[1.582s] -- Up-to-date symlink: /home/robprakt2/beer_ws/install/prak_msgs/share/prak_msgs/cmake/prak_msgsConfig.cmake
[1.582s] -- Up-to-date symlink: /home/robprakt2/beer_ws/install/prak_msgs/share/prak_msgs/cmake/prak_msgsConfig-version.cmake
[1.583s] -- Up-to-date symlink: /home/robprakt2/beer_ws/install/prak_msgs/share/prak_msgs/package.xml
[1.583s] -- Up-to-date: /home/robprakt2/beer_ws/install/prak_msgs/lib/libprak_msgs__rosidl_generator_c.so
[1.584s] -- Up-to-date: /home/robprakt2/beer_ws/install/prak_msgs/lib/libprak_msgs__rosidl_typesupport_fastrtps_c.so
[1.584s] -- Up-to-date: /home/robprakt2/beer_ws/install/prak_msgs/lib/libprak_msgs__rosidl_typesupport_fastrtps_cpp.so
[1.584s] -- Up-to-date: /home/robprakt2/beer_ws/install/prak_msgs/lib/libprak_msgs__rosidl_typesupport_introspection_c.so
[1.585s] -- Up-to-date: /home/robprakt2/beer_ws/install/prak_msgs/lib/libprak_msgs__rosidl_typesupport_c.so
[1.585s] -- Up-to-date: /home/robprakt2/beer_ws/install/prak_msgs/lib/libprak_msgs__rosidl_typesupport_introspection_cpp.so
[1.586s] -- Up-to-date: /home/robprakt2/beer_ws/install/prak_msgs/lib/libprak_msgs__rosidl_typesupport_cpp.so
[1.613s] Listing '/home/robprakt2/beer_ws/install/prak_msgs/lib/python3.12/site-packages/prak_msgs'...
[1.613s] Compiling '/home/robprakt2/beer_ws/install/prak_msgs/lib/python3.12/site-packages/prak_msgs/__init__.py'...
[1.613s] Listing '/home/robprakt2/beer_ws/install/prak_msgs/lib/python3.12/site-packages/prak_msgs/action'...
[1.613s] Listing '/home/robprakt2/beer_ws/install/prak_msgs/lib/python3.12/site-packages/prak_msgs/msg'...
[1.617s] -- Up-to-date: /home/robprakt2/beer_ws/install/prak_msgs/lib/libprak_msgs__rosidl_generator_py.so
[1.617s] -- Up-to-date: /home/robprakt2/beer_ws/install/prak_msgs/share/prak_msgs/cmake/export_prak_msgs__rosidl_generator_cExport.cmake
[1.617s] -- Up-to-date: /home/robprakt2/beer_ws/install/prak_msgs/share/prak_msgs/cmake/export_prak_msgs__rosidl_generator_cExport-noconfig.cmake
[1.617s] -- Up-to-date: /home/robprakt2/beer_ws/install/prak_msgs/share/prak_msgs/cmake/export_prak_msgs__rosidl_typesupport_fastrtps_cExport.cmake
[1.617s] -- Up-to-date: /home/robprakt2/beer_ws/install/prak_msgs/share/prak_msgs/cmake/export_prak_msgs__rosidl_typesupport_fastrtps_cExport-noconfig.cmake
[1.617s] -- Up-to-date: /home/robprakt2/beer_ws/install/prak_msgs/share/prak_msgs/cmake/export_prak_msgs__rosidl_generator_cppExport.cmake
[1.617s] -- Up-to-date: /home/robprakt2/beer_ws/install/prak_msgs/share/prak_msgs/cmake/export_prak_msgs__rosidl_typesupport_fastrtps_cppExport.cmake
[1.617s] -- Up-to-date: /home/robprakt2/beer_ws/install/prak_msgs/share/prak_msgs/cmake/export_prak_msgs__rosidl_typesupport_fastrtps_cppExport-noconfig.cmake
[1.618s] -- Up-to-date: /home/robprakt2/beer_ws/install/prak_msgs/share/prak_msgs/cmake/prak_msgs__rosidl_typesupport_introspection_cExport.cmake
[1.618s] -- Up-to-date: /home/robprakt2/beer_ws/install/prak_msgs/share/prak_msgs/cmake/prak_msgs__rosidl_typesupport_introspection_cExport-noconfig.cmake
[1.618s] -- Up-to-date: /home/robprakt2/beer_ws/install/prak_msgs/share/prak_msgs/cmake/prak_msgs__rosidl_typesupport_cExport.cmake
[1.618s] -- Up-to-date: /home/robprakt2/beer_ws/install/prak_msgs/share/prak_msgs/cmake/prak_msgs__rosidl_typesupport_cExport-noconfig.cmake
[1.618s] -- Up-to-date: /home/robprakt2/beer_ws/install/prak_msgs/share/prak_msgs/cmake/prak_msgs__rosidl_typesupport_introspection_cppExport.cmake
[1.618s] -- Up-to-date: /home/robprakt2/beer_ws/install/prak_msgs/share/prak_msgs/cmake/prak_msgs__rosidl_typesupport_introspection_cppExport-noconfig.cmake
[1.618s] -- Up-to-date: /home/robprakt2/beer_ws/install/prak_msgs/share/prak_msgs/cmake/prak_msgs__rosidl_typesupport_cppExport.cmake
[1.618s] -- Up-to-date: /home/robprakt2/beer_ws/install/prak_msgs/share/prak_msgs/cmake/prak_msgs__rosidl_typesupport_cppExport-noconfig.cmake
[1.618s] -- Up-to-date: /home/robprakt2/beer_ws/install/prak_msgs/share/prak_msgs/cmake/export_prak_msgs__rosidl_generator_pyExport.cmake
[1.618s] -- Up-to-date: /home/robprakt2/beer_ws/install/prak_msgs/share/prak_msgs/cmake/export_prak_msgs__rosidl_generator_pyExport-noconfig.cmake
[1.620s] Invoked command in '/home/robprakt2/beer_ws/build/prak_msgs' returned '0': CMAKE_PREFIX_PATH=${CMAKE_PREFIX_PATH}:/home/robprakt2/ws_moveit/install/moveit_configs_utils:/home/robprakt2/ws_moveit/install/RobPrakTEI:/opt/ros/kilted DEBUGINFOD_URLS=https://debuginfod.ubuntu.com /usr/bin/cmake --install /home/robprakt2/beer_ws/build/prak_msgs
