[0.073s] DEBUG:colcon:Command line arguments: ['/usr/bin/colcon', 'build']
[0.073s] DEBUG:colcon:Parsed command line arguments: Namespace(log_base=None, log_level=None, verb_name='build', build_base='build', install_base='install', merge_install=False, symlink_install=False, test_result_base=None, continue_on_error=False, executor='parallel', parallel_workers=12, event_handlers=None, ignore_user_meta=False, metas=['./colcon.meta'], base_paths=['.'], packages_ignore=None, packages_ignore_regex=None, paths=None, packages_up_to=None, packages_up_to_regex=None, packages_above=None, packages_above_and_dependencies=None, packages_above_depth=None, packages_select_by_dep=None, packages_skip_by_dep=None, packages_skip_up_to=None, packages_select_build_failed=False, packages_skip_build_finished=False, packages_select_test_failures=False, packages_skip_test_passed=False, packages_select=None, packages_skip=None, packages_select_regex=None, packages_skip_regex=None, packages_start=None, packages_end=None, allow_overriding=[], cmake_args=None, cmake_target=None, cmake_target_skip_unavailable=False, cmake_clean_cache=False, cmake_clean_first=False, cmake_force_configure=False, ament_cmake_args=None, catkin_cmake_args=None, catkin_skip_building_tests=False, mixin_files=None, mixin=None, verb_parser=<colcon_mixin.mixin.mixin_argument.MixinArgumentDecorator object at 0x7b7c08fce240>, verb_extension=<colcon_core.verb.build.BuildVerb object at 0x7b7c08fcdfa0>, main=<bound method BuildVerb.main of <colcon_core.verb.build.BuildVerb object at 0x7b7c08fcdfa0>>, mixin_verb=('build',))
[0.096s] Level 1:colcon.colcon_core.package_discovery:discover_packages(colcon_meta) check parameters
[0.097s] Level 1:colcon.colcon_core.package_discovery:discover_packages(recursive) check parameters
[0.097s] Level 1:colcon.colcon_core.package_discovery:discover_packages(ignore) check parameters
[0.097s] Level 1:colcon.colcon_core.package_discovery:discover_packages(path) check parameters
[0.097s] Level 1:colcon.colcon_core.package_discovery:discover_packages(colcon_meta) discover
[0.097s] Level 1:colcon.colcon_core.package_discovery:discover_packages(recursive) discover
[0.097s] INFO:colcon.colcon_core.package_discovery:Crawling recursively for packages in '/home/robprakt2/beer_ws'
[0.097s] Level 1:colcon.colcon_core.package_identification:_identify(.) by extensions ['ignore', 'ignore_ament_install']
[0.097s] Level 1:colcon.colcon_core.package_identification:_identify(.) by extension 'ignore'
[0.097s] Level 1:colcon.colcon_core.package_identification:_identify(.) by extension 'ignore_ament_install'
[0.097s] Level 1:colcon.colcon_core.package_identification:_identify(.) by extensions ['colcon_pkg']
[0.097s] Level 1:colcon.colcon_core.package_identification:_identify(.) by extension 'colcon_pkg'
[0.097s] Level 1:colcon.colcon_core.package_identification:_identify(.) by extensions ['colcon_meta']
[0.097s] Level 1:colcon.colcon_core.package_identification:_identify(.) by extension 'colcon_meta'
[0.097s] Level 1:colcon.colcon_core.package_identification:_identify(.) by extensions ['ros']
[0.097s] Level 1:colcon.colcon_core.package_identification:_identify(.) by extension 'ros'
[0.113s] Level 1:colcon.colcon_core.package_identification:_identify(.) by extensions ['cmake', 'python']
[0.113s] Level 1:colcon.colcon_core.package_identification:_identify(.) by extension 'cmake'
[0.113s] Level 1:colcon.colcon_core.package_identification:_identify(.) by extension 'python'
[0.113s] Level 1:colcon.colcon_core.package_identification:_identify(.) by extensions ['python_setup_py']
[0.113s] Level 1:colcon.colcon_core.package_identification:_identify(.) by extension 'python_setup_py'
[0.114s] Level 1:colcon.colcon_core.package_identification:_identify(build) by extensions ['ignore', 'ignore_ament_install']
[0.114s] Level 1:colcon.colcon_core.package_identification:_identify(build) by extension 'ignore'
[0.114s] Level 1:colcon.colcon_core.package_identification:_identify(build) ignored
[0.114s] Level 1:colcon.colcon_core.package_identification:_identify(install) by extensions ['ignore', 'ignore_ament_install']
[0.114s] Level 1:colcon.colcon_core.package_identification:_identify(install) by extension 'ignore'
[0.114s] Level 1:colcon.colcon_core.package_identification:_identify(install) ignored
[0.114s] Level 1:colcon.colcon_core.package_identification:_identify(log) by extensions ['ignore', 'ignore_ament_install']
[0.114s] Level 1:colcon.colcon_core.package_identification:_identify(log) by extension 'ignore'
[0.114s] Level 1:colcon.colcon_core.package_identification:_identify(log) ignored
[0.114s] Level 1:colcon.colcon_core.package_identification:_identify(src) by extensions ['ignore', 'ignore_ament_install']
[0.114s] Level 1:colcon.colcon_core.package_identification:_identify(src) by extension 'ignore'
[0.114s] Level 1:colcon.colcon_core.package_identification:_identify(src) by extension 'ignore_ament_install'
[0.114s] Level 1:colcon.colcon_core.package_identification:_identify(src) by extensions ['colcon_pkg']
[0.114s] Level 1:colcon.colcon_core.package_identification:_identify(src) by extension 'colcon_pkg'
[0.114s] Level 1:colcon.colcon_core.package_identification:_identify(src) by extensions ['colcon_meta']
[0.114s] Level 1:colcon.colcon_core.package_identification:_identify(src) by extension 'colcon_meta'
[0.114s] Level 1:colcon.colcon_core.package_identification:_identify(src) by extensions ['ros']
[0.114s] Level 1:colcon.colcon_core.package_identification:_identify(src) by extension 'ros'
[0.114s] Level 1:colcon.colcon_core.package_identification:_identify(src) by extensions ['cmake', 'python']
[0.114s] Level 1:colcon.colcon_core.package_identification:_identify(src) by extension 'cmake'
[0.114s] Level 1:colcon.colcon_core.package_identification:_identify(src) by extension 'python'
[0.114s] Level 1:colcon.colcon_core.package_identification:_identify(src) by extensions ['python_setup_py']
[0.114s] Level 1:colcon.colcon_core.package_identification:_identify(src) by extension 'python_setup_py'
[0.114s] Level 1:colcon.colcon_core.package_identification:_identify(src/driver_cpp) by extensions ['ignore', 'ignore_ament_install']
[0.114s] Level 1:colcon.colcon_core.package_identification:_identify(src/driver_cpp) by extension 'ignore'
[0.114s] Level 1:colcon.colcon_core.package_identification:_identify(src/driver_cpp) by extension 'ignore_ament_install'
[0.114s] Level 1:colcon.colcon_core.package_identification:_identify(src/driver_cpp) by extensions ['colcon_pkg']
[0.114s] Level 1:colcon.colcon_core.package_identification:_identify(src/driver_cpp) by extension 'colcon_pkg'
[0.114s] Level 1:colcon.colcon_core.package_identification:_identify(src/driver_cpp) by extensions ['colcon_meta']
[0.114s] Level 1:colcon.colcon_core.package_identification:_identify(src/driver_cpp) by extension 'colcon_meta'
[0.114s] Level 1:colcon.colcon_core.package_identification:_identify(src/driver_cpp) by extensions ['ros']
[0.115s] Level 1:colcon.colcon_core.package_identification:_identify(src/driver_cpp) by extension 'ros'
[0.116s] DEBUG:colcon.colcon_core.package_identification:Package 'src/driver_cpp' with type 'ros.ament_cmake' and name 'driver_cpp'
[0.116s] Level 1:colcon.colcon_core.package_identification:_identify(src/hand_eye_calib_py) by extensions ['ignore', 'ignore_ament_install']
[0.116s] Level 1:colcon.colcon_core.package_identification:_identify(src/hand_eye_calib_py) by extension 'ignore'
[0.116s] Level 1:colcon.colcon_core.package_identification:_identify(src/hand_eye_calib_py) by extension 'ignore_ament_install'
[0.116s] Level 1:colcon.colcon_core.package_identification:_identify(src/hand_eye_calib_py) by extensions ['colcon_pkg']
[0.116s] Level 1:colcon.colcon_core.package_identification:_identify(src/hand_eye_calib_py) by extension 'colcon_pkg'
[0.116s] Level 1:colcon.colcon_core.package_identification:_identify(src/hand_eye_calib_py) by extensions ['colcon_meta']
[0.116s] Level 1:colcon.colcon_core.package_identification:_identify(src/hand_eye_calib_py) by extension 'colcon_meta'
[0.116s] Level 1:colcon.colcon_core.package_identification:_identify(src/hand_eye_calib_py) by extensions ['ros']
[0.117s] Level 1:colcon.colcon_core.package_identification:_identify(src/hand_eye_calib_py) by extension 'ros'
[0.117s] DEBUG:colcon.colcon_core.package_identification:Package 'src/hand_eye_calib_py' with type 'ros.ament_python' and name 'hand_eye_calib_py'
[0.117s] Level 1:colcon.colcon_core.package_identification:_identify(src/master_py) by extensions ['ignore', 'ignore_ament_install']
[0.117s] Level 1:colcon.colcon_core.package_identification:_identify(src/master_py) by extension 'ignore'
[0.117s] Level 1:colcon.colcon_core.package_identification:_identify(src/master_py) by extension 'ignore_ament_install'
[0.117s] Level 1:colcon.colcon_core.package_identification:_identify(src/master_py) by extensions ['colcon_pkg']
[0.117s] Level 1:colcon.colcon_core.package_identification:_identify(src/master_py) by extension 'colcon_pkg'
[0.117s] Level 1:colcon.colcon_core.package_identification:_identify(src/master_py) by extensions ['colcon_meta']
[0.117s] Level 1:colcon.colcon_core.package_identification:_identify(src/master_py) by extension 'colcon_meta'
[0.117s] Level 1:colcon.colcon_core.package_identification:_identify(src/master_py) by extensions ['ros']
[0.117s] Level 1:colcon.colcon_core.package_identification:_identify(src/master_py) by extension 'ros'
[0.117s] DEBUG:colcon.colcon_core.package_identification:Package 'src/master_py' with type 'ros.ament_python' and name 'master_py'
[0.117s] Level 1:colcon.colcon_core.package_identification:_identify(src/planner_py) by extensions ['ignore', 'ignore_ament_install']
[0.117s] Level 1:colcon.colcon_core.package_identification:_identify(src/planner_py) by extension 'ignore'
[0.118s] Level 1:colcon.colcon_core.package_identification:_identify(src/planner_py) by extension 'ignore_ament_install'
[0.118s] Level 1:colcon.colcon_core.package_identification:_identify(src/planner_py) by extensions ['colcon_pkg']
[0.118s] Level 1:colcon.colcon_core.package_identification:_identify(src/planner_py) by extension 'colcon_pkg'
[0.118s] Level 1:colcon.colcon_core.package_identification:_identify(src/planner_py) by extensions ['colcon_meta']
[0.118s] Level 1:colcon.colcon_core.package_identification:_identify(src/planner_py) by extension 'colcon_meta'
[0.118s] Level 1:colcon.colcon_core.package_identification:_identify(src/planner_py) by extensions ['ros']
[0.118s] Level 1:colcon.colcon_core.package_identification:_identify(src/planner_py) by extension 'ros'
[0.118s] DEBUG:colcon.colcon_core.package_identification:Package 'src/planner_py' with type 'ros.ament_python' and name 'planner_py'
[0.118s] Level 1:colcon.colcon_core.package_identification:_identify(src/prak_msgs) by extensions ['ignore', 'ignore_ament_install']
[0.118s] Level 1:colcon.colcon_core.package_identification:_identify(src/prak_msgs) by extension 'ignore'
[0.118s] Level 1:colcon.colcon_core.package_identification:_identify(src/prak_msgs) by extension 'ignore_ament_install'
[0.118s] Level 1:colcon.colcon_core.package_identification:_identify(src/prak_msgs) by extensions ['colcon_pkg']
[0.118s] Level 1:colcon.colcon_core.package_identification:_identify(src/prak_msgs) by extension 'colcon_pkg'
[0.118s] Level 1:colcon.colcon_core.package_identification:_identify(src/prak_msgs) by extensions ['colcon_meta']
[0.118s] Level 1:colcon.colcon_core.package_identification:_identify(src/prak_msgs) by extension 'colcon_meta'
[0.118s] Level 1:colcon.colcon_core.package_identification:_identify(src/prak_msgs) by extensions ['ros']
[0.118s] Level 1:colcon.colcon_core.package_identification:_identify(src/prak_msgs) by extension 'ros'
[0.119s] DEBUG:colcon.colcon_core.package_identification:Package 'src/prak_msgs' with type 'ros.ament_cmake' and name 'prak_msgs'
[0.119s] Level 1:colcon.colcon_core.package_discovery:discover_packages(recursive) using defaults
[0.119s] Level 1:colcon.colcon_core.package_discovery:discover_packages(ignore) discover
[0.119s] Level 1:colcon.colcon_core.package_discovery:discover_packages(ignore) using defaults
[0.119s] Level 1:colcon.colcon_core.package_discovery:discover_packages(path) discover
[0.119s] Level 1:colcon.colcon_core.package_discovery:discover_packages(path) using defaults
[0.130s] Level 1:colcon.colcon_core.package_discovery:discover_packages(prefix_path) check parameters
[0.130s] Level 1:colcon.colcon_core.package_discovery:discover_packages(prefix_path) discover
[0.132s] DEBUG:colcon.colcon_installed_package_information.package_discovery:Found 4 installed packages in /home/robprakt2/Gruppe4_ws/install
[0.133s] DEBUG:colcon.colcon_installed_package_information.package_discovery:Found 71 installed packages in /home/robprakt2/ws_moveit/install
[0.134s] DEBUG:colcon.colcon_installed_package_information.package_discovery:Found 2 installed packages in /home/robprakt2/Projekt_ws/install
[0.135s] DEBUG:colcon.colcon_installed_package_information.package_discovery:Found 436 installed packages in /opt/ros/kilted
[0.136s] Level 1:colcon.colcon_core.package_discovery:discover_packages(prefix_path) using defaults
[0.177s] Level 5:colcon.colcon_core.verb:set package 'hand_eye_calib_py' build argument 'cmake_args' from command line to 'None'
[0.177s] Level 5:colcon.colcon_core.verb:set package 'hand_eye_calib_py' build argument 'cmake_target' from command line to 'None'
[0.177s] Level 5:colcon.colcon_core.verb:set package 'hand_eye_calib_py' build argument 'cmake_target_skip_unavailable' from command line to 'False'
[0.177s] Level 5:colcon.colcon_core.verb:set package 'hand_eye_calib_py' build argument 'cmake_clean_cache' from command line to 'False'
[0.177s] Level 5:colcon.colcon_core.verb:set package 'hand_eye_calib_py' build argument 'cmake_clean_first' from command line to 'False'
[0.177s] Level 5:colcon.colcon_core.verb:set package 'hand_eye_calib_py' build argument 'cmake_force_configure' from command line to 'False'
[0.177s] Level 5:colcon.colcon_core.verb:set package 'hand_eye_calib_py' build argument 'ament_cmake_args' from command line to 'None'
[0.177s] Level 5:colcon.colcon_core.verb:set package 'hand_eye_calib_py' build argument 'catkin_cmake_args' from command line to 'None'
[0.177s] Level 5:colcon.colcon_core.verb:set package 'hand_eye_calib_py' build argument 'catkin_skip_building_tests' from command line to 'False'
[0.177s] DEBUG:colcon.colcon_core.verb:Building package 'hand_eye_calib_py' with the following arguments: {'ament_cmake_args': None, 'build_base': '/home/robprakt2/beer_ws/build/hand_eye_calib_py', 'catkin_cmake_args': None, 'catkin_skip_building_tests': False, 'cmake_args': None, 'cmake_clean_cache': False, 'cmake_clean_first': False, 'cmake_force_configure': False, 'cmake_target': None, 'cmake_target_skip_unavailable': False, 'install_base': '/home/robprakt2/beer_ws/install/hand_eye_calib_py', 'merge_install': False, 'path': '/home/robprakt2/beer_ws/src/hand_eye_calib_py', 'symlink_install': False, 'test_result_base': None}
[0.177s] Level 5:colcon.colcon_core.verb:set package 'master_py' build argument 'cmake_args' from command line to 'None'
[0.177s] Level 5:colcon.colcon_core.verb:set package 'master_py' build argument 'cmake_target' from command line to 'None'
[0.177s] Level 5:colcon.colcon_core.verb:set package 'master_py' build argument 'cmake_target_skip_unavailable' from command line to 'False'
[0.177s] Level 5:colcon.colcon_core.verb:set package 'master_py' build argument 'cmake_clean_cache' from command line to 'False'
[0.177s] Level 5:colcon.colcon_core.verb:set package 'master_py' build argument 'cmake_clean_first' from command line to 'False'
[0.177s] Level 5:colcon.colcon_core.verb:set package 'master_py' build argument 'cmake_force_configure' from command line to 'False'
[0.177s] Level 5:colcon.colcon_core.verb:set package 'master_py' build argument 'ament_cmake_args' from command line to 'None'
[0.177s] Level 5:colcon.colcon_core.verb:set package 'master_py' build argument 'catkin_cmake_args' from command line to 'None'
[0.177s] Level 5:colcon.colcon_core.verb:set package 'master_py' build argument 'catkin_skip_building_tests' from command line to 'False'
[0.177s] DEBUG:colcon.colcon_core.verb:Building package 'master_py' with the following arguments: {'ament_cmake_args': None, 'build_base': '/home/robprakt2/beer_ws/build/master_py', 'catkin_cmake_args': None, 'catkin_skip_building_tests': False, 'cmake_args': None, 'cmake_clean_cache': False, 'cmake_clean_first': False, 'cmake_force_configure': False, 'cmake_target': None, 'cmake_target_skip_unavailable': False, 'install_base': '/home/robprakt2/beer_ws/install/master_py', 'merge_install': False, 'path': '/home/robprakt2/beer_ws/src/master_py', 'symlink_install': False, 'test_result_base': None}
[0.177s] Level 5:colcon.colcon_core.verb:set package 'prak_msgs' build argument 'cmake_args' from command line to 'None'
[0.177s] Level 5:colcon.colcon_core.verb:set package 'prak_msgs' build argument 'cmake_target' from command line to 'None'
[0.177s] Level 5:colcon.colcon_core.verb:set package 'prak_msgs' build argument 'cmake_target_skip_unavailable' from command line to 'False'
[0.177s] Level 5:colcon.colcon_core.verb:set package 'prak_msgs' build argument 'cmake_clean_cache' from command line to 'False'
[0.177s] Level 5:colcon.colcon_core.verb:set package 'prak_msgs' build argument 'cmake_clean_first' from command line to 'False'
[0.177s] Level 5:colcon.colcon_core.verb:set package 'prak_msgs' build argument 'cmake_force_configure' from command line to 'False'
[0.177s] Level 5:colcon.colcon_core.verb:set package 'prak_msgs' build argument 'ament_cmake_args' from command line to 'None'
[0.177s] Level 5:colcon.colcon_core.verb:set package 'prak_msgs' build argument 'catkin_cmake_args' from command line to 'None'
[0.177s] Level 5:colcon.colcon_core.verb:set package 'prak_msgs' build argument 'catkin_skip_building_tests' from command line to 'False'
[0.177s] DEBUG:colcon.colcon_core.verb:Building package 'prak_msgs' with the following arguments: {'ament_cmake_args': None, 'build_base': '/home/robprakt2/beer_ws/build/prak_msgs', 'catkin_cmake_args': None, 'catkin_skip_building_tests': False, 'cmake_args': None, 'cmake_clean_cache': False, 'cmake_clean_first': False, 'cmake_force_configure': False, 'cmake_target': None, 'cmake_target_skip_unavailable': False, 'install_base': '/home/robprakt2/beer_ws/install/prak_msgs', 'merge_install': False, 'path': '/home/robprakt2/beer_ws/src/prak_msgs', 'symlink_install': False, 'test_result_base': None}
[0.177s] Level 5:colcon.colcon_core.verb:set package 'driver_cpp' build argument 'cmake_args' from command line to 'None'
[0.177s] Level 5:colcon.colcon_core.verb:set package 'driver_cpp' build argument 'cmake_target' from command line to 'None'
[0.177s] Level 5:colcon.colcon_core.verb:set package 'driver_cpp' build argument 'cmake_target_skip_unavailable' from command line to 'False'
[0.177s] Level 5:colcon.colcon_core.verb:set package 'driver_cpp' build argument 'cmake_clean_cache' from command line to 'False'
[0.177s] Level 5:colcon.colcon_core.verb:set package 'driver_cpp' build argument 'cmake_clean_first' from command line to 'False'
[0.177s] Level 5:colcon.colcon_core.verb:set package 'driver_cpp' build argument 'cmake_force_configure' from command line to 'False'
[0.177s] Level 5:colcon.colcon_core.verb:set package 'driver_cpp' build argument 'ament_cmake_args' from command line to 'None'
[0.177s] Level 5:colcon.colcon_core.verb:set package 'driver_cpp' build argument 'catkin_cmake_args' from command line to 'None'
[0.177s] Level 5:colcon.colcon_core.verb:set package 'driver_cpp' build argument 'catkin_skip_building_tests' from command line to 'False'
[0.177s] DEBUG:colcon.colcon_core.verb:Building package 'driver_cpp' with the following arguments: {'ament_cmake_args': None, 'build_base': '/home/robprakt2/beer_ws/build/driver_cpp', 'catkin_cmake_args': None, 'catkin_skip_building_tests': False, 'cmake_args': None, 'cmake_clean_cache': False, 'cmake_clean_first': False, 'cmake_force_configure': False, 'cmake_target': None, 'cmake_target_skip_unavailable': False, 'install_base': '/home/robprakt2/beer_ws/install/driver_cpp', 'merge_install': False, 'path': '/home/robprakt2/beer_ws/src/driver_cpp', 'symlink_install': False, 'test_result_base': None}
[0.178s] Level 5:colcon.colcon_core.verb:set package 'planner_py' build argument 'cmake_args' from command line to 'None'
[0.178s] Level 5:colcon.colcon_core.verb:set package 'planner_py' build argument 'cmake_target' from command line to 'None'
[0.178s] Level 5:colcon.colcon_core.verb:set package 'planner_py' build argument 'cmake_target_skip_unavailable' from command line to 'False'
[0.178s] Level 5:colcon.colcon_core.verb:set package 'planner_py' build argument 'cmake_clean_cache' from command line to 'False'
[0.178s] Level 5:colcon.colcon_core.verb:set package 'planner_py' build argument 'cmake_clean_first' from command line to 'False'
[0.178s] Level 5:colcon.colcon_core.verb:set package 'planner_py' build argument 'cmake_force_configure' from command line to 'False'
[0.178s] Level 5:colcon.colcon_core.verb:set package 'planner_py' build argument 'ament_cmake_args' from command line to 'None'
[0.178s] Level 5:colcon.colcon_core.verb:set package 'planner_py' build argument 'catkin_cmake_args' from command line to 'None'
[0.178s] Level 5:colcon.colcon_core.verb:set package 'planner_py' build argument 'catkin_skip_building_tests' from command line to 'False'
[0.178s] DEBUG:colcon.colcon_core.verb:Building package 'planner_py' with the following arguments: {'ament_cmake_args': None, 'build_base': '/home/robprakt2/beer_ws/build/planner_py', 'catkin_cmake_args': None, 'catkin_skip_building_tests': False, 'cmake_args': None, 'cmake_clean_cache': False, 'cmake_clean_first': False, 'cmake_force_configure': False, 'cmake_target': None, 'cmake_target_skip_unavailable': False, 'install_base': '/home/robprakt2/beer_ws/install/planner_py', 'merge_install': False, 'path': '/home/robprakt2/beer_ws/src/planner_py', 'symlink_install': False, 'test_result_base': None}
[0.178s] INFO:colcon.colcon_core.executor:Executing jobs using 'parallel' executor
[0.178s] DEBUG:colcon.colcon_parallel_executor.executor.parallel:run_until_complete
[0.178s] INFO:colcon.colcon_ros.task.ament_cmake.build:Building ROS package in '/home/robprakt2/beer_ws/src/prak_msgs' with build type 'ament_cmake'
[0.179s] INFO:colcon.colcon_cmake.task.cmake.build:Building CMake package in '/home/robprakt2/beer_ws/src/prak_msgs'
[0.180s] INFO:colcon.colcon_core.plugin_system:Skipping extension 'colcon_core.shell.bat': Not used on non-Windows systems
[0.180s] INFO:colcon.colcon_core.shell:Skip shell extension 'powershell' for command environment: Not usable outside of PowerShell
[0.180s] DEBUG:colcon.colcon_core.shell:Skip shell extension 'dsv' for command environment
[0.185s] INFO:colcon.colcon_ros.task.ament_python.build:Building ROS package in '/home/robprakt2/beer_ws/src/hand_eye_calib_py' with build type 'ament_python'
[0.185s] Level 1:colcon.colcon_core.shell:create_environment_hook('hand_eye_calib_py', 'ament_prefix_path')
[0.185s] INFO:colcon.colcon_core.shell:Creating environment hook '/home/robprakt2/beer_ws/install/hand_eye_calib_py/share/hand_eye_calib_py/hook/ament_prefix_path.ps1'
[0.185s] INFO:colcon.colcon_core.shell:Creating environment descriptor '/home/robprakt2/beer_ws/install/hand_eye_calib_py/share/hand_eye_calib_py/hook/ament_prefix_path.dsv'
[0.185s] INFO:colcon.colcon_core.shell:Creating environment hook '/home/robprakt2/beer_ws/install/hand_eye_calib_py/share/hand_eye_calib_py/hook/ament_prefix_path.sh'
[0.186s] INFO:colcon.colcon_core.shell:Skip shell extension 'powershell' for command environment: Not usable outside of PowerShell
[0.186s] DEBUG:colcon.colcon_core.shell:Skip shell extension 'dsv' for command environment
[0.190s] INFO:colcon.colcon_ros.task.ament_python.build:Building ROS package in '/home/robprakt2/beer_ws/src/master_py' with build type 'ament_python'
[0.190s] Level 1:colcon.colcon_core.shell:create_environment_hook('master_py', 'ament_prefix_path')
[0.190s] INFO:colcon.colcon_core.shell:Creating environment hook '/home/robprakt2/beer_ws/install/master_py/share/master_py/hook/ament_prefix_path.ps1'
[0.191s] INFO:colcon.colcon_core.shell:Creating environment descriptor '/home/robprakt2/beer_ws/install/master_py/share/master_py/hook/ament_prefix_path.dsv'
[0.191s] INFO:colcon.colcon_core.shell:Creating environment hook '/home/robprakt2/beer_ws/install/master_py/share/master_py/hook/ament_prefix_path.sh'
[0.191s] INFO:colcon.colcon_core.shell:Skip shell extension 'powershell' for command environment: Not usable outside of PowerShell
[0.191s] DEBUG:colcon.colcon_core.shell:Skip shell extension 'dsv' for command environment
[0.198s] DEBUG:colcon.colcon_core.event_handler.log_command:Invoking command in '/home/robprakt2/beer_ws/build/prak_msgs': CMAKE_PREFIX_PATH=${CMAKE_PREFIX_PATH}:/home/robprakt2/ws_moveit/install/moveit_configs_utils:/home/robprakt2/ws_moveit/install/RobPrakTEI:/opt/ros/kilted DEBUGINFOD_URLS=https://debuginfod.ubuntu.com /usr/bin/cmake --build /home/robprakt2/beer_ws/build/prak_msgs -- -j12 -l12
[0.364s] INFO:colcon.colcon_core.task.python.build:Building Python package in '/home/robprakt2/beer_ws/src/hand_eye_calib_py'
[0.364s] INFO:colcon.colcon_core.shell:Skip shell extension 'powershell' for command environment: Not usable outside of PowerShell
[0.364s] DEBUG:colcon.colcon_core.shell:Skip shell extension 'dsv' for command environment
[0.524s] INFO:colcon.colcon_core.task.python.build:Building Python package in '/home/robprakt2/beer_ws/src/master_py'
[0.525s] INFO:colcon.colcon_core.shell:Skip shell extension 'powershell' for command environment: Not usable outside of PowerShell
[0.525s] DEBUG:colcon.colcon_core.shell:Skip shell extension 'dsv' for command environment
[0.531s] DEBUG:colcon.colcon_core.event_handler.log_command:Invoked command in '/home/robprakt2/beer_ws/build/prak_msgs' returned '0': CMAKE_PREFIX_PATH=${CMAKE_PREFIX_PATH}:/home/robprakt2/ws_moveit/install/moveit_configs_utils:/home/robprakt2/ws_moveit/install/RobPrakTEI:/opt/ros/kilted DEBUGINFOD_URLS=https://debuginfod.ubuntu.com /usr/bin/cmake --build /home/robprakt2/beer_ws/build/prak_msgs -- -j12 -l12
[0.539s] DEBUG:colcon.colcon_core.event_handler.log_command:Invoking command in '/home/robprakt2/beer_ws/build/prak_msgs': CMAKE_PREFIX_PATH=${CMAKE_PREFIX_PATH}:/home/robprakt2/ws_moveit/install/moveit_configs_utils:/home/robprakt2/ws_moveit/install/RobPrakTEI:/opt/ros/kilted DEBUGINFOD_URLS=https://debuginfod.ubuntu.com /usr/bin/cmake --install /home/robprakt2/beer_ws/build/prak_msgs
[0.598s] Level 1:colcon.colcon_core.environment:create_environment_scripts_only(prak_msgs)
[0.598s] DEBUG:colcon.colcon_core.event_handler.log_command:Invoked command in '/home/robprakt2/beer_ws/build/prak_msgs' returned '0': CMAKE_PREFIX_PATH=${CMAKE_PREFIX_PATH}:/home/robprakt2/ws_moveit/install/moveit_configs_utils:/home/robprakt2/ws_moveit/install/RobPrakTEI:/opt/ros/kilted DEBUGINFOD_URLS=https://debuginfod.ubuntu.com /usr/bin/cmake --install /home/robprakt2/beer_ws/build/prak_msgs
[0.600s] Level 1:colcon.colcon_core.environment:checking '/home/robprakt2/beer_ws/install/prak_msgs' for CMake module files
[0.600s] Level 1:colcon.colcon_core.environment:checking '/home/robprakt2/beer_ws/install/prak_msgs' for CMake config files
[0.601s] Level 1:colcon.colcon_core.shell:create_environment_hook('prak_msgs', 'cmake_prefix_path')
[0.601s] INFO:colcon.colcon_core.shell:Creating environment hook '/home/robprakt2/beer_ws/install/prak_msgs/share/prak_msgs/hook/cmake_prefix_path.ps1'
[0.601s] INFO:colcon.colcon_core.shell:Creating environment descriptor '/home/robprakt2/beer_ws/install/prak_msgs/share/prak_msgs/hook/cmake_prefix_path.dsv'
[0.601s] INFO:colcon.colcon_core.shell:Creating environment hook '/home/robprakt2/beer_ws/install/prak_msgs/share/prak_msgs/hook/cmake_prefix_path.sh'
[0.602s] Level 1:colcon.colcon_core.environment:checking '/home/robprakt2/beer_ws/install/prak_msgs/lib'
[0.602s] Level 1:colcon.colcon_core.shell:create_environment_hook('prak_msgs', 'ld_library_path_lib')
[0.602s] INFO:colcon.colcon_core.shell:Creating environment hook '/home/robprakt2/beer_ws/install/prak_msgs/share/prak_msgs/hook/ld_library_path_lib.ps1'
[0.602s] INFO:colcon.colcon_core.shell:Creating environment descriptor '/home/robprakt2/beer_ws/install/prak_msgs/share/prak_msgs/hook/ld_library_path_lib.dsv'
[0.603s] INFO:colcon.colcon_core.shell:Creating environment hook '/home/robprakt2/beer_ws/install/prak_msgs/share/prak_msgs/hook/ld_library_path_lib.sh'
[0.603s] Level 1:colcon.colcon_core.environment:checking '/home/robprakt2/beer_ws/install/prak_msgs/bin'
[0.603s] Level 1:colcon.colcon_core.environment:checking '/home/robprakt2/beer_ws/install/prak_msgs/lib/pkgconfig/prak_msgs.pc'
[0.603s] Level 1:colcon.colcon_core.environment:checking '/home/robprakt2/beer_ws/install/prak_msgs/lib/python3.12/site-packages'
[0.603s] Level 1:colcon.colcon_core.shell:create_environment_hook('prak_msgs', 'pythonpath')
[0.603s] INFO:colcon.colcon_core.shell:Creating environment hook '/home/robprakt2/beer_ws/install/prak_msgs/share/prak_msgs/hook/pythonpath.ps1'
[0.604s] INFO:colcon.colcon_core.shell:Creating environment descriptor '/home/robprakt2/beer_ws/install/prak_msgs/share/prak_msgs/hook/pythonpath.dsv'
[0.604s] INFO:colcon.colcon_core.shell:Creating environment hook '/home/robprakt2/beer_ws/install/prak_msgs/share/prak_msgs/hook/pythonpath.sh'
[0.604s] Level 1:colcon.colcon_core.environment:checking '/home/robprakt2/beer_ws/install/prak_msgs/bin'
[0.605s] INFO:colcon.colcon_core.shell:Creating package script '/home/robprakt2/beer_ws/install/prak_msgs/share/prak_msgs/package.ps1'
[0.605s] INFO:colcon.colcon_core.shell:Creating package descriptor '/home/robprakt2/beer_ws/install/prak_msgs/share/prak_msgs/package.dsv'
[0.606s] INFO:colcon.colcon_core.shell:Creating package script '/home/robprakt2/beer_ws/install/prak_msgs/share/prak_msgs/package.sh'
[0.606s] INFO:colcon.colcon_core.shell:Creating package script '/home/robprakt2/beer_ws/install/prak_msgs/share/prak_msgs/package.bash'
[0.606s] INFO:colcon.colcon_core.shell:Creating package script '/home/robprakt2/beer_ws/install/prak_msgs/share/prak_msgs/package.zsh'
[0.607s] Level 1:colcon.colcon_core.environment:create_file_with_runtime_dependencies(/home/robprakt2/beer_ws/install/prak_msgs/share/colcon-core/packages/prak_msgs)
[0.607s] Level 1:colcon.colcon_core.environment:create_environment_scripts_only(prak_msgs)
[0.607s] Level 1:colcon.colcon_core.environment:checking '/home/robprakt2/beer_ws/install/prak_msgs' for CMake module files
[0.608s] Level 1:colcon.colcon_core.environment:checking '/home/robprakt2/beer_ws/install/prak_msgs' for CMake config files
[0.608s] Level 1:colcon.colcon_core.shell:create_environment_hook('prak_msgs', 'cmake_prefix_path')
[0.608s] INFO:colcon.colcon_core.shell:Creating environment hook '/home/robprakt2/beer_ws/install/prak_msgs/share/prak_msgs/hook/cmake_prefix_path.ps1'
[0.608s] INFO:colcon.colcon_core.shell:Creating environment descriptor '/home/robprakt2/beer_ws/install/prak_msgs/share/prak_msgs/hook/cmake_prefix_path.dsv'
[0.608s] INFO:colcon.colcon_core.shell:Creating environment hook '/home/robprakt2/beer_ws/install/prak_msgs/share/prak_msgs/hook/cmake_prefix_path.sh'
[0.609s] Level 1:colcon.colcon_core.environment:checking '/home/robprakt2/beer_ws/install/prak_msgs/lib'
[0.609s] Level 1:colcon.colcon_core.shell:create_environment_hook('prak_msgs', 'ld_library_path_lib')
[0.609s] INFO:colcon.colcon_core.shell:Creating environment hook '/home/robprakt2/beer_ws/install/prak_msgs/share/prak_msgs/hook/ld_library_path_lib.ps1'
[0.609s] INFO:colcon.colcon_core.shell:Creating environment descriptor '/home/robprakt2/beer_ws/install/prak_msgs/share/prak_msgs/hook/ld_library_path_lib.dsv'
[0.610s] INFO:colcon.colcon_core.shell:Creating environment hook '/home/robprakt2/beer_ws/install/prak_msgs/share/prak_msgs/hook/ld_library_path_lib.sh'
[0.610s] Level 1:colcon.colcon_core.environment:checking '/home/robprakt2/beer_ws/install/prak_msgs/bin'
[0.610s] Level 1:colcon.colcon_core.environment:checking '/home/robprakt2/beer_ws/install/prak_msgs/lib/pkgconfig/prak_msgs.pc'
[0.610s] Level 1:colcon.colcon_core.environment:checking '/home/robprakt2/beer_ws/install/prak_msgs/lib/python3.12/site-packages'
[0.610s] Level 1:colcon.colcon_core.shell:create_environment_hook('prak_msgs', 'pythonpath')
[0.610s] INFO:colcon.colcon_core.shell:Creating environment hook '/home/robprakt2/beer_ws/install/prak_msgs/share/prak_msgs/hook/pythonpath.ps1'
[0.610s] INFO:colcon.colcon_core.shell:Creating environment descriptor '/home/robprakt2/beer_ws/install/prak_msgs/share/prak_msgs/hook/pythonpath.dsv'
[0.611s] INFO:colcon.colcon_core.shell:Creating environment hook '/home/robprakt2/beer_ws/install/prak_msgs/share/prak_msgs/hook/pythonpath.sh'
[0.611s] Level 1:colcon.colcon_core.environment:checking '/home/robprakt2/beer_ws/install/prak_msgs/bin'
[0.611s] INFO:colcon.colcon_core.shell:Creating package script '/home/robprakt2/beer_ws/install/prak_msgs/share/prak_msgs/package.ps1'
[0.612s] INFO:colcon.colcon_core.shell:Creating package descriptor '/home/robprakt2/beer_ws/install/prak_msgs/share/prak_msgs/package.dsv'
[0.612s] INFO:colcon.colcon_core.shell:Creating package script '/home/robprakt2/beer_ws/install/prak_msgs/share/prak_msgs/package.sh'
[0.612s] INFO:colcon.colcon_core.shell:Creating package script '/home/robprakt2/beer_ws/install/prak_msgs/share/prak_msgs/package.bash'
[0.613s] INFO:colcon.colcon_core.shell:Creating package script '/home/robprakt2/beer_ws/install/prak_msgs/share/prak_msgs/package.zsh'
[0.613s] Level 1:colcon.colcon_core.environment:create_file_with_runtime_dependencies(/home/robprakt2/beer_ws/install/prak_msgs/share/colcon-core/packages/prak_msgs)
[0.613s] INFO:colcon.colcon_ros.task.ament_cmake.build:Building ROS package in '/home/robprakt2/beer_ws/src/driver_cpp' with build type 'ament_cmake'
[0.613s] INFO:colcon.colcon_cmake.task.cmake.build:Building CMake package in '/home/robprakt2/beer_ws/src/driver_cpp'
[0.613s] INFO:colcon.colcon_core.shell:Skip shell extension 'powershell' for command environment: Not usable outside of PowerShell
[0.613s] DEBUG:colcon.colcon_core.shell:Skip shell extension 'dsv' for command environment
[0.619s] INFO:colcon.colcon_ros.task.ament_python.build:Building ROS package in '/home/robprakt2/beer_ws/src/planner_py' with build type 'ament_python'
[0.619s] Level 1:colcon.colcon_core.shell:create_environment_hook('planner_py', 'ament_prefix_path')
[0.619s] INFO:colcon.colcon_core.shell:Creating environment hook '/home/robprakt2/beer_ws/install/planner_py/share/planner_py/hook/ament_prefix_path.ps1'
[0.619s] INFO:colcon.colcon_core.shell:Creating environment descriptor '/home/robprakt2/beer_ws/install/planner_py/share/planner_py/hook/ament_prefix_path.dsv'
[0.619s] INFO:colcon.colcon_core.shell:Creating environment hook '/home/robprakt2/beer_ws/install/planner_py/share/planner_py/hook/ament_prefix_path.sh'
[0.620s] INFO:colcon.colcon_core.shell:Skip shell extension 'powershell' for command environment: Not usable outside of PowerShell
[0.620s] DEBUG:colcon.colcon_core.shell:Skip shell extension 'dsv' for command environment
[0.627s] DEBUG:colcon.colcon_core.event_handler.log_command:Invoking command in '/home/robprakt2/beer_ws/build/driver_cpp': AMENT_PREFIX_PATH=/home/robprakt2/beer_ws/install/prak_msgs:${AMENT_PREFIX_PATH} CMAKE_PREFIX_PATH=/home/robprakt2/beer_ws/install/prak_msgs:/home/robprakt2/Gruppe4_ws/install/vision:/home/robprakt2/Gruppe4_ws/install/search_behavior:/home/robprakt2/Gruppe4_ws/install/draw_controller:/home/robprakt2/Gruppe4_ws/install/controller:/home/robprakt2/Projekt_ws/install/height_control:/home/robprakt2/Projekt_ws/install/cutting_controller:/home/robprakt2/ws_moveit/install/robotiq_hardware_tests:/home/robprakt2/ws_moveit/install/robotiq_driver:/home/robprakt2/ws_moveit/install/serial:/home/robprakt2/ws_moveit/install/moveit2_tutorials:/home/robprakt2/ws_moveit/install/moveit_visual_tools:/home/robprakt2/ws_moveit/install/rviz_visual_tools:/home/robprakt2/ws_moveit/install/moveit_task_constructor_demo:/home/robprakt2/ws_moveit/install/moveit_task_constructor_visualization:/home/robprakt2/ws_moveit/install/moveit_task_constructor_capabilities:/home/robprakt2/ws_moveit/install/moveit_task_constructor_core:/home/robprakt2/ws_moveit/install/rviz_marker_tools:/home/robprakt2/ws_moveit/install/kortex_bringup:/home/robprakt2/ws_moveit/install/kinova_gen3_lite_moveit_config:/home/robprakt2/ws_moveit/install/kinova_gen3_7dof_robotiq_2f_85_moveit_config:/home/robprakt2/ws_moveit/install/kinova_gen3_6dof_robotiq_2f_85_moveit_config:/home/robprakt2/ws_moveit/install/kortex_description:/home/robprakt2/ws_moveit/install/robotiq_description:/home/robprakt2/ws_moveit/install/robotiq_controllers:/home/robprakt2/ws_moveit/install/pilz_industrial_motion_planner_testutils:/home/robprakt2/ws_moveit/install/moveit_runtime:/home/robprakt2/ws_moveit/install/moveit:/home/robprakt2/ws_moveit/install/moveit_planners:/home/robprakt2/ws_moveit/install/pilz_industrial_motion_planner:/home/robprakt2/ws_moveit/install/moveit_task_constructor_msgs:/home/robprakt2/ws_moveit/install/moveit_ros_control_interface:/home/robprakt2/ws_moveit/install/moveit_plugins:/home/robprakt2/ws_moveit/install/moveit_simple_controller_manager:/home/robprakt2/ws_moveit/install/moveit_setup_assistant:/home/robprakt2/ws_moveit/install/moveit_setup_srdf_plugins:/home/robprakt2/ws_moveit/install/moveit_setup_core_plugins:/home/robprakt2/ws_moveit/install/moveit_setup_controllers:/home/robprakt2/ws_moveit/install/moveit_setup_app_plugins:/home/robprakt2/ws_moveit/install/moveit_setup_framework:/home/robprakt2/ws_moveit/install/moveit_servo:/home/robprakt2/ws_moveit/install/moveit_ros_trajectory_cache:/home/robprakt2/ws_moveit/install/moveit_ros:/home/robprakt2/ws_moveit/install/moveit_ros_visualization:/home/robprakt2/ws_moveit/install/moveit_py:/home/robprakt2/ws_moveit/install/moveit_hybrid_planning:/home/robprakt2/ws_moveit/install/moveit_ros_planning_interface:/home/robprakt2/ws_moveit/install/moveit_ros_benchmarks:/home/robprakt2/ws_moveit/install/moveit_ros_warehouse:/home/robprakt2/ws_moveit/install/moveit_ros_robot_interaction:/home/robprakt2/ws_moveit/install/moveit_ros_perception:/home/robprakt2/ws_moveit/install/moveit_resources_prbt_pg70_support:/home/robprakt2/ws_moveit/install/moveit_resources_prbt_moveit_config:/home/robprakt2/ws_moveit/install/moveit_ros_move_group:/home/robprakt2/ws_moveit/install/moveit_planners_ompl:/home/robprakt2/ws_moveit/install/moveit_kinematics:/home/robprakt2/ws_moveit/install/moveit_ros_planning:/home/robprakt2/ws_moveit/install/moveit_ros_occupancy_map_monitor:/home/robprakt2/ws_moveit/install/moveit_resources_prbt_support:/home/robprakt2/ws_moveit/install/moveit_resources_prbt_ikfast_manipulator_plugin:/home/robprakt2/ws_moveit/install/moveit_resources:/home/robprakt2/ws_moveit/install/moveit_resources_pr2_description:/home/robprakt2/ws_moveit/install/moveit_resources_panda_moveit_config:/home/robprakt2/ws_moveit/install/dual_arm_panda_moveit_config:/home/robprakt2/ws_moveit/install/moveit_resources_panda_description:/home/robprakt2/ws_moveit/install/moveit_resources_fanuc_moveit_config:/home/robprakt2/ws_moveit/install/moveit_resources_fanuc_description:/home/robprakt2/ws_moveit/install/moveit_planners_stomp:/home/robprakt2/ws_moveit/install/moveit_planners_chomp:/home/robprakt2/ws_moveit/install/chomp_motion_planner:/home/robprakt2/ws_moveit/install/moveit_core:/home/robprakt2/ws_moveit/install/moveit_msgs:/home/robprakt2/ws_moveit/install/moveit_common:/home/robprakt2/ws_moveit/install/kortex_driver:/home/robprakt2/ws_moveit/install/kortex_api:/opt/ros/kilted/opt/gz_sim_vendor:/opt/ros/kilted/opt/gz_sensors_vendor:/opt/ros/kilted/opt/gz_physics_vendor:/opt/ros/kilted/opt/sdformat_vendor:/opt/ros/kilted/opt/gz_gui_vendor:/opt/ros/kilted/opt/gz_transport_vendor:/opt/ros/kilted/opt/gz_rendering_vendor:/opt/ros/kilted/opt/gz_plugin_vendor:/opt/ros/kilted/opt/gz_fuel_tools_vendor:/opt/ros/kilted/opt/gz_msgs_vendor:/opt/ros/kilted/opt/gz_common_vendor:/opt/ros/kilted/opt/gz_math_vendor:/opt/ros/kilted/opt/gz_utils_vendor:/opt/ros/kilted/opt/gz_tools_vendor:/opt/ros/kilted/opt/gz_ogre_next_vendor:/opt/ros/kilted/opt/gz_dartsim_vendor:/opt/ros/kilted/opt/gz_cmake_vendor:/home/robprakt2/ws_moveit/install/moveit_configs_utils:/home/robprakt2/ws_moveit/install/RobPrakTEI:/opt/ros/kilted DEBUGINFOD_URLS=https://debuginfod.ubuntu.com LD_LIBRARY_PATH=/home/robprakt2/beer_ws/install/prak_msgs/lib:${LD_LIBRARY_PATH} PYTHONPATH=/home/robprakt2/beer_ws/install/prak_msgs/lib/python3.12/site-packages:${PYTHONPATH} /usr/bin/cmake --build /home/robprakt2/beer_ws/build/driver_cpp -- -j12 -l12
[0.789s] INFO:colcon.colcon_core.task.python.build:Building Python package in '/home/robprakt2/beer_ws/src/planner_py'
[0.789s] INFO:colcon.colcon_core.shell:Skip shell extension 'powershell' for command environment: Not usable outside of PowerShell
[0.789s] DEBUG:colcon.colcon_core.shell:Skip shell extension 'dsv' for command environment
[0.992s] DEBUG:colcon.colcon_core.event_handler.log_command:Invoking command in '/home/robprakt2/beer_ws/src/hand_eye_calib_py': DEBUGINFOD_URLS=https://debuginfod.ubuntu.com PYTHONPATH=/home/robprakt2/beer_ws/build/hand_eye_calib_py/prefix_override:/usr/lib/python3/dist-packages/colcon_core/task/python/colcon_distutils_commands:/home/robprakt2/beer_ws/install/hand_eye_calib_py/lib/python3.12/site-packages:${PYTHONPATH} /usr/bin/python3 -W ignore:setup.py install is deprecated -W ignore:easy_install command is deprecated setup.py egg_info --egg-base ../../build/hand_eye_calib_py build --build-base /home/robprakt2/beer_ws/build/hand_eye_calib_py/build install --record /home/robprakt2/beer_ws/build/hand_eye_calib_py/install.log --single-version-externally-managed install_data
[0.996s] DEBUG:colcon.colcon_core.event_handler.log_command:Invoking command in '/home/robprakt2/beer_ws/src/master_py': DEBUGINFOD_URLS=https://debuginfod.ubuntu.com PYTHONPATH=/home/robprakt2/beer_ws/build/master_py/prefix_override:/usr/lib/python3/dist-packages/colcon_core/task/python/colcon_distutils_commands:/home/robprakt2/beer_ws/install/master_py/lib/python3.12/site-packages:${PYTHONPATH} /usr/bin/python3 -W ignore:setup.py install is deprecated -W ignore:easy_install command is deprecated setup.py egg_info --egg-base ../../build/master_py build --build-base /home/robprakt2/beer_ws/build/master_py/build install --record /home/robprakt2/beer_ws/build/master_py/install.log --single-version-externally-managed install_data
[1.253s] DEBUG:colcon.colcon_core.event_handler.log_command:Invoking command in '/home/robprakt2/beer_ws/src/planner_py': AMENT_PREFIX_PATH=/home/robprakt2/beer_ws/install/prak_msgs:${AMENT_PREFIX_PATH} CMAKE_PREFIX_PATH=/home/robprakt2/beer_ws/install/prak_msgs:${CMAKE_PREFIX_PATH} DEBUGINFOD_URLS=https://debuginfod.ubuntu.com LD_LIBRARY_PATH=/home/robprakt2/beer_ws/install/prak_msgs/lib:${LD_LIBRARY_PATH} PYTHONPATH=/home/robprakt2/beer_ws/build/planner_py/prefix_override:/usr/lib/python3/dist-packages/colcon_core/task/python/colcon_distutils_commands:/home/robprakt2/beer_ws/install/planner_py/lib/python3.12/site-packages:/home/robprakt2/beer_ws/install/prak_msgs/lib/python3.12/site-packages:${PYTHONPATH} /usr/bin/python3 -W ignore:setup.py install is deprecated -W ignore:easy_install command is deprecated setup.py egg_info --egg-base ../../build/planner_py build --build-base /home/robprakt2/beer_ws/build/planner_py/build install --record /home/robprakt2/beer_ws/build/planner_py/install.log --single-version-externally-managed install_data
[1.424s] Level 1:colcon.colcon_core.environment:checking '/home/robprakt2/beer_ws/install/master_py' for CMake module files
[1.425s] DEBUG:colcon.colcon_core.event_handler.log_command:Invoked command in '/home/robprakt2/beer_ws/src/master_py' returned '0': DEBUGINFOD_URLS=https://debuginfod.ubuntu.com PYTHONPATH=/home/robprakt2/beer_ws/build/master_py/prefix_override:/usr/lib/python3/dist-packages/colcon_core/task/python/colcon_distutils_commands:/home/robprakt2/beer_ws/install/master_py/lib/python3.12/site-packages:${PYTHONPATH} /usr/bin/python3 -W ignore:setup.py install is deprecated -W ignore:easy_install command is deprecated setup.py egg_info --egg-base ../../build/master_py build --build-base /home/robprakt2/beer_ws/build/master_py/build install --record /home/robprakt2/beer_ws/build/master_py/install.log --single-version-externally-managed install_data
[1.425s] Level 1:colcon.colcon_core.environment:checking '/home/robprakt2/beer_ws/install/master_py' for CMake config files
[1.425s] Level 1:colcon.colcon_core.environment:checking '/home/robprakt2/beer_ws/install/master_py/lib'
[1.425s] Level 1:colcon.colcon_core.environment:checking '/home/robprakt2/beer_ws/install/master_py/bin'
[1.425s] Level 1:colcon.colcon_core.environment:checking '/home/robprakt2/beer_ws/install/master_py/lib/pkgconfig/master_py.pc'
[1.425s] Level 1:colcon.colcon_core.environment:checking '/home/robprakt2/beer_ws/install/master_py/lib/python3.12/site-packages'
[1.425s] Level 1:colcon.colcon_core.shell:create_environment_hook('master_py', 'pythonpath')
[1.426s] INFO:colcon.colcon_core.shell:Creating environment hook '/home/robprakt2/beer_ws/install/master_py/share/master_py/hook/pythonpath.ps1'
[1.426s] INFO:colcon.colcon_core.shell:Creating environment descriptor '/home/robprakt2/beer_ws/install/master_py/share/master_py/hook/pythonpath.dsv'
[1.426s] INFO:colcon.colcon_core.shell:Creating environment hook '/home/robprakt2/beer_ws/install/master_py/share/master_py/hook/pythonpath.sh'
[1.427s] Level 1:colcon.colcon_core.environment:checking '/home/robprakt2/beer_ws/install/master_py/bin'
[1.427s] Level 1:colcon.colcon_core.environment:create_environment_scripts_only(master_py)
[1.427s] INFO:colcon.colcon_core.shell:Creating package script '/home/robprakt2/beer_ws/install/master_py/share/master_py/package.ps1'
[1.427s] INFO:colcon.colcon_core.shell:Creating package descriptor '/home/robprakt2/beer_ws/install/master_py/share/master_py/package.dsv'
[1.428s] INFO:colcon.colcon_core.shell:Creating package script '/home/robprakt2/beer_ws/install/master_py/share/master_py/package.sh'
[1.428s] INFO:colcon.colcon_core.shell:Creating package script '/home/robprakt2/beer_ws/install/master_py/share/master_py/package.bash'
[1.428s] INFO:colcon.colcon_core.shell:Creating package script '/home/robprakt2/beer_ws/install/master_py/share/master_py/package.zsh'
[1.428s] Level 1:colcon.colcon_core.environment:create_file_with_runtime_dependencies(/home/robprakt2/beer_ws/install/master_py/share/colcon-core/packages/master_py)
[1.429s] Level 1:colcon.colcon_core.environment:checking '/home/robprakt2/beer_ws/install/hand_eye_calib_py' for CMake module files
[1.429s] Level 1:colcon.colcon_core.environment:checking '/home/robprakt2/beer_ws/install/hand_eye_calib_py' for CMake config files
[1.430s] DEBUG:colcon.colcon_core.event_handler.log_command:Invoked command in '/home/robprakt2/beer_ws/src/hand_eye_calib_py' returned '0': DEBUGINFOD_URLS=https://debuginfod.ubuntu.com PYTHONPATH=/home/robprakt2/beer_ws/build/hand_eye_calib_py/prefix_override:/usr/lib/python3/dist-packages/colcon_core/task/python/colcon_distutils_commands:/home/robprakt2/beer_ws/install/hand_eye_calib_py/lib/python3.12/site-packages:${PYTHONPATH} /usr/bin/python3 -W ignore:setup.py install is deprecated -W ignore:easy_install command is deprecated setup.py egg_info --egg-base ../../build/hand_eye_calib_py build --build-base /home/robprakt2/beer_ws/build/hand_eye_calib_py/build install --record /home/robprakt2/beer_ws/build/hand_eye_calib_py/install.log --single-version-externally-managed install_data
[1.430s] Level 1:colcon.colcon_core.environment:checking '/home/robprakt2/beer_ws/install/hand_eye_calib_py/lib'
[1.430s] Level 1:colcon.colcon_core.environment:checking '/home/robprakt2/beer_ws/install/hand_eye_calib_py/bin'
[1.430s] Level 1:colcon.colcon_core.environment:checking '/home/robprakt2/beer_ws/install/hand_eye_calib_py/lib/pkgconfig/hand_eye_calib_py.pc'
[1.430s] Level 1:colcon.colcon_core.environment:checking '/home/robprakt2/beer_ws/install/hand_eye_calib_py/lib/python3.12/site-packages'
[1.430s] Level 1:colcon.colcon_core.shell:create_environment_hook('hand_eye_calib_py', 'pythonpath')
[1.430s] INFO:colcon.colcon_core.shell:Creating environment hook '/home/robprakt2/beer_ws/install/hand_eye_calib_py/share/hand_eye_calib_py/hook/pythonpath.ps1'
[1.431s] INFO:colcon.colcon_core.shell:Creating environment descriptor '/home/robprakt2/beer_ws/install/hand_eye_calib_py/share/hand_eye_calib_py/hook/pythonpath.dsv'
[1.431s] INFO:colcon.colcon_core.shell:Creating environment hook '/home/robprakt2/beer_ws/install/hand_eye_calib_py/share/hand_eye_calib_py/hook/pythonpath.sh'
[1.431s] Level 1:colcon.colcon_core.environment:checking '/home/robprakt2/beer_ws/install/hand_eye_calib_py/bin'
[1.431s] Level 1:colcon.colcon_core.environment:create_environment_scripts_only(hand_eye_calib_py)
[1.431s] INFO:colcon.colcon_core.shell:Creating package script '/home/robprakt2/beer_ws/install/hand_eye_calib_py/share/hand_eye_calib_py/package.ps1'
[1.432s] INFO:colcon.colcon_core.shell:Creating package descriptor '/home/robprakt2/beer_ws/install/hand_eye_calib_py/share/hand_eye_calib_py/package.dsv'
[1.432s] INFO:colcon.colcon_core.shell:Creating package script '/home/robprakt2/beer_ws/install/hand_eye_calib_py/share/hand_eye_calib_py/package.sh'
[1.432s] INFO:colcon.colcon_core.shell:Creating package script '/home/robprakt2/beer_ws/install/hand_eye_calib_py/share/hand_eye_calib_py/package.bash'
[1.432s] INFO:colcon.colcon_core.shell:Creating package script '/home/robprakt2/beer_ws/install/hand_eye_calib_py/share/hand_eye_calib_py/package.zsh'
[1.432s] Level 1:colcon.colcon_core.environment:create_file_with_runtime_dependencies(/home/robprakt2/beer_ws/install/hand_eye_calib_py/share/colcon-core/packages/hand_eye_calib_py)
[1.684s] Level 1:colcon.colcon_core.environment:checking '/home/robprakt2/beer_ws/install/planner_py' for CMake module files
[1.685s] DEBUG:colcon.colcon_core.event_handler.log_command:Invoked command in '/home/robprakt2/beer_ws/src/planner_py' returned '0': AMENT_PREFIX_PATH=/home/robprakt2/beer_ws/install/prak_msgs:${AMENT_PREFIX_PATH} CMAKE_PREFIX_PATH=/home/robprakt2/beer_ws/install/prak_msgs:${CMAKE_PREFIX_PATH} DEBUGINFOD_URLS=https://debuginfod.ubuntu.com LD_LIBRARY_PATH=/home/robprakt2/beer_ws/install/prak_msgs/lib:${LD_LIBRARY_PATH} PYTHONPATH=/home/robprakt2/beer_ws/build/planner_py/prefix_override:/usr/lib/python3/dist-packages/colcon_core/task/python/colcon_distutils_commands:/home/robprakt2/beer_ws/install/planner_py/lib/python3.12/site-packages:/home/robprakt2/beer_ws/install/prak_msgs/lib/python3.12/site-packages:${PYTHONPATH} /usr/bin/python3 -W ignore:setup.py install is deprecated -W ignore:easy_install command is deprecated setup.py egg_info --egg-base ../../build/planner_py build --build-base /home/robprakt2/beer_ws/build/planner_py/build install --record /home/robprakt2/beer_ws/build/planner_py/install.log --single-version-externally-managed install_data
[1.685s] Level 1:colcon.colcon_core.environment:checking '/home/robprakt2/beer_ws/install/planner_py' for CMake config files
[1.685s] Level 1:colcon.colcon_core.environment:checking '/home/robprakt2/beer_ws/install/planner_py/lib'
[1.685s] Level 1:colcon.colcon_core.environment:checking '/home/robprakt2/beer_ws/install/planner_py/bin'
[1.685s] Level 1:colcon.colcon_core.environment:checking '/home/robprakt2/beer_ws/install/planner_py/lib/pkgconfig/planner_py.pc'
[1.685s] Level 1:colcon.colcon_core.environment:checking '/home/robprakt2/beer_ws/install/planner_py/lib/python3.12/site-packages'
[1.685s] Level 1:colcon.colcon_core.shell:create_environment_hook('planner_py', 'pythonpath')
[1.686s] INFO:colcon.colcon_core.shell:Creating environment hook '/home/robprakt2/beer_ws/install/planner_py/share/planner_py/hook/pythonpath.ps1'
[1.686s] INFO:colcon.colcon_core.shell:Creating environment descriptor '/home/robprakt2/beer_ws/install/planner_py/share/planner_py/hook/pythonpath.dsv'
[1.686s] INFO:colcon.colcon_core.shell:Creating environment hook '/home/robprakt2/beer_ws/install/planner_py/share/planner_py/hook/pythonpath.sh'
[1.687s] Level 1:colcon.colcon_core.environment:checking '/home/robprakt2/beer_ws/install/planner_py/bin'
[1.687s] Level 1:colcon.colcon_core.environment:create_environment_scripts_only(planner_py)
[1.687s] INFO:colcon.colcon_core.shell:Creating package script '/home/robprakt2/beer_ws/install/planner_py/share/planner_py/package.ps1'
[1.687s] INFO:colcon.colcon_core.shell:Creating package descriptor '/home/robprakt2/beer_ws/install/planner_py/share/planner_py/package.dsv'
[1.688s] INFO:colcon.colcon_core.shell:Creating package script '/home/robprakt2/beer_ws/install/planner_py/share/planner_py/package.sh'
[1.688s] INFO:colcon.colcon_core.shell:Creating package script '/home/robprakt2/beer_ws/install/planner_py/share/planner_py/package.bash'
[1.688s] INFO:colcon.colcon_core.shell:Creating package script '/home/robprakt2/beer_ws/install/planner_py/share/planner_py/package.zsh'
[1.688s] Level 1:colcon.colcon_core.environment:create_file_with_runtime_dependencies(/home/robprakt2/beer_ws/install/planner_py/share/colcon-core/packages/planner_py)
[6.125s] Level 1:colcon.colcon_core.environment:create_environment_scripts_only(driver_cpp)
[6.126s] Level 1:colcon.colcon_core.environment:checking '/home/robprakt2/beer_ws/install/driver_cpp' for CMake module files
[6.126s] DEBUG:colcon.colcon_core.event_handler.log_command:Invoked command in '/home/robprakt2/beer_ws/build/driver_cpp' returned '2': AMENT_PREFIX_PATH=/home/robprakt2/beer_ws/install/prak_msgs:${AMENT_PREFIX_PATH} CMAKE_PREFIX_PATH=/home/robprakt2/beer_ws/install/prak_msgs:/home/robprakt2/Gruppe4_ws/install/vision:/home/robprakt2/Gruppe4_ws/install/search_behavior:/home/robprakt2/Gruppe4_ws/install/draw_controller:/home/robprakt2/Gruppe4_ws/install/controller:/home/robprakt2/Projekt_ws/install/height_control:/home/robprakt2/Projekt_ws/install/cutting_controller:/home/robprakt2/ws_moveit/install/robotiq_hardware_tests:/home/robprakt2/ws_moveit/install/robotiq_driver:/home/robprakt2/ws_moveit/install/serial:/home/robprakt2/ws_moveit/install/moveit2_tutorials:/home/robprakt2/ws_moveit/install/moveit_visual_tools:/home/robprakt2/ws_moveit/install/rviz_visual_tools:/home/robprakt2/ws_moveit/install/moveit_task_constructor_demo:/home/robprakt2/ws_moveit/install/moveit_task_constructor_visualization:/home/robprakt2/ws_moveit/install/moveit_task_constructor_capabilities:/home/robprakt2/ws_moveit/install/moveit_task_constructor_core:/home/robprakt2/ws_moveit/install/rviz_marker_tools:/home/robprakt2/ws_moveit/install/kortex_bringup:/home/robprakt2/ws_moveit/install/kinova_gen3_lite_moveit_config:/home/robprakt2/ws_moveit/install/kinova_gen3_7dof_robotiq_2f_85_moveit_config:/home/robprakt2/ws_moveit/install/kinova_gen3_6dof_robotiq_2f_85_moveit_config:/home/robprakt2/ws_moveit/install/kortex_description:/home/robprakt2/ws_moveit/install/robotiq_description:/home/robprakt2/ws_moveit/install/robotiq_controllers:/home/robprakt2/ws_moveit/install/pilz_industrial_motion_planner_testutils:/home/robprakt2/ws_moveit/install/moveit_runtime:/home/robprakt2/ws_moveit/install/moveit:/home/robprakt2/ws_moveit/install/moveit_planners:/home/robprakt2/ws_moveit/install/pilz_industrial_motion_planner:/home/robprakt2/ws_moveit/install/moveit_task_constructor_msgs:/home/robprakt2/ws_moveit/install/moveit_ros_control_interface:/home/robprakt2/ws_moveit/install/moveit_plugins:/home/robprakt2/ws_moveit/install/moveit_simple_controller_manager:/home/robprakt2/ws_moveit/install/moveit_setup_assistant:/home/robprakt2/ws_moveit/install/moveit_setup_srdf_plugins:/home/robprakt2/ws_moveit/install/moveit_setup_core_plugins:/home/robprakt2/ws_moveit/install/moveit_setup_controllers:/home/robprakt2/ws_moveit/install/moveit_setup_app_plugins:/home/robprakt2/ws_moveit/install/moveit_setup_framework:/home/robprakt2/ws_moveit/install/moveit_servo:/home/robprakt2/ws_moveit/install/moveit_ros_trajectory_cache:/home/robprakt2/ws_moveit/install/moveit_ros:/home/robprakt2/ws_moveit/install/moveit_ros_visualization:/home/robprakt2/ws_moveit/install/moveit_py:/home/robprakt2/ws_moveit/install/moveit_hybrid_planning:/home/robprakt2/ws_moveit/install/moveit_ros_planning_interface:/home/robprakt2/ws_moveit/install/moveit_ros_benchmarks:/home/robprakt2/ws_moveit/install/moveit_ros_warehouse:/home/robprakt2/ws_moveit/install/moveit_ros_robot_interaction:/home/robprakt2/ws_moveit/install/moveit_ros_perception:/home/robprakt2/ws_moveit/install/moveit_resources_prbt_pg70_support:/home/robprakt2/ws_moveit/install/moveit_resources_prbt_moveit_config:/home/robprakt2/ws_moveit/install/moveit_ros_move_group:/home/robprakt2/ws_moveit/install/moveit_planners_ompl:/home/robprakt2/ws_moveit/install/moveit_kinematics:/home/robprakt2/ws_moveit/install/moveit_ros_planning:/home/robprakt2/ws_moveit/install/moveit_ros_occupancy_map_monitor:/home/robprakt2/ws_moveit/install/moveit_resources_prbt_support:/home/robprakt2/ws_moveit/install/moveit_resources_prbt_ikfast_manipulator_plugin:/home/robprakt2/ws_moveit/install/moveit_resources:/home/robprakt2/ws_moveit/install/moveit_resources_pr2_description:/home/robprakt2/ws_moveit/install/moveit_resources_panda_moveit_config:/home/robprakt2/ws_moveit/install/dual_arm_panda_moveit_config:/home/robprakt2/ws_moveit/install/moveit_resources_panda_description:/home/robprakt2/ws_moveit/install/moveit_resources_fanuc_moveit_config:/home/robprakt2/ws_moveit/install/moveit_resources_fanuc_description:/home/robprakt2/ws_moveit/install/moveit_planners_stomp:/home/robprakt2/ws_moveit/install/moveit_planners_chomp:/home/robprakt2/ws_moveit/install/chomp_motion_planner:/home/robprakt2/ws_moveit/install/moveit_core:/home/robprakt2/ws_moveit/install/moveit_msgs:/home/robprakt2/ws_moveit/install/moveit_common:/home/robprakt2/ws_moveit/install/kortex_driver:/home/robprakt2/ws_moveit/install/kortex_api:/opt/ros/kilted/opt/gz_sim_vendor:/opt/ros/kilted/opt/gz_sensors_vendor:/opt/ros/kilted/opt/gz_physics_vendor:/opt/ros/kilted/opt/sdformat_vendor:/opt/ros/kilted/opt/gz_gui_vendor:/opt/ros/kilted/opt/gz_transport_vendor:/opt/ros/kilted/opt/gz_rendering_vendor:/opt/ros/kilted/opt/gz_plugin_vendor:/opt/ros/kilted/opt/gz_fuel_tools_vendor:/opt/ros/kilted/opt/gz_msgs_vendor:/opt/ros/kilted/opt/gz_common_vendor:/opt/ros/kilted/opt/gz_math_vendor:/opt/ros/kilted/opt/gz_utils_vendor:/opt/ros/kilted/opt/gz_tools_vendor:/opt/ros/kilted/opt/gz_ogre_next_vendor:/opt/ros/kilted/opt/gz_dartsim_vendor:/opt/ros/kilted/opt/gz_cmake_vendor:/home/robprakt2/ws_moveit/install/moveit_configs_utils:/home/robprakt2/ws_moveit/install/RobPrakTEI:/opt/ros/kilted DEBUGINFOD_URLS=https://debuginfod.ubuntu.com LD_LIBRARY_PATH=/home/robprakt2/beer_ws/install/prak_msgs/lib:${LD_LIBRARY_PATH} PYTHONPATH=/home/robprakt2/beer_ws/install/prak_msgs/lib/python3.12/site-packages:${PYTHONPATH} /usr/bin/cmake --build /home/robprakt2/beer_ws/build/driver_cpp -- -j12 -l12
[6.126s] Level 1:colcon.colcon_core.environment:checking '/home/robprakt2/beer_ws/install/driver_cpp' for CMake config files
[6.126s] Level 1:colcon.colcon_core.shell:create_environment_hook('driver_cpp', 'cmake_prefix_path')
[6.126s] INFO:colcon.colcon_core.shell:Creating environment hook '/home/robprakt2/beer_ws/install/driver_cpp/share/driver_cpp/hook/cmake_prefix_path.ps1'
[6.126s] INFO:colcon.colcon_core.shell:Creating environment descriptor '/home/robprakt2/beer_ws/install/driver_cpp/share/driver_cpp/hook/cmake_prefix_path.dsv'
[6.127s] INFO:colcon.colcon_core.shell:Creating environment hook '/home/robprakt2/beer_ws/install/driver_cpp/share/driver_cpp/hook/cmake_prefix_path.sh'
[6.127s] Level 1:colcon.colcon_core.environment:checking '/home/robprakt2/beer_ws/install/driver_cpp/lib'
[6.127s] Level 1:colcon.colcon_core.environment:checking '/home/robprakt2/beer_ws/install/driver_cpp/bin'
[6.127s] Level 1:colcon.colcon_core.environment:checking '/home/robprakt2/beer_ws/install/driver_cpp/lib/pkgconfig/driver_cpp.pc'
[6.127s] Level 1:colcon.colcon_core.environment:checking '/home/robprakt2/beer_ws/install/driver_cpp/lib/python3.12/site-packages'
[6.127s] Level 1:colcon.colcon_core.environment:checking '/home/robprakt2/beer_ws/install/driver_cpp/bin'
[6.128s] INFO:colcon.colcon_core.shell:Creating package script '/home/robprakt2/beer_ws/install/driver_cpp/share/driver_cpp/package.ps1'
[6.128s] INFO:colcon.colcon_core.shell:Creating package descriptor '/home/robprakt2/beer_ws/install/driver_cpp/share/driver_cpp/package.dsv'
[6.128s] INFO:colcon.colcon_core.shell:Creating package script '/home/robprakt2/beer_ws/install/driver_cpp/share/driver_cpp/package.sh'
[6.128s] INFO:colcon.colcon_core.shell:Creating package script '/home/robprakt2/beer_ws/install/driver_cpp/share/driver_cpp/package.bash'
[6.129s] INFO:colcon.colcon_core.shell:Creating package script '/home/robprakt2/beer_ws/install/driver_cpp/share/driver_cpp/package.zsh'
[6.129s] Level 1:colcon.colcon_core.environment:create_file_with_runtime_dependencies(/home/robprakt2/beer_ws/install/driver_cpp/share/colcon-core/packages/driver_cpp)
[6.139s] DEBUG:colcon.colcon_parallel_executor.executor.parallel:closing loop
[6.139s] DEBUG:colcon.colcon_parallel_executor.executor.parallel:loop closed
[6.139s] DEBUG:colcon.colcon_parallel_executor.executor.parallel:run_until_complete finished with '2'
[6.139s] DEBUG:colcon.colcon_core.event_reactor:joining thread
[6.143s] INFO:colcon.colcon_core.plugin_system:Skipping extension 'colcon_notification.desktop_notification.terminal_notifier': Not used on non-Darwin systems
[6.143s] INFO:colcon.colcon_core.plugin_system:Skipping extension 'colcon_notification.desktop_notification.win32': Not used on non-Windows systems
[6.143s] INFO:colcon.colcon_notification.desktop_notification:Sending desktop notification using 'notify2'
[6.152s] DEBUG:colcon.colcon_core.event_reactor:joined thread
[6.152s] INFO:colcon.colcon_core.shell:Creating prefix script '/home/robprakt2/beer_ws/install/local_setup.ps1'
[6.153s] INFO:colcon.colcon_core.shell:Creating prefix util module '/home/robprakt2/beer_ws/install/_local_setup_util_ps1.py'
[6.153s] INFO:colcon.colcon_core.shell:Creating prefix chain script '/home/robprakt2/beer_ws/install/setup.ps1'
[6.155s] INFO:colcon.colcon_core.shell:Creating prefix script '/home/robprakt2/beer_ws/install/local_setup.sh'
[6.155s] INFO:colcon.colcon_core.shell:Creating prefix util module '/home/robprakt2/beer_ws/install/_local_setup_util_sh.py'
[6.156s] INFO:colcon.colcon_core.shell:Creating prefix chain script '/home/robprakt2/beer_ws/install/setup.sh'
[6.157s] INFO:colcon.colcon_core.shell:Creating prefix script '/home/robprakt2/beer_ws/install/local_setup.bash'
[6.158s] INFO:colcon.colcon_core.shell:Creating prefix chain script '/home/robprakt2/beer_ws/install/setup.bash'
[6.159s] INFO:colcon.colcon_core.shell:Creating prefix script '/home/robprakt2/beer_ws/install/local_setup.zsh'
[6.160s] INFO:colcon.colcon_core.shell:Creating prefix chain script '/home/robprakt2/beer_ws/install/setup.zsh'
