running develop
running egg_info
creating planner_py.egg-info
writing planner_py.egg-info/PKG-INFO
writing dependency_links to planner_py.egg-info/dependency_links.txt
writing entry points to planner_py.egg-info/entry_points.txt
writing requirements to planner_py.egg-info/requires.txt
writing top-level names to planner_py.egg-info/top_level.txt
writing manifest file 'planner_py.egg-info/SOURCES.txt'
reading manifest file 'planner_py.egg-info/SOURCES.txt'
writing manifest file 'planner_py.egg-info/SOURCES.txt'
running build_ext
Creating /home/robprakt2/beer_ws/install/planner_py/lib/python3.12/site-packages/planner-py.egg-link (link to .)
Installing state_node script to /home/robprakt2/beer_ws/install/planner_py/lib/planner_py
Installing test_planner_node script to /home/robprakt2/beer_ws/install/planner_py/lib/planner_py

Installed /home/robprakt2/beer_ws/build/planner_py
running symlink_data
creating /home/robprakt2/beer_ws/install/planner_py/share/ament_index
creating /home/robprakt2/beer_ws/install/planner_py/share/ament_index/resource_index
creating /home/robprakt2/beer_ws/install/planner_py/share/ament_index/resource_index/packages
symbolically linking /home/robprakt2/beer_ws/build/planner_py/resource/planner_py -> /home/robprakt2/beer_ws/install/planner_py/share/ament_index/resource_index/packages
symbolically linking /home/robprakt2/beer_ws/build/planner_py/package.xml -> /home/robprakt2/beer_ws/install/planner_py/share/planner_py
creating /home/robprakt2/beer_ws/install/planner_py/share/planner_py/launch
symbolically linking /home/robprakt2/beer_ws/build/planner_py/launch/planner.launch.py -> /home/robprakt2/beer_ws/install/planner_py/share/planner_py/launch
