running egg_info
writing ../../build/planner_py/planner_py.egg-info/PKG-INFO
writing dependency_links to ../../build/planner_py/planner_py.egg-info/dependency_links.txt
writing entry points to ../../build/planner_py/planner_py.egg-info/entry_points.txt
writing requirements to ../../build/planner_py/planner_py.egg-info/requires.txt
writing top-level names to ../../build/planner_py/planner_py.egg-info/top_level.txt
reading manifest file '../../build/planner_py/planner_py.egg-info/SOURCES.txt'
adding license file 'LICENSE'
writing manifest file '../../build/planner_py/planner_py.egg-info/SOURCES.txt'
running build
running build_py
copying planner_py/test_planner_node.py -> /home/robprakt2/beer_ws/build/planner_py/build/lib/planner_py
running install
running install_lib
copying /home/robprakt2/beer_ws/build/planner_py/build/lib/planner_py/test_planner_node.py -> /home/robprakt2/beer_ws/install/planner_py/lib/python3.12/site-packages/planner_py
byte-compiling /home/robprakt2/beer_ws/install/planner_py/lib/python3.12/site-packages/planner_py/test_planner_node.py to test_planner_node.cpython-312.pyc
running install_data
running install_egg_info
removing '/home/robprakt2/beer_ws/install/planner_py/lib/python3.12/site-packages/planner_py-0.0.0-py3.12.egg-info' (and everything under it)
Copying ../../build/planner_py/planner_py.egg-info to /home/robprakt2/beer_ws/install/planner_py/lib/python3.12/site-packages/planner_py-0.0.0-py3.12.egg-info
running install_scripts
Installing state_node script to /home/robprakt2/beer_ws/install/planner_py/lib/planner_py
Installing test_planner_node script to /home/robprakt2/beer_ws/install/planner_py/lib/planner_py
writing list of installed files to '/home/robprakt2/beer_ws/build/planner_py/install.log'
