[0.014s] Invoking command in '/home/robprakt2/beer_ws/build/driver_cpp': CMAKE_PREFIX_PATH=/home/robprakt2/beer_ws/install/prak_msgs:/home/robprakt2/beer_ws/install/driver_cpp:/home/robprakt2/Projekt_ws/install/height_control:/home/robprakt2/Projekt_ws/install/cutting_controller:/home/robprakt2/ws_moveit/install/robotiq_hardware_tests:/home/robprakt2/ws_moveit/install/robotiq_driver:/home/robprakt2/ws_moveit/install/serial:/home/robprakt2/ws_moveit/install/moveit2_tutorials:/home/robprakt2/ws_moveit/install/moveit_visual_tools:/home/robprakt2/ws_moveit/install/rviz_visual_tools:/home/robprakt2/ws_moveit/install/moveit_task_constructor_demo:/home/robprakt2/ws_moveit/install/moveit_task_constructor_visualization:/home/robprakt2/ws_moveit/install/moveit_task_constructor_capabilities:/home/robprakt2/ws_moveit/install/moveit_task_constructor_core:/home/robprakt2/ws_moveit/install/rviz_marker_tools:/home/robprakt2/ws_moveit/install/kortex_bringup:/home/robprakt2/ws_moveit/install/kinova_gen3_lite_moveit_config:/home/robprakt2/ws_moveit/install/kinova_gen3_7dof_robotiq_2f_85_moveit_config:/home/robprakt2/ws_moveit/install/kinova_gen3_6dof_robotiq_2f_85_moveit_config:/home/robprakt2/ws_moveit/install/kortex_description:/home/robprakt2/ws_moveit/install/robotiq_description:/home/robprakt2/ws_moveit/install/robotiq_controllers:/home/robprakt2/ws_moveit/install/pilz_industrial_motion_planner_testutils:/home/robprakt2/ws_moveit/install/moveit_runtime:/home/robprakt2/ws_moveit/install/moveit:/home/robprakt2/ws_moveit/install/moveit_planners:/home/robprakt2/ws_moveit/install/pilz_industrial_motion_planner:/home/robprakt2/ws_moveit/install/moveit_task_constructor_msgs:/home/robprakt2/ws_moveit/install/moveit_ros_control_interface:/home/robprakt2/ws_moveit/install/moveit_plugins:/home/robprakt2/ws_moveit/install/moveit_simple_controller_manager:/home/robprakt2/ws_moveit/install/moveit_setup_assistant:/home/robprakt2/ws_moveit/install/moveit_setup_srdf_plugins:/home/robprakt2/ws_moveit/install/moveit_setup_core_plugins:/home/robprakt2/ws_moveit/install/moveit_setup_controllers:/home/robprakt2/ws_moveit/install/moveit_setup_app_plugins:/home/robprakt2/ws_moveit/install/moveit_setup_framework:/home/robprakt2/ws_moveit/install/moveit_servo:/home/robprakt2/ws_moveit/install/moveit_ros_trajectory_cache:/home/robprakt2/ws_moveit/install/moveit_ros:/home/robprakt2/ws_moveit/install/moveit_ros_visualization:/home/robprakt2/ws_moveit/install/moveit_py:/home/robprakt2/ws_moveit/install/moveit_hybrid_planning:/home/robprakt2/ws_moveit/install/moveit_ros_planning_interface:/home/robprakt2/ws_moveit/install/moveit_ros_benchmarks:/home/robprakt2/ws_moveit/install/moveit_ros_warehouse:/home/robprakt2/ws_moveit/install/moveit_ros_robot_interaction:/home/robprakt2/ws_moveit/install/moveit_ros_perception:/home/robprakt2/ws_moveit/install/moveit_resources_prbt_pg70_support:/home/robprakt2/ws_moveit/install/moveit_resources_prbt_moveit_config:/home/robprakt2/ws_moveit/install/moveit_ros_move_group:/home/robprakt2/ws_moveit/install/moveit_planners_ompl:/home/robprakt2/ws_moveit/install/moveit_kinematics:/home/robprakt2/ws_moveit/install/moveit_ros_planning:/home/robprakt2/ws_moveit/install/moveit_ros_occupancy_map_monitor:/home/robprakt2/ws_moveit/install/moveit_resources_prbt_support:/home/robprakt2/ws_moveit/install/moveit_resources_prbt_ikfast_manipulator_plugin:/home/robprakt2/ws_moveit/install/moveit_resources:/home/robprakt2/ws_moveit/install/moveit_resources_pr2_description:/home/robprakt2/ws_moveit/install/moveit_resources_panda_moveit_config:/home/robprakt2/ws_moveit/install/dual_arm_panda_moveit_config:/home/robprakt2/ws_moveit/install/moveit_resources_panda_description:/home/robprakt2/ws_moveit/install/moveit_resources_fanuc_moveit_config:/home/robprakt2/ws_moveit/install/moveit_resources_fanuc_description:/home/robprakt2/ws_moveit/install/moveit_planners_stomp:/home/robprakt2/ws_moveit/install/moveit_planners_chomp:/home/robprakt2/ws_moveit/install/chomp_motion_planner:/home/robprakt2/ws_moveit/install/moveit_core:/home/robprakt2/ws_moveit/install/moveit_msgs:/home/robprakt2/ws_moveit/install/moveit_common:/home/robprakt2/ws_moveit/install/kortex_driver:/home/robprakt2/ws_moveit/install/kortex_api:/opt/ros/kilted/opt/gz_sim_vendor:/opt/ros/kilted/opt/gz_sensors_vendor:/opt/ros/kilted/opt/gz_physics_vendor:/opt/ros/kilted/opt/sdformat_vendor:/opt/ros/kilted/opt/gz_gui_vendor:/opt/ros/kilted/opt/gz_transport_vendor:/opt/ros/kilted/opt/gz_rendering_vendor:/opt/ros/kilted/opt/gz_plugin_vendor:/opt/ros/kilted/opt/gz_fuel_tools_vendor:/opt/ros/kilted/opt/gz_msgs_vendor:/opt/ros/kilted/opt/gz_common_vendor:/opt/ros/kilted/opt/gz_math_vendor:/opt/ros/kilted/opt/gz_utils_vendor:/opt/ros/kilted/opt/gz_tools_vendor:/opt/ros/kilted/opt/gz_ogre_next_vendor:/opt/ros/kilted/opt/gz_dartsim_vendor:/opt/ros/kilted/opt/gz_cmake_vendor:/home/robprakt2/beer_ws/install/master_py:/home/robprakt2/beer_ws/install/planner_py:/home/robprakt2/ws_moveit/install/moveit_configs_utils:/home/robprakt2/ws_moveit/install/RobPrakTEI:/opt/ros/kilted DEBUGINFOD_URLS=https://debuginfod.ubuntu.com PYTHONPATH=/home/robprakt2/beer_ws/install/prak_msgs/lib/python3.12/site-packages:/home/robprakt2/beer_ws/build/master_py:/home/robprakt2/beer_ws/install/master_py/lib/python3.12/site-packages:/home/robprakt2/beer_ws/build/planner_py:/home/robprakt2/beer_ws/install/planner_py/lib/python3.12/site-packages:/home/robprakt2/ws_moveit/install/moveit_task_constructor_core/lib/python3.12/site-packages:/home/robprakt2/ws_moveit/install/moveit_task_constructor_msgs/lib/python3.12/site-packages:/home/robprakt2/ws_moveit/install/moveit_py/lib/python3.12/site-packages:/home/robprakt2/ws_moveit/install/moveit_msgs/lib/python3.12/site-packages:/home/robprakt2/ws_moveit/install/moveit_configs_utils/lib/python3.12/site-packages:/home/robprakt2/ws_moveit/install/RobPrakTEI/lib/python3.12/site-packages:/opt/ros/kilted/lib/python3.12/site-packages /usr/bin/cmake --build /home/robprakt2/beer_ws/build/driver_cpp -- -j12 -l12
[0.037s] -- Found ament_cmake: 2.7.3 (/opt/ros/kilted/share/ament_cmake/cmake)
[0.209s] -- Override CMake install command with custom implementation using symlinks instead of copying resources
[0.214s] -- Found rclcpp: 29.5.3 (/opt/ros/kilted/share/rclcpp/cmake)
[0.237s] -- Found rosidl_generator_c: 4.9.5 (/opt/ros/kilted/share/rosidl_generator_c/cmake)
[0.244s] -- Found rosidl_generator_cpp: 4.9.5 (/opt/ros/kilted/share/rosidl_generator_cpp/cmake)
[0.256s] -- Using all available rosidl_typesupport_c: rosidl_typesupport_fastrtps_c;rosidl_typesupport_introspection_c
[0.268s] -- Using all available rosidl_typesupport_cpp: rosidl_typesupport_fastrtps_cpp;rosidl_typesupport_introspection_cpp
[0.317s] -- Found rmw_implementation_cmake: 7.8.2 (/opt/ros/kilted/share/rmw_implementation_cmake/cmake)
[0.321s] -- Found rmw_fastrtps_cpp: 9.3.3 (/opt/ros/kilted/share/rmw_fastrtps_cpp/cmake)
[0.354s] -- Using RMW implementation 'rmw_fastrtps_cpp' as default
[0.409s] -- Found rclcpp_action: 29.5.3 (/opt/ros/kilted/share/rclcpp_action/cmake)
[0.461s] -- Found geometry_msgs: 5.5.1 (/opt/ros/kilted/share/geometry_msgs/cmake)
[0.490s] -- Found prak_msgs: 0.0.0 (/home/robprakt2/beer_ws/install/prak_msgs/share/prak_msgs/cmake)
[0.514s] -- Found moveit_ros_planning_interface: 2.14.1 (/home/robprakt2/ws_moveit/install/moveit_ros_planning_interface/share/moveit_ros_planning_interface/cmake)
[0.640s] -- Found Boost: /usr/lib/x86_64-linux-gnu/cmake/Boost-1.83.0/BoostConfig.cmake (found version "1.83.0") found components: date_time filesystem program_options system thread 
[0.863s] -- Found Boost: /usr/lib/x86_64-linux-gnu/cmake/Boost-1.83.0/BoostConfig.cmake (found version "1.83.0") found components: chrono date_time filesystem iostreams program_options regex serialization system thread 
[0.968s] -- Found parameter_traits: 0.5.0 (/opt/ros/kilted/share/parameter_traits/cmake)
[0.996s] -- Found rclcpp_lifecycle: 29.5.3 (/opt/ros/kilted/share/rclcpp_lifecycle/cmake)
[1.067s] -- Found Boost: /usr/lib/x86_64-linux-gnu/cmake/Boost-1.83.0/BoostConfig.cmake (found version "1.83.0") found components: random 
[1.128s] -- Found Eigen3: TRUE (found version "3.4.0") 
[1.128s] -- Ensuring Eigen3 include directory is part of orocos-kdl CMake target
[1.328s] -- Found Boost: /usr/lib/x86_64-linux-gnu/cmake/Boost-1.83.0/BoostConfig.cmake (found version "1.83.0") found components: system filesystem date_time program_options thread chrono 
[1.373s] -- Found Boost: /usr/lib/x86_64-linux-gnu/cmake/Boost-1.83.0/BoostConfig.cmake (found version "1.83.0") found components: thread system filesystem regex date_time program_options 
[1.400s] -- Found Boost: /usr/lib/x86_64-linux-gnu/cmake/Boost-1.83.0/BoostConfig.cmake (found version "1.83.0") found components: system filesystem date_time program_options thread 
[1.437s] -- Found Threads: TRUE  
[1.438s] [0mCMake Deprecation Warning at /opt/ros/kilted/share/ament_cmake_target_dependencies/cmake/ament_target_dependencies.cmake:87 (message):
[1.438s]   ament_target_dependencies() is deprecated.  Use target_link_libraries()
[1.438s]   with modern CMake targets instead.  Try replacing this call with:
[1.438s] 
[1.438s]     target_link_libraries(actuator_driver_node PUBLIC
[1.438s]       ${geometry_msgs_TARGETS}
[1.438s]       ${prak_msgs_TARGETS}
[1.438s]       moveit_ros_planning_interface::moveit_common_planning_interface_objects
[1.438s]       moveit_ros_planning_interface::moveit_move_group_interface
[1.438s]       moveit_ros_planning_interface::moveit_planning_scene_interface
[1.438s]       rclcpp::rclcpp
[1.438s]       tf2_geometry_msgs::tf2_geometry_msgs
[1.438s]       tf2_ros::static_transform_broadcaster_node
[1.438s]       tf2_ros::tf2_ros
[1.438s]     )
[1.438s] 
[1.438s] Call Stack (most recent call first):
[1.438s]   CMakeLists.txt:33 (ament_target_dependencies)
[1.438s] 
[1.438s] [0m
[1.447s] [0mCMake Deprecation Warning at /opt/ros/kilted/share/ament_cmake_target_dependencies/cmake/ament_target_dependencies.cmake:87 (message):
[1.447s]   ament_target_dependencies() is deprecated.  Use target_link_libraries()
[1.447s]   with modern CMake targets instead.  Try replacing this call with:
[1.447s] 
[1.447s]     target_link_libraries(actuator_action_server PUBLIC
[1.447s]       ${prak_msgs_TARGETS}
[1.447s]       rclcpp::rclcpp
[1.447s]       rclcpp_action::rclcpp_action
[1.447s]     )
[1.447s] 
[1.447s] Call Stack (most recent call first):
[1.447s]   CMakeLists.txt:47 (ament_target_dependencies)
[1.447s] 
[1.447s] [0m
[1.451s] -- Found ament_lint_auto: 0.19.2 (/opt/ros/kilted/share/ament_lint_auto/cmake)
[1.523s] -- Added test 'cppcheck' to perform static code analysis on C / C++ code
[1.524s] -- Configured cppcheck include dirs: 
[1.524s] -- Configured cppcheck exclude dirs and/or files: 
[1.524s] -- Added test 'lint_cmake' to check CMake code style
[1.524s] -- Added test 'uncrustify' to check C / C++ code style
[1.524s] -- Configured uncrustify additional arguments: 
[1.525s] -- Added test 'xmllint' to check XML markup files
[1.525s] -- Configuring done (1.5s)
[1.532s] [31mCMake Error at CMakeLists.txt:43 (add_executable):
[1.532s]   Cannot find source file:
[1.532s] 
[1.533s]     src/actuator_action_server.cpp
[1.533s] 
[1.533s] [0m
[1.536s] [31mCMake Error at CMakeLists.txt:43 (add_executable):
[1.536s]   No SOURCES given to target: actuator_action_server
[1.536s] 
[1.536s] [0m
[1.536s] [0mCMake Generate step failed.  Build files cannot be regenerated correctly.[0m
[1.544s] gmake: *** [Makefile:226: cmake_check_build_system] Error 1
[1.545s] Invoked command in '/home/robprakt2/beer_ws/build/driver_cpp' returned '2': CMAKE_PREFIX_PATH=/home/robprakt2/beer_ws/install/prak_msgs:/home/robprakt2/beer_ws/install/driver_cpp:/home/robprakt2/Projekt_ws/install/height_control:/home/robprakt2/Projekt_ws/install/cutting_controller:/home/robprakt2/ws_moveit/install/robotiq_hardware_tests:/home/robprakt2/ws_moveit/install/robotiq_driver:/home/robprakt2/ws_moveit/install/serial:/home/robprakt2/ws_moveit/install/moveit2_tutorials:/home/robprakt2/ws_moveit/install/moveit_visual_tools:/home/robprakt2/ws_moveit/install/rviz_visual_tools:/home/robprakt2/ws_moveit/install/moveit_task_constructor_demo:/home/robprakt2/ws_moveit/install/moveit_task_constructor_visualization:/home/robprakt2/ws_moveit/install/moveit_task_constructor_capabilities:/home/robprakt2/ws_moveit/install/moveit_task_constructor_core:/home/robprakt2/ws_moveit/install/rviz_marker_tools:/home/robprakt2/ws_moveit/install/kortex_bringup:/home/robprakt2/ws_moveit/install/kinova_gen3_lite_moveit_config:/home/robprakt2/ws_moveit/install/kinova_gen3_7dof_robotiq_2f_85_moveit_config:/home/robprakt2/ws_moveit/install/kinova_gen3_6dof_robotiq_2f_85_moveit_config:/home/robprakt2/ws_moveit/install/kortex_description:/home/robprakt2/ws_moveit/install/robotiq_description:/home/robprakt2/ws_moveit/install/robotiq_controllers:/home/robprakt2/ws_moveit/install/pilz_industrial_motion_planner_testutils:/home/robprakt2/ws_moveit/install/moveit_runtime:/home/robprakt2/ws_moveit/install/moveit:/home/robprakt2/ws_moveit/install/moveit_planners:/home/robprakt2/ws_moveit/install/pilz_industrial_motion_planner:/home/robprakt2/ws_moveit/install/moveit_task_constructor_msgs:/home/robprakt2/ws_moveit/install/moveit_ros_control_interface:/home/robprakt2/ws_moveit/install/moveit_plugins:/home/robprakt2/ws_moveit/install/moveit_simple_controller_manager:/home/robprakt2/ws_moveit/install/moveit_setup_assistant:/home/robprakt2/ws_moveit/install/moveit_setup_srdf_plugins:/home/robprakt2/ws_moveit/install/moveit_setup_core_plugins:/home/robprakt2/ws_moveit/install/moveit_setup_controllers:/home/robprakt2/ws_moveit/install/moveit_setup_app_plugins:/home/robprakt2/ws_moveit/install/moveit_setup_framework:/home/robprakt2/ws_moveit/install/moveit_servo:/home/robprakt2/ws_moveit/install/moveit_ros_trajectory_cache:/home/robprakt2/ws_moveit/install/moveit_ros:/home/robprakt2/ws_moveit/install/moveit_ros_visualization:/home/robprakt2/ws_moveit/install/moveit_py:/home/robprakt2/ws_moveit/install/moveit_hybrid_planning:/home/robprakt2/ws_moveit/install/moveit_ros_planning_interface:/home/robprakt2/ws_moveit/install/moveit_ros_benchmarks:/home/robprakt2/ws_moveit/install/moveit_ros_warehouse:/home/robprakt2/ws_moveit/install/moveit_ros_robot_interaction:/home/robprakt2/ws_moveit/install/moveit_ros_perception:/home/robprakt2/ws_moveit/install/moveit_resources_prbt_pg70_support:/home/robprakt2/ws_moveit/install/moveit_resources_prbt_moveit_config:/home/robprakt2/ws_moveit/install/moveit_ros_move_group:/home/robprakt2/ws_moveit/install/moveit_planners_ompl:/home/robprakt2/ws_moveit/install/moveit_kinematics:/home/robprakt2/ws_moveit/install/moveit_ros_planning:/home/robprakt2/ws_moveit/install/moveit_ros_occupancy_map_monitor:/home/robprakt2/ws_moveit/install/moveit_resources_prbt_support:/home/robprakt2/ws_moveit/install/moveit_resources_prbt_ikfast_manipulator_plugin:/home/robprakt2/ws_moveit/install/moveit_resources:/home/robprakt2/ws_moveit/install/moveit_resources_pr2_description:/home/robprakt2/ws_moveit/install/moveit_resources_panda_moveit_config:/home/robprakt2/ws_moveit/install/dual_arm_panda_moveit_config:/home/robprakt2/ws_moveit/install/moveit_resources_panda_description:/home/robprakt2/ws_moveit/install/moveit_resources_fanuc_moveit_config:/home/robprakt2/ws_moveit/install/moveit_resources_fanuc_description:/home/robprakt2/ws_moveit/install/moveit_planners_stomp:/home/robprakt2/ws_moveit/install/moveit_planners_chomp:/home/robprakt2/ws_moveit/install/chomp_motion_planner:/home/robprakt2/ws_moveit/install/moveit_core:/home/robprakt2/ws_moveit/install/moveit_msgs:/home/robprakt2/ws_moveit/install/moveit_common:/home/robprakt2/ws_moveit/install/kortex_driver:/home/robprakt2/ws_moveit/install/kortex_api:/opt/ros/kilted/opt/gz_sim_vendor:/opt/ros/kilted/opt/gz_sensors_vendor:/opt/ros/kilted/opt/gz_physics_vendor:/opt/ros/kilted/opt/sdformat_vendor:/opt/ros/kilted/opt/gz_gui_vendor:/opt/ros/kilted/opt/gz_transport_vendor:/opt/ros/kilted/opt/gz_rendering_vendor:/opt/ros/kilted/opt/gz_plugin_vendor:/opt/ros/kilted/opt/gz_fuel_tools_vendor:/opt/ros/kilted/opt/gz_msgs_vendor:/opt/ros/kilted/opt/gz_common_vendor:/opt/ros/kilted/opt/gz_math_vendor:/opt/ros/kilted/opt/gz_utils_vendor:/opt/ros/kilted/opt/gz_tools_vendor:/opt/ros/kilted/opt/gz_ogre_next_vendor:/opt/ros/kilted/opt/gz_dartsim_vendor:/opt/ros/kilted/opt/gz_cmake_vendor:/home/robprakt2/beer_ws/install/master_py:/home/robprakt2/beer_ws/install/planner_py:/home/robprakt2/ws_moveit/install/moveit_configs_utils:/home/robprakt2/ws_moveit/install/RobPrakTEI:/opt/ros/kilted DEBUGINFOD_URLS=https://debuginfod.ubuntu.com PYTHONPATH=/home/robprakt2/beer_ws/install/prak_msgs/lib/python3.12/site-packages:/home/robprakt2/beer_ws/build/master_py:/home/robprakt2/beer_ws/install/master_py/lib/python3.12/site-packages:/home/robprakt2/beer_ws/build/planner_py:/home/robprakt2/beer_ws/install/planner_py/lib/python3.12/site-packages:/home/robprakt2/ws_moveit/install/moveit_task_constructor_core/lib/python3.12/site-packages:/home/robprakt2/ws_moveit/install/moveit_task_constructor_msgs/lib/python3.12/site-packages:/home/robprakt2/ws_moveit/install/moveit_py/lib/python3.12/site-packages:/home/robprakt2/ws_moveit/install/moveit_msgs/lib/python3.12/site-packages:/home/robprakt2/ws_moveit/install/moveit_configs_utils/lib/python3.12/site-packages:/home/robprakt2/ws_moveit/install/RobPrakTEI/lib/python3.12/site-packages:/opt/ros/kilted/lib/python3.12/site-packages /usr/bin/cmake --build /home/robprakt2/beer_ws/build/driver_cpp -- -j12 -l12
