running egg_info
writing ../../build/hand_eye_calib_py/hand_eye_calib_py.egg-info/PKG-INFO
writing dependency_links to ../../build/hand_eye_calib_py/hand_eye_calib_py.egg-info/dependency_links.txt
writing entry points to ../../build/hand_eye_calib_py/hand_eye_calib_py.egg-info/entry_points.txt
writing requirements to ../../build/hand_eye_calib_py/hand_eye_calib_py.egg-info/requires.txt
writing top-level names to ../../build/hand_eye_calib_py/hand_eye_calib_py.egg-info/top_level.txt
reading manifest file '../../build/hand_eye_calib_py/hand_eye_calib_py.egg-info/SOURCES.txt'
adding license file 'LICENSE'
writing manifest file '../../build/hand_eye_calib_py/hand_eye_calib_py.egg-info/SOURCES.txt'
running build
running build_py
copying hand_eye_calib_py/hand_eye_calib_node.py -> /home/robprakt2/beer_ws/build/hand_eye_calib_py/build/lib/hand_eye_calib_py
running install
running install_lib
copying /home/robprakt2/beer_ws/build/hand_eye_calib_py/build/lib/hand_eye_calib_py/hand_eye_calib_node.py -> /home/robprakt2/beer_ws/install/hand_eye_calib_py/lib/python3.12/site-packages/hand_eye_calib_py
byte-compiling /home/robprakt2/beer_ws/install/hand_eye_calib_py/lib/python3.12/site-packages/hand_eye_calib_py/hand_eye_calib_node.py to hand_eye_calib_node.cpython-312.pyc
running install_data
running install_egg_info
removing '/home/robprakt2/beer_ws/install/hand_eye_calib_py/lib/python3.12/site-packages/hand_eye_calib_py-0.0.0-py3.12.egg-info' (and everything under it)
Copying ../../build/hand_eye_calib_py/hand_eye_calib_py.egg-info to /home/robprakt2/beer_ws/install/hand_eye_calib_py/lib/python3.12/site-packages/hand_eye_calib_py-0.0.0-py3.12.egg-info
running install_scripts
Installing hand_eye_calib_node script to /home/robprakt2/beer_ws/install/hand_eye_calib_py/lib/hand_eye_calib_py
writing list of installed files to '/home/robprakt2/beer_ws/build/hand_eye_calib_py/install.log'
