-- The C compiler identification is GNU 13.3.0
-- The CXX compiler identification is GNU 13.3.0
-- Detecting C compiler ABI info
-- Detecting C compiler ABI info - done
-- Check for working C compiler: /usr/bin/cc - skipped
-- Detecting C compile features
-- Detecting C compile features - done
-- Detecting CXX compiler ABI info
-- Detecting CXX compiler ABI info - done
-- Check for working CXX compiler: /usr/bin/c++ - skipped
-- Detecting CXX compile features
-- Detecting CXX compile features - done
-- Found ament_cmake: 2.7.3 (/opt/ros/kilted/share/ament_cmake/cmake)
-- Found Python3: /usr/bin/python3 (found version "3.12.3") found components: Interpreter 
-- Override CMake install command with custom implementation using symlinks instead of copying resources
-- Found rclcpp: 29.5.3 (/opt/ros/kilted/share/rclcpp/cmake)
-- Found rosidl_generator_c: 4.9.5 (/opt/ros/kilted/share/rosidl_generator_c/cmake)
-- Found rosidl_generator_cpp: 4.9.5 (/opt/ros/kilted/share/rosidl_generator_cpp/cmake)
-- Using all available rosidl_typesupport_c: rosidl_typesupport_fastrtps_c;rosidl_typesupport_introspection_c
-- Using all available rosidl_typesupport_cpp: rosidl_typesupport_fastrtps_cpp;rosidl_typesupport_introspection_cpp
-- Found rmw_implementation_cmake: 7.8.2 (/opt/ros/kilted/share/rmw_implementation_cmake/cmake)
-- Found rmw_fastrtps_cpp: 9.3.3 (/opt/ros/kilted/share/rmw_fastrtps_cpp/cmake)
-- Found OpenSSL: /usr/lib/x86_64-linux-gnu/libcrypto.so (found version "3.0.13")  
-- Using RMW implementation 'rmw_fastrtps_cpp' as default
-- Found geometry_msgs: 5.5.1 (/opt/ros/kilted/share/geometry_msgs/cmake)
-- Found rosidl_default_generators: 1.7.1 (/opt/ros/kilted/share/rosidl_default_generators/cmake)
-- Found rosidl_adapter: 4.9.5 (/opt/ros/kilted/share/rosidl_adapter/cmake)
-- Found ament_cmake_ros_core: 0.14.3 (/opt/ros/kilted/share/ament_cmake_ros_core/cmake)
-- Using all available rosidl_typesupport_c: rosidl_typesupport_fastrtps_c;rosidl_typesupport_introspection_c
-- Using all available rosidl_typesupport_cpp: rosidl_typesupport_fastrtps_cpp;rosidl_typesupport_introspection_cpp
-- Found Python3: /usr/bin/python3 (found version "3.12.3") found components: Interpreter Development NumPy Development.Module Development.Embed 
-- Found ament_lint_auto: 0.19.2 (/opt/ros/kilted/share/ament_lint_auto/cmake)
-- Added test 'lint_cmake' to check CMake code style
-- Added test 'xmllint' to check XML markup files
-- Configuring done (3.0s)
-- Generating done (0.0s)
-- Build files have been written to: /home/robprakt2/beer_ws/build/prak_msgs
[  1%] [34m[1mGenerating type hashes for ROS interfaces[0m
[  1%] Built target ament_cmake_python_symlink_prak_msgs
running egg_info
creating prak_msgs.egg-info
[  1%] Built target prak_msgs__rosidl_generator_type_description
[  2%] [34m[1mGenerating C code for ROS interfaces[0m
writing prak_msgs.egg-info/PKG-INFO
writing dependency_links to prak_msgs.egg-info/dependency_links.txt
writing top-level names to prak_msgs.egg-info/top_level.txt
writing manifest file 'prak_msgs.egg-info/SOURCES.txt'
[  4%] [34m[1mGenerating C++ code for ROS interfaces[0m
reading manifest file 'prak_msgs.egg-info/SOURCES.txt'
writing manifest file 'prak_msgs.egg-info/SOURCES.txt'
[  4%] Built target ament_cmake_python_build_prak_msgs_egg
[  4%] Built target prak_msgs__cpp
[  6%] [32mBuilding C object CMakeFiles/prak_msgs__rosidl_generator_c.dir/rosidl_generator_c/prak_msgs/msg/detail/joint_state_stamped__functions.c.o[0m
[  6%] [32mBuilding C object CMakeFiles/prak_msgs__rosidl_generator_c.dir/rosidl_generator_c/prak_msgs/msg/detail/joint_state__type_support.c.o[0m
[  9%] [32mBuilding C object CMakeFiles/prak_msgs__rosidl_generator_c.dir/rosidl_generator_c/prak_msgs/msg/detail/joint_state_stamped__description.c.o[0m
[  9%] [32mBuilding C object CMakeFiles/prak_msgs__rosidl_generator_c.dir/rosidl_generator_c/prak_msgs/msg/detail/joint_state__functions.c.o[0m
[ 10%] [32mBuilding C object CMakeFiles/prak_msgs__rosidl_generator_c.dir/rosidl_generator_c/prak_msgs/msg/detail/robot_state__description.c.o[0m
[ 12%] [32mBuilding C object CMakeFiles/prak_msgs__rosidl_generator_c.dir/rosidl_generator_c/prak_msgs/msg/detail/joint_state_stamped__type_support.c.o[0m
[ 14%] [32mBuilding C object CMakeFiles/prak_msgs__rosidl_generator_c.dir/rosidl_generator_c/prak_msgs/msg/detail/robot_state__type_support.c.o[0m
[ 14%] [32mBuilding C object CMakeFiles/prak_msgs__rosidl_generator_c.dir/rosidl_generator_c/prak_msgs/msg/detail/actuator_request__type_support.c.o[0m
[ 16%] [32mBuilding C object CMakeFiles/prak_msgs__rosidl_generator_c.dir/rosidl_generator_c/prak_msgs/msg/detail/actuator_request__functions.c.o[0m
[ 17%] [32mBuilding C object CMakeFiles/prak_msgs__rosidl_generator_c.dir/rosidl_generator_c/prak_msgs/msg/detail/actuator_request__description.c.o[0m
[ 18%] [32mBuilding C object CMakeFiles/prak_msgs__rosidl_generator_c.dir/rosidl_generator_c/prak_msgs/msg/detail/joint_state__description.c.o[0m
[ 20%] [32mBuilding C object CMakeFiles/prak_msgs__rosidl_generator_c.dir/rosidl_generator_c/prak_msgs/msg/detail/robot_state__functions.c.o[0m
[ 21%] [32mBuilding C object CMakeFiles/prak_msgs__rosidl_generator_c.dir/rosidl_generator_c/prak_msgs/action/detail/actuator_command__description.c.o[0m
[ 22%] [32mBuilding C object CMakeFiles/prak_msgs__rosidl_generator_c.dir/rosidl_generator_c/prak_msgs/action/detail/actuator_command__type_support.c.o[0m
[ 24%] [32mBuilding C object CMakeFiles/prak_msgs__rosidl_generator_c.dir/rosidl_generator_c/prak_msgs/action/detail/actuator_command__functions.c.o[0m
[ 25%] [32m[1mLinking C shared library libprak_msgs__rosidl_generator_c.so[0m
[ 25%] Built target prak_msgs__rosidl_generator_c
[ 33%] [34m[1mGenerating C type support dispatch for ROS interfaces[0m
[ 33%] [34m[1mGenerating C++ type support for eProsima Fast-RTPS[0m
[ 33%] [34m[1mGenerating C type support for eProsima Fast-RTPS[0m
[ 33%] [34m[1mGenerating C++ introspection for ROS interfaces[0m
[ 33%] [34m[1mGenerating C introspection for ROS interfaces[0m
[ 33%] [34m[1mGenerating C++ type support dispatch for ROS interfaces[0m
[ 37%] [32mBuilding CXX object CMakeFiles/prak_msgs__rosidl_typesupport_c.dir/rosidl_typesupport_c/prak_msgs/msg/joint_state_stamped__type_support.cpp.o[0m
[ 37%] [32mBuilding CXX object CMakeFiles/prak_msgs__rosidl_typesupport_c.dir/rosidl_typesupport_c/prak_msgs/msg/actuator_request__type_support.cpp.o[0m
[ 37%] [32mBuilding CXX object CMakeFiles/prak_msgs__rosidl_typesupport_cpp.dir/rosidl_typesupport_cpp/prak_msgs/msg/joint_state__type_support.cpp.o[0m
[ 39%] [32mBuilding CXX object CMakeFiles/prak_msgs__rosidl_typesupport_cpp.dir/rosidl_typesupport_cpp/prak_msgs/msg/joint_state_stamped__type_support.cpp.o[0m
[ 40%] [32mBuilding CXX object CMakeFiles/prak_msgs__rosidl_typesupport_c.dir/rosidl_typesupport_c/prak_msgs/msg/robot_state__type_support.cpp.o[0m
[ 41%] [32mBuilding CXX object CMakeFiles/prak_msgs__rosidl_typesupport_cpp.dir/rosidl_typesupport_cpp/prak_msgs/msg/actuator_request__type_support.cpp.o[0m
[ 43%] [32mBuilding CXX object CMakeFiles/prak_msgs__rosidl_typesupport_cpp.dir/rosidl_typesupport_cpp/prak_msgs/msg/robot_state__type_support.cpp.o[0m
[ 44%] [32mBuilding CXX object CMakeFiles/prak_msgs__rosidl_typesupport_c.dir/rosidl_typesupport_c/prak_msgs/msg/joint_state__type_support.cpp.o[0m
[ 45%] [32mBuilding CXX object CMakeFiles/prak_msgs__rosidl_typesupport_c.dir/rosidl_typesupport_c/prak_msgs/action/actuator_command__type_support.cpp.o[0m
[ 47%] [32mBuilding CXX object CMakeFiles/prak_msgs__rosidl_typesupport_cpp.dir/rosidl_typesupport_cpp/prak_msgs/action/actuator_command__type_support.cpp.o[0m
[ 48%] [32m[1mLinking CXX shared library libprak_msgs__rosidl_typesupport_c.so[0m
[ 50%] [32mBuilding CXX object CMakeFiles/prak_msgs__rosidl_typesupport_introspection_cpp.dir/rosidl_typesupport_introspection_cpp/prak_msgs/msg/detail/joint_state__type_support.cpp.o[0m
[ 51%] [32mBuilding CXX object CMakeFiles/prak_msgs__rosidl_typesupport_introspection_cpp.dir/rosidl_typesupport_introspection_cpp/prak_msgs/msg/detail/joint_state_stamped__type_support.cpp.o[0m
[ 52%] [32mBuilding CXX object CMakeFiles/prak_msgs__rosidl_typesupport_introspection_cpp.dir/rosidl_typesupport_introspection_cpp/prak_msgs/msg/detail/robot_state__type_support.cpp.o[0m
[ 52%] Built target prak_msgs__rosidl_typesupport_c
[ 54%] [32mBuilding CXX object CMakeFiles/prak_msgs__rosidl_typesupport_introspection_cpp.dir/rosidl_typesupport_introspection_cpp/prak_msgs/msg/detail/actuator_request__type_support.cpp.o[0m
[ 55%] [32mBuilding CXX object CMakeFiles/prak_msgs__rosidl_typesupport_introspection_cpp.dir/rosidl_typesupport_introspection_cpp/prak_msgs/action/detail/actuator_command__type_support.cpp.o[0m
[ 56%] [32mBuilding C object CMakeFiles/prak_msgs__rosidl_typesupport_introspection_c.dir/rosidl_typesupport_introspection_c/prak_msgs/msg/detail/joint_state__type_support.c.o[0m
[ 58%] [32mBuilding C object CMakeFiles/prak_msgs__rosidl_typesupport_introspection_c.dir/rosidl_typesupport_introspection_c/prak_msgs/msg/detail/robot_state__type_support.c.o[0m
[ 59%] [32mBuilding C object CMakeFiles/prak_msgs__rosidl_typesupport_introspection_c.dir/rosidl_typesupport_introspection_c/prak_msgs/msg/detail/joint_state_stamped__type_support.c.o[0m
[ 60%] [32mBuilding C object CMakeFiles/prak_msgs__rosidl_typesupport_introspection_c.dir/rosidl_typesupport_introspection_c/prak_msgs/msg/detail/actuator_request__type_support.c.o[0m
[ 62%] [32mBuilding CXX object CMakeFiles/prak_msgs__rosidl_typesupport_fastrtps_cpp.dir/rosidl_typesupport_fastrtps_cpp/prak_msgs/msg/detail/dds_fastrtps/joint_state__type_support.cpp.o[0m
[ 63%] [32mBuilding CXX object CMakeFiles/prak_msgs__rosidl_typesupport_fastrtps_cpp.dir/rosidl_typesupport_fastrtps_cpp/prak_msgs/msg/detail/dds_fastrtps/joint_state_stamped__type_support.cpp.o[0m
[ 64%] [32mBuilding CXX object CMakeFiles/prak_msgs__rosidl_typesupport_fastrtps_cpp.dir/rosidl_typesupport_fastrtps_cpp/prak_msgs/msg/detail/dds_fastrtps/robot_state__type_support.cpp.o[0m
[ 66%] [32mBuilding C object CMakeFiles/prak_msgs__rosidl_typesupport_introspection_c.dir/rosidl_typesupport_introspection_c/prak_msgs/action/detail/actuator_command__type_support.c.o[0m
[ 67%] [32mBuilding CXX object CMakeFiles/prak_msgs__rosidl_typesupport_fastrtps_cpp.dir/rosidl_typesupport_fastrtps_cpp/prak_msgs/msg/detail/dds_fastrtps/actuator_request__type_support.cpp.o[0m
[ 68%] [32mBuilding CXX object CMakeFiles/prak_msgs__rosidl_typesupport_fastrtps_cpp.dir/rosidl_typesupport_fastrtps_cpp/prak_msgs/action/detail/dds_fastrtps/actuator_command__type_support.cpp.o[0m
[ 70%] [32m[1mLinking C shared library libprak_msgs__rosidl_typesupport_introspection_c.so[0m
[ 71%] [32mBuilding CXX object CMakeFiles/prak_msgs__rosidl_typesupport_fastrtps_c.dir/rosidl_typesupport_fastrtps_c/prak_msgs/msg/detail/joint_state__type_support_c.cpp.o[0m
[ 72%] [32mBuilding CXX object CMakeFiles/prak_msgs__rosidl_typesupport_fastrtps_c.dir/rosidl_typesupport_fastrtps_c/prak_msgs/msg/detail/actuator_request__type_support_c.cpp.o[0m
[ 74%] [32mBuilding CXX object CMakeFiles/prak_msgs__rosidl_typesupport_fastrtps_c.dir/rosidl_typesupport_fastrtps_c/prak_msgs/msg/detail/joint_state_stamped__type_support_c.cpp.o[0m
[ 75%] [32mBuilding CXX object CMakeFiles/prak_msgs__rosidl_typesupport_fastrtps_c.dir/rosidl_typesupport_fastrtps_c/prak_msgs/msg/detail/robot_state__type_support_c.cpp.o[0m
[ 75%] Built target prak_msgs__rosidl_typesupport_introspection_c
[ 77%] [32mBuilding CXX object CMakeFiles/prak_msgs__rosidl_typesupport_fastrtps_c.dir/rosidl_typesupport_fastrtps_c/prak_msgs/action/detail/actuator_command__type_support_c.cpp.o[0m
[ 78%] [32m[1mLinking CXX shared library libprak_msgs__rosidl_typesupport_cpp.so[0m
[ 78%] Built target prak_msgs__rosidl_typesupport_cpp
[ 79%] [32m[1mLinking CXX shared library libprak_msgs__rosidl_typesupport_introspection_cpp.so[0m
[ 79%] Built target prak_msgs__rosidl_typesupport_introspection_cpp
[ 81%] [32m[1mLinking CXX shared library libprak_msgs__rosidl_typesupport_fastrtps_c.so[0m
[ 81%] Built target prak_msgs__rosidl_typesupport_fastrtps_c
[ 82%] [32m[1mLinking CXX shared library libprak_msgs__rosidl_typesupport_fastrtps_cpp.so[0m
[ 82%] Built target prak_msgs__rosidl_typesupport_fastrtps_cpp
[ 82%] Built target prak_msgs
[ 83%] [34m[1mGenerating Python code for ROS interfaces[0m
[ 83%] Built target prak_msgs__py
[ 90%] [32mBuilding C object CMakeFiles/prak_msgs__rosidl_generator_py.dir/rosidl_generator_py/prak_msgs/msg/_joint_state_s.c.o[0m
[ 90%] [32mBuilding C object CMakeFiles/prak_msgs__rosidl_generator_py.dir/rosidl_generator_py/prak_msgs/msg/_joint_state_stamped_s.c.o[0m
[ 90%] [32mBuilding C object CMakeFiles/prak_msgs__rosidl_generator_py.dir/rosidl_generator_py/prak_msgs/msg/_actuator_request_s.c.o[0m
[ 90%] [32mBuilding C object CMakeFiles/prak_msgs__rosidl_generator_py.dir/rosidl_generator_py/prak_msgs/msg/_robot_state_s.c.o[0m
[ 90%] [32mBuilding C object CMakeFiles/prak_msgs__rosidl_generator_py.dir/rosidl_generator_py/prak_msgs/action/_actuator_command_s.c.o[0m
[ 91%] [32m[1mLinking C shared library libprak_msgs__rosidl_generator_py.so[0m
[ 91%] Built target prak_msgs__rosidl_generator_py
[ 95%] [32mBuilding C object CMakeFiles/prak_msgs_s__rosidl_typesupport_c.dir/rosidl_generator_py/prak_msgs/_prak_msgs_s.ep.rosidl_typesupport_c.c.o[0m
[ 95%] [32mBuilding C object CMakeFiles/prak_msgs_s__rosidl_typesupport_introspection_c.dir/rosidl_generator_py/prak_msgs/_prak_msgs_s.ep.rosidl_typesupport_introspection_c.c.o[0m
[ 95%] [32mBuilding C object CMakeFiles/prak_msgs_s__rosidl_typesupport_fastrtps_c.dir/rosidl_generator_py/prak_msgs/_prak_msgs_s.ep.rosidl_typesupport_fastrtps_c.c.o[0m
[ 98%] [32m[1mLinking C shared module rosidl_generator_py/prak_msgs/prak_msgs_s__rosidl_typesupport_c.so[0m
[ 98%] [32m[1mLinking C shared module rosidl_generator_py/prak_msgs/prak_msgs_s__rosidl_typesupport_introspection_c.so[0m
[100%] [32m[1mLinking C shared module rosidl_generator_py/prak_msgs/prak_msgs_s__rosidl_typesupport_fastrtps_c.so[0m
[100%] Built target prak_msgs_s__rosidl_typesupport_c
[100%] Built target prak_msgs_s__rosidl_typesupport_introspection_c
[100%] Built target prak_msgs_s__rosidl_typesupport_fastrtps_c
-- Install configuration: ""
-- Execute custom install script
-- Symlinking: /home/robprakt2/beer_ws/install/prak_msgs/share/ament_index/resource_index/rosidl_interfaces/prak_msgs
-- Symlinking: /home/robprakt2/beer_ws/install/prak_msgs/share/prak_msgs/msg/JointState.json
-- Symlinking: /home/robprakt2/beer_ws/install/prak_msgs/share/prak_msgs/msg/JointStateStamped.json
-- Symlinking: /home/robprakt2/beer_ws/install/prak_msgs/share/prak_msgs/msg/RobotState.json
-- Symlinking: /home/robprakt2/beer_ws/install/prak_msgs/share/prak_msgs/msg/ActuatorRequest.json
-- Symlinking: /home/robprakt2/beer_ws/install/prak_msgs/share/prak_msgs/action/ActuatorCommand.json
-- Symlinking: /home/robprakt2/beer_ws/install/prak_msgs/include/prak_msgs/prak_msgs/action/actuator_command.h
-- Symlinking: /home/robprakt2/beer_ws/install/prak_msgs/include/prak_msgs/prak_msgs/action/detail/actuator_command__functions.h
-- Symlinking: /home/robprakt2/beer_ws/install/prak_msgs/include/prak_msgs/prak_msgs/action/detail/actuator_command__struct.h
-- Symlinking: /home/robprakt2/beer_ws/install/prak_msgs/include/prak_msgs/prak_msgs/action/detail/actuator_command__type_support.h
-- Symlinking: /home/robprakt2/beer_ws/install/prak_msgs/include/prak_msgs/prak_msgs/msg/actuator_request.h
-- Symlinking: /home/robprakt2/beer_ws/install/prak_msgs/include/prak_msgs/prak_msgs/msg/detail/actuator_request__functions.h
-- Symlinking: /home/robprakt2/beer_ws/install/prak_msgs/include/prak_msgs/prak_msgs/msg/detail/actuator_request__struct.h
-- Symlinking: /home/robprakt2/beer_ws/install/prak_msgs/include/prak_msgs/prak_msgs/msg/detail/actuator_request__type_support.h
-- Symlinking: /home/robprakt2/beer_ws/install/prak_msgs/include/prak_msgs/prak_msgs/msg/detail/joint_state__functions.h
-- Symlinking: /home/robprakt2/beer_ws/install/prak_msgs/include/prak_msgs/prak_msgs/msg/detail/joint_state__struct.h
-- Symlinking: /home/robprakt2/beer_ws/install/prak_msgs/include/prak_msgs/prak_msgs/msg/detail/joint_state__type_support.h
-- Symlinking: /home/robprakt2/beer_ws/install/prak_msgs/include/prak_msgs/prak_msgs/msg/detail/joint_state_stamped__functions.h
-- Symlinking: /home/robprakt2/beer_ws/install/prak_msgs/include/prak_msgs/prak_msgs/msg/detail/joint_state_stamped__struct.h
-- Symlinking: /home/robprakt2/beer_ws/install/prak_msgs/include/prak_msgs/prak_msgs/msg/detail/joint_state_stamped__type_support.h
-- Symlinking: /home/robprakt2/beer_ws/install/prak_msgs/include/prak_msgs/prak_msgs/msg/detail/robot_state__functions.h
-- Symlinking: /home/robprakt2/beer_ws/install/prak_msgs/include/prak_msgs/prak_msgs/msg/detail/robot_state__struct.h
-- Symlinking: /home/robprakt2/beer_ws/install/prak_msgs/include/prak_msgs/prak_msgs/msg/detail/robot_state__type_support.h
-- Symlinking: /home/robprakt2/beer_ws/install/prak_msgs/include/prak_msgs/prak_msgs/msg/joint_state.h
-- Symlinking: /home/robprakt2/beer_ws/install/prak_msgs/include/prak_msgs/prak_msgs/msg/joint_state_stamped.h
-- Symlinking: /home/robprakt2/beer_ws/install/prak_msgs/include/prak_msgs/prak_msgs/msg/robot_state.h
-- Symlinking: /home/robprakt2/beer_ws/install/prak_msgs/include/prak_msgs/prak_msgs/msg/rosidl_generator_c__visibility_control.h
-- Symlinking: /home/robprakt2/beer_ws/install/prak_msgs/share/prak_msgs/environment/library_path.sh
-- Symlinking: /home/robprakt2/beer_ws/install/prak_msgs/share/prak_msgs/environment/library_path.dsv
-- Symlinking: /home/robprakt2/beer_ws/install/prak_msgs/include/prak_msgs/prak_msgs/action/detail/actuator_command__rosidl_typesupport_fastrtps_c.h
-- Symlinking: /home/robprakt2/beer_ws/install/prak_msgs/include/prak_msgs/prak_msgs/msg/detail/actuator_request__rosidl_typesupport_fastrtps_c.h
-- Symlinking: /home/robprakt2/beer_ws/install/prak_msgs/include/prak_msgs/prak_msgs/msg/detail/joint_state__rosidl_typesupport_fastrtps_c.h
-- Symlinking: /home/robprakt2/beer_ws/install/prak_msgs/include/prak_msgs/prak_msgs/msg/detail/joint_state_stamped__rosidl_typesupport_fastrtps_c.h
-- Symlinking: /home/robprakt2/beer_ws/install/prak_msgs/include/prak_msgs/prak_msgs/msg/detail/robot_state__rosidl_typesupport_fastrtps_c.h
-- Symlinking: /home/robprakt2/beer_ws/install/prak_msgs/include/prak_msgs/prak_msgs/msg/rosidl_typesupport_fastrtps_c__visibility_control.h
-- Symlinking: /home/robprakt2/beer_ws/install/prak_msgs/include/prak_msgs/prak_msgs/action/actuator_command.hpp
-- Symlinking: /home/robprakt2/beer_ws/install/prak_msgs/include/prak_msgs/prak_msgs/action/detail/actuator_command__builder.hpp
-- Symlinking: /home/robprakt2/beer_ws/install/prak_msgs/include/prak_msgs/prak_msgs/action/detail/actuator_command__struct.hpp
-- Symlinking: /home/robprakt2/beer_ws/install/prak_msgs/include/prak_msgs/prak_msgs/action/detail/actuator_command__traits.hpp
-- Symlinking: /home/robprakt2/beer_ws/install/prak_msgs/include/prak_msgs/prak_msgs/action/detail/actuator_command__type_support.hpp
-- Symlinking: /home/robprakt2/beer_ws/install/prak_msgs/include/prak_msgs/prak_msgs/msg/actuator_request.hpp
-- Symlinking: /home/robprakt2/beer_ws/install/prak_msgs/include/prak_msgs/prak_msgs/msg/detail/actuator_request__builder.hpp
-- Symlinking: /home/robprakt2/beer_ws/install/prak_msgs/include/prak_msgs/prak_msgs/msg/detail/actuator_request__struct.hpp
-- Symlinking: /home/robprakt2/beer_ws/install/prak_msgs/include/prak_msgs/prak_msgs/msg/detail/actuator_request__traits.hpp
-- Symlinking: /home/robprakt2/beer_ws/install/prak_msgs/include/prak_msgs/prak_msgs/msg/detail/actuator_request__type_support.hpp
-- Symlinking: /home/robprakt2/beer_ws/install/prak_msgs/include/prak_msgs/prak_msgs/msg/detail/joint_state__builder.hpp
-- Symlinking: /home/robprakt2/beer_ws/install/prak_msgs/include/prak_msgs/prak_msgs/msg/detail/joint_state__struct.hpp
-- Symlinking: /home/robprakt2/beer_ws/install/prak_msgs/include/prak_msgs/prak_msgs/msg/detail/joint_state__traits.hpp
-- Symlinking: /home/robprakt2/beer_ws/install/prak_msgs/include/prak_msgs/prak_msgs/msg/detail/joint_state__type_support.hpp
-- Symlinking: /home/robprakt2/beer_ws/install/prak_msgs/include/prak_msgs/prak_msgs/msg/detail/joint_state_stamped__builder.hpp
-- Symlinking: /home/robprakt2/beer_ws/install/prak_msgs/include/prak_msgs/prak_msgs/msg/detail/joint_state_stamped__struct.hpp
-- Symlinking: /home/robprakt2/beer_ws/install/prak_msgs/include/prak_msgs/prak_msgs/msg/detail/joint_state_stamped__traits.hpp
-- Symlinking: /home/robprakt2/beer_ws/install/prak_msgs/include/prak_msgs/prak_msgs/msg/detail/joint_state_stamped__type_support.hpp
-- Symlinking: /home/robprakt2/beer_ws/install/prak_msgs/include/prak_msgs/prak_msgs/msg/detail/robot_state__builder.hpp
-- Symlinking: /home/robprakt2/beer_ws/install/prak_msgs/include/prak_msgs/prak_msgs/msg/detail/robot_state__struct.hpp
-- Symlinking: /home/robprakt2/beer_ws/install/prak_msgs/include/prak_msgs/prak_msgs/msg/detail/robot_state__traits.hpp
-- Symlinking: /home/robprakt2/beer_ws/install/prak_msgs/include/prak_msgs/prak_msgs/msg/detail/robot_state__type_support.hpp
-- Symlinking: /home/robprakt2/beer_ws/install/prak_msgs/include/prak_msgs/prak_msgs/msg/joint_state.hpp
-- Symlinking: /home/robprakt2/beer_ws/install/prak_msgs/include/prak_msgs/prak_msgs/msg/joint_state_stamped.hpp
-- Symlinking: /home/robprakt2/beer_ws/install/prak_msgs/include/prak_msgs/prak_msgs/msg/robot_state.hpp
-- Symlinking: /home/robprakt2/beer_ws/install/prak_msgs/include/prak_msgs/prak_msgs/msg/rosidl_generator_cpp__visibility_control.hpp
-- Symlinking: /home/robprakt2/beer_ws/install/prak_msgs/include/prak_msgs/prak_msgs/action/detail/actuator_command__rosidl_typesupport_fastrtps_cpp.hpp
-- Symlinking: /home/robprakt2/beer_ws/install/prak_msgs/include/prak_msgs/prak_msgs/msg/detail/actuator_request__rosidl_typesupport_fastrtps_cpp.hpp
-- Symlinking: /home/robprakt2/beer_ws/install/prak_msgs/include/prak_msgs/prak_msgs/msg/detail/joint_state__rosidl_typesupport_fastrtps_cpp.hpp
-- Symlinking: /home/robprakt2/beer_ws/install/prak_msgs/include/prak_msgs/prak_msgs/msg/detail/joint_state_stamped__rosidl_typesupport_fastrtps_cpp.hpp
-- Symlinking: /home/robprakt2/beer_ws/install/prak_msgs/include/prak_msgs/prak_msgs/msg/detail/robot_state__rosidl_typesupport_fastrtps_cpp.hpp
-- Symlinking: /home/robprakt2/beer_ws/install/prak_msgs/include/prak_msgs/prak_msgs/msg/rosidl_typesupport_fastrtps_cpp__visibility_control.h
-- Symlinking: /home/robprakt2/beer_ws/install/prak_msgs/include/prak_msgs/prak_msgs/action/detail/actuator_command__rosidl_typesupport_introspection_c.h
-- Symlinking: /home/robprakt2/beer_ws/install/prak_msgs/include/prak_msgs/prak_msgs/msg/detail/actuator_request__rosidl_typesupport_introspection_c.h
-- Symlinking: /home/robprakt2/beer_ws/install/prak_msgs/include/prak_msgs/prak_msgs/msg/detail/joint_state__rosidl_typesupport_introspection_c.h
-- Symlinking: /home/robprakt2/beer_ws/install/prak_msgs/include/prak_msgs/prak_msgs/msg/detail/joint_state_stamped__rosidl_typesupport_introspection_c.h
-- Symlinking: /home/robprakt2/beer_ws/install/prak_msgs/include/prak_msgs/prak_msgs/msg/detail/robot_state__rosidl_typesupport_introspection_c.h
-- Symlinking: /home/robprakt2/beer_ws/install/prak_msgs/include/prak_msgs/prak_msgs/msg/rosidl_typesupport_introspection_c__visibility_control.h
-- Symlinking: /home/robprakt2/beer_ws/install/prak_msgs/include/prak_msgs/prak_msgs/action/detail/actuator_command__rosidl_typesupport_introspection_cpp.hpp
-- Symlinking: /home/robprakt2/beer_ws/install/prak_msgs/include/prak_msgs/prak_msgs/msg/detail/actuator_request__rosidl_typesupport_introspection_cpp.hpp
-- Symlinking: /home/robprakt2/beer_ws/install/prak_msgs/include/prak_msgs/prak_msgs/msg/detail/joint_state__rosidl_typesupport_introspection_cpp.hpp
-- Symlinking: /home/robprakt2/beer_ws/install/prak_msgs/include/prak_msgs/prak_msgs/msg/detail/joint_state_stamped__rosidl_typesupport_introspection_cpp.hpp
-- Symlinking: /home/robprakt2/beer_ws/install/prak_msgs/include/prak_msgs/prak_msgs/msg/detail/robot_state__rosidl_typesupport_introspection_cpp.hpp
-- Symlinking: /home/robprakt2/beer_ws/install/prak_msgs/share/prak_msgs/environment/pythonpath.sh
-- Symlinking: /home/robprakt2/beer_ws/install/prak_msgs/share/prak_msgs/environment/pythonpath.dsv
-- Symlinking: /home/robprakt2/beer_ws/install/prak_msgs/lib/python3.12/site-packages/prak_msgs-0.0.0-py3.12.egg-info/PKG-INFO
-- Symlinking: /home/robprakt2/beer_ws/install/prak_msgs/lib/python3.12/site-packages/prak_msgs-0.0.0-py3.12.egg-info/SOURCES.txt
-- Symlinking: /home/robprakt2/beer_ws/install/prak_msgs/lib/python3.12/site-packages/prak_msgs-0.0.0-py3.12.egg-info/dependency_links.txt
-- Symlinking: /home/robprakt2/beer_ws/install/prak_msgs/lib/python3.12/site-packages/prak_msgs-0.0.0-py3.12.egg-info/top_level.txt
-- Symlinking: /home/robprakt2/beer_ws/install/prak_msgs/lib/python3.12/site-packages/prak_msgs/__init__.py
-- Symlinking: /home/robprakt2/beer_ws/install/prak_msgs/lib/python3.12/site-packages/prak_msgs/_prak_msgs_s.ep.rosidl_typesupport_c.c
-- Symlinking: /home/robprakt2/beer_ws/install/prak_msgs/lib/python3.12/site-packages/prak_msgs/_prak_msgs_s.ep.rosidl_typesupport_fastrtps_c.c
-- Symlinking: /home/robprakt2/beer_ws/install/prak_msgs/lib/python3.12/site-packages/prak_msgs/_prak_msgs_s.ep.rosidl_typesupport_introspection_c.c
-- Symlinking: /home/robprakt2/beer_ws/install/prak_msgs/lib/python3.12/site-packages/prak_msgs/action/__init__.py
-- Symlinking: /home/robprakt2/beer_ws/install/prak_msgs/lib/python3.12/site-packages/prak_msgs/action/_actuator_command.py
-- Symlinking: /home/robprakt2/beer_ws/install/prak_msgs/lib/python3.12/site-packages/prak_msgs/action/_actuator_command_s.c
-- Symlinking: /home/robprakt2/beer_ws/install/prak_msgs/lib/python3.12/site-packages/prak_msgs/msg/__init__.py
-- Symlinking: /home/robprakt2/beer_ws/install/prak_msgs/lib/python3.12/site-packages/prak_msgs/msg/_actuator_request.py
-- Symlinking: /home/robprakt2/beer_ws/install/prak_msgs/lib/python3.12/site-packages/prak_msgs/msg/_actuator_request_s.c
-- Symlinking: /home/robprakt2/beer_ws/install/prak_msgs/lib/python3.12/site-packages/prak_msgs/msg/_joint_state.py
-- Symlinking: /home/robprakt2/beer_ws/install/prak_msgs/lib/python3.12/site-packages/prak_msgs/msg/_joint_state_s.c
-- Symlinking: /home/robprakt2/beer_ws/install/prak_msgs/lib/python3.12/site-packages/prak_msgs/msg/_joint_state_stamped.py
-- Symlinking: /home/robprakt2/beer_ws/install/prak_msgs/lib/python3.12/site-packages/prak_msgs/msg/_joint_state_stamped_s.c
-- Symlinking: /home/robprakt2/beer_ws/install/prak_msgs/lib/python3.12/site-packages/prak_msgs/msg/_robot_state.py
-- Symlinking: /home/robprakt2/beer_ws/install/prak_msgs/lib/python3.12/site-packages/prak_msgs/msg/_robot_state_s.c
-- Symlinking: /home/robprakt2/beer_ws/install/prak_msgs/lib/python3.12/site-packages/prak_msgs/prak_msgs_s__rosidl_typesupport_c.so
-- Symlinking: /home/robprakt2/beer_ws/install/prak_msgs/lib/python3.12/site-packages/prak_msgs/prak_msgs_s__rosidl_typesupport_fastrtps_c.so
-- Symlinking: /home/robprakt2/beer_ws/install/prak_msgs/lib/python3.12/site-packages/prak_msgs/prak_msgs_s__rosidl_typesupport_introspection_c.so
-- Up-to-date symlink: /home/robprakt2/beer_ws/install/prak_msgs/lib/python3.12/site-packages/prak_msgs/prak_msgs_s__rosidl_typesupport_fastrtps_c.so
-- Up-to-date symlink: /home/robprakt2/beer_ws/install/prak_msgs/lib/python3.12/site-packages/prak_msgs/prak_msgs_s__rosidl_typesupport_introspection_c.so
-- Up-to-date symlink: /home/robprakt2/beer_ws/install/prak_msgs/lib/python3.12/site-packages/prak_msgs/prak_msgs_s__rosidl_typesupport_c.so
-- Symlinking: /home/robprakt2/beer_ws/install/prak_msgs/share/prak_msgs/msg/JointState.idl
-- Symlinking: /home/robprakt2/beer_ws/install/prak_msgs/share/prak_msgs/msg/JointStateStamped.idl
-- Symlinking: /home/robprakt2/beer_ws/install/prak_msgs/share/prak_msgs/msg/RobotState.idl
-- Symlinking: /home/robprakt2/beer_ws/install/prak_msgs/share/prak_msgs/msg/ActuatorRequest.idl
-- Symlinking: /home/robprakt2/beer_ws/install/prak_msgs/share/prak_msgs/action/ActuatorCommand.idl
-- Symlinking: /home/robprakt2/beer_ws/install/prak_msgs/share/prak_msgs/msg/JointState.msg
-- Symlinking: /home/robprakt2/beer_ws/install/prak_msgs/share/prak_msgs/msg/JointStateStamped.msg
-- Symlinking: /home/robprakt2/beer_ws/install/prak_msgs/share/prak_msgs/msg/RobotState.msg
-- Symlinking: /home/robprakt2/beer_ws/install/prak_msgs/share/prak_msgs/msg/ActuatorRequest.msg
-- Symlinking: /home/robprakt2/beer_ws/install/prak_msgs/share/prak_msgs/action/ActuatorCommand.action
-- Symlinking: /home/robprakt2/beer_ws/install/prak_msgs/share/ament_index/resource_index/package_run_dependencies/prak_msgs
-- Symlinking: /home/robprakt2/beer_ws/install/prak_msgs/share/ament_index/resource_index/parent_prefix_path/prak_msgs
-- Symlinking: /home/robprakt2/beer_ws/install/prak_msgs/share/prak_msgs/environment/ament_prefix_path.sh
-- Symlinking: /home/robprakt2/beer_ws/install/prak_msgs/share/prak_msgs/environment/ament_prefix_path.dsv
-- Symlinking: /home/robprakt2/beer_ws/install/prak_msgs/share/prak_msgs/environment/path.sh
-- Symlinking: /home/robprakt2/beer_ws/install/prak_msgs/share/prak_msgs/environment/path.dsv
-- Symlinking: /home/robprakt2/beer_ws/install/prak_msgs/share/prak_msgs/local_setup.bash
-- Symlinking: /home/robprakt2/beer_ws/install/prak_msgs/share/prak_msgs/local_setup.sh
-- Symlinking: /home/robprakt2/beer_ws/install/prak_msgs/share/prak_msgs/local_setup.zsh
-- Symlinking: /home/robprakt2/beer_ws/install/prak_msgs/share/prak_msgs/local_setup.dsv
-- Symlinking: /home/robprakt2/beer_ws/install/prak_msgs/share/prak_msgs/package.dsv
-- Symlinking: /home/robprakt2/beer_ws/install/prak_msgs/share/ament_index/resource_index/packages/prak_msgs
-- Symlinking: /home/robprakt2/beer_ws/install/prak_msgs/share/prak_msgs/cmake/rosidl_cmake-extras.cmake
-- Symlinking: /home/robprakt2/beer_ws/install/prak_msgs/share/prak_msgs/cmake/ament_cmake_export_dependencies-extras.cmake
-- Symlinking: /home/robprakt2/beer_ws/install/prak_msgs/share/prak_msgs/cmake/ament_cmake_export_include_directories-extras.cmake
-- Symlinking: /home/robprakt2/beer_ws/install/prak_msgs/share/prak_msgs/cmake/ament_cmake_export_libraries-extras.cmake
-- Symlinking: /home/robprakt2/beer_ws/install/prak_msgs/share/prak_msgs/cmake/ament_cmake_export_targets-extras.cmake
-- Symlinking: /home/robprakt2/beer_ws/install/prak_msgs/share/prak_msgs/cmake/rosidl_cmake_export_typesupport_targets-extras.cmake
-- Symlinking: /home/robprakt2/beer_ws/install/prak_msgs/share/prak_msgs/cmake/rosidl_cmake_export_typesupport_libraries-extras.cmake
-- Symlinking: /home/robprakt2/beer_ws/install/prak_msgs/share/prak_msgs/cmake/prak_msgsConfig.cmake
-- Symlinking: /home/robprakt2/beer_ws/install/prak_msgs/share/prak_msgs/cmake/prak_msgsConfig-version.cmake
-- Symlinking: /home/robprakt2/beer_ws/install/prak_msgs/share/prak_msgs/package.xml
-- Installing: /home/robprakt2/beer_ws/install/prak_msgs/lib/libprak_msgs__rosidl_generator_c.so
-- Set non-toolchain portion of runtime path of "/home/robprakt2/beer_ws/install/prak_msgs/lib/libprak_msgs__rosidl_generator_c.so" to ""
-- Installing: /home/robprakt2/beer_ws/install/prak_msgs/lib/libprak_msgs__rosidl_typesupport_fastrtps_c.so
-- Set non-toolchain portion of runtime path of "/home/robprakt2/beer_ws/install/prak_msgs/lib/libprak_msgs__rosidl_typesupport_fastrtps_c.so" to ""
-- Installing: /home/robprakt2/beer_ws/install/prak_msgs/lib/libprak_msgs__rosidl_typesupport_fastrtps_cpp.so
-- Set non-toolchain portion of runtime path of "/home/robprakt2/beer_ws/install/prak_msgs/lib/libprak_msgs__rosidl_typesupport_fastrtps_cpp.so" to ""
-- Installing: /home/robprakt2/beer_ws/install/prak_msgs/lib/libprak_msgs__rosidl_typesupport_introspection_c.so
-- Set non-toolchain portion of runtime path of "/home/robprakt2/beer_ws/install/prak_msgs/lib/libprak_msgs__rosidl_typesupport_introspection_c.so" to ""
-- Installing: /home/robprakt2/beer_ws/install/prak_msgs/lib/libprak_msgs__rosidl_typesupport_c.so
-- Set non-toolchain portion of runtime path of "/home/robprakt2/beer_ws/install/prak_msgs/lib/libprak_msgs__rosidl_typesupport_c.so" to ""
-- Installing: /home/robprakt2/beer_ws/install/prak_msgs/lib/libprak_msgs__rosidl_typesupport_introspection_cpp.so
-- Set non-toolchain portion of runtime path of "/home/robprakt2/beer_ws/install/prak_msgs/lib/libprak_msgs__rosidl_typesupport_introspection_cpp.so" to ""
-- Installing: /home/robprakt2/beer_ws/install/prak_msgs/lib/libprak_msgs__rosidl_typesupport_cpp.so
-- Set non-toolchain portion of runtime path of "/home/robprakt2/beer_ws/install/prak_msgs/lib/libprak_msgs__rosidl_typesupport_cpp.so" to ""
Listing '/home/robprakt2/beer_ws/install/prak_msgs/lib/python3.12/site-packages/prak_msgs'...
Compiling '/home/robprakt2/beer_ws/install/prak_msgs/lib/python3.12/site-packages/prak_msgs/__init__.py'...
Listing '/home/robprakt2/beer_ws/install/prak_msgs/lib/python3.12/site-packages/prak_msgs/action'...
Compiling '/home/robprakt2/beer_ws/install/prak_msgs/lib/python3.12/site-packages/prak_msgs/action/__init__.py'...
Compiling '/home/robprakt2/beer_ws/install/prak_msgs/lib/python3.12/site-packages/prak_msgs/action/_actuator_command.py'...
Listing '/home/robprakt2/beer_ws/install/prak_msgs/lib/python3.12/site-packages/prak_msgs/msg'...
Compiling '/home/robprakt2/beer_ws/install/prak_msgs/lib/python3.12/site-packages/prak_msgs/msg/__init__.py'...
Compiling '/home/robprakt2/beer_ws/install/prak_msgs/lib/python3.12/site-packages/prak_msgs/msg/_actuator_request.py'...
Compiling '/home/robprakt2/beer_ws/install/prak_msgs/lib/python3.12/site-packages/prak_msgs/msg/_joint_state.py'...
Compiling '/home/robprakt2/beer_ws/install/prak_msgs/lib/python3.12/site-packages/prak_msgs/msg/_joint_state_stamped.py'...
Compiling '/home/robprakt2/beer_ws/install/prak_msgs/lib/python3.12/site-packages/prak_msgs/msg/_robot_state.py'...
-- Installing: /home/robprakt2/beer_ws/install/prak_msgs/lib/libprak_msgs__rosidl_generator_py.so
-- Set non-toolchain portion of runtime path of "/home/robprakt2/beer_ws/install/prak_msgs/lib/libprak_msgs__rosidl_generator_py.so" to ""
-- Installing: /home/robprakt2/beer_ws/install/prak_msgs/share/prak_msgs/cmake/export_prak_msgs__rosidl_generator_cExport.cmake
-- Installing: /home/robprakt2/beer_ws/install/prak_msgs/share/prak_msgs/cmake/export_prak_msgs__rosidl_generator_cExport-noconfig.cmake
-- Installing: /home/robprakt2/beer_ws/install/prak_msgs/share/prak_msgs/cmake/export_prak_msgs__rosidl_typesupport_fastrtps_cExport.cmake
-- Installing: /home/robprakt2/beer_ws/install/prak_msgs/share/prak_msgs/cmake/export_prak_msgs__rosidl_typesupport_fastrtps_cExport-noconfig.cmake
-- Installing: /home/robprakt2/beer_ws/install/prak_msgs/share/prak_msgs/cmake/export_prak_msgs__rosidl_generator_cppExport.cmake
-- Installing: /home/robprakt2/beer_ws/install/prak_msgs/share/prak_msgs/cmake/export_prak_msgs__rosidl_typesupport_fastrtps_cppExport.cmake
-- Installing: /home/robprakt2/beer_ws/install/prak_msgs/share/prak_msgs/cmake/export_prak_msgs__rosidl_typesupport_fastrtps_cppExport-noconfig.cmake
-- Installing: /home/robprakt2/beer_ws/install/prak_msgs/share/prak_msgs/cmake/prak_msgs__rosidl_typesupport_introspection_cExport.cmake
-- Installing: /home/robprakt2/beer_ws/install/prak_msgs/share/prak_msgs/cmake/prak_msgs__rosidl_typesupport_introspection_cExport-noconfig.cmake
-- Installing: /home/robprakt2/beer_ws/install/prak_msgs/share/prak_msgs/cmake/prak_msgs__rosidl_typesupport_cExport.cmake
-- Installing: /home/robprakt2/beer_ws/install/prak_msgs/share/prak_msgs/cmake/prak_msgs__rosidl_typesupport_cExport-noconfig.cmake
-- Installing: /home/robprakt2/beer_ws/install/prak_msgs/share/prak_msgs/cmake/prak_msgs__rosidl_typesupport_introspection_cppExport.cmake
-- Installing: /home/robprakt2/beer_ws/install/prak_msgs/share/prak_msgs/cmake/prak_msgs__rosidl_typesupport_introspection_cppExport-noconfig.cmake
-- Installing: /home/robprakt2/beer_ws/install/prak_msgs/share/prak_msgs/cmake/prak_msgs__rosidl_typesupport_cppExport.cmake
-- Installing: /home/robprakt2/beer_ws/install/prak_msgs/share/prak_msgs/cmake/prak_msgs__rosidl_typesupport_cppExport-noconfig.cmake
-- Installing: /home/robprakt2/beer_ws/install/prak_msgs/share/prak_msgs/cmake/export_prak_msgs__rosidl_generator_pyExport.cmake
-- Installing: /home/robprakt2/beer_ws/install/prak_msgs/share/prak_msgs/cmake/export_prak_msgs__rosidl_generator_pyExport-noconfig.cmake
