[0.014s] Invoking command in '/home/robprakt2/beer_ws/build/prak_msgs': CMAKE_PREFIX_PATH=${CMAKE_PREFIX_PATH}:/home/robprakt2/beer_ws/install/master_py:/home/robprakt2/beer_ws/install/planner_py:/home/robprakt2/ws_moveit/install/moveit_configs_utils:/home/robprakt2/ws_moveit/install/RobPrakTEI:/opt/ros/kilted DEBUGINFOD_URLS=https://debuginfod.ubuntu.com /usr/bin/cmake /home/robprakt2/beer_ws/src/prak_msgs -DAMENT_CMAKE_SYMLINK_INSTALL=1 -DCMAKE_INSTALL_PREFIX=/home/robprakt2/beer_ws/install/prak_msgs
[0.055s] -- The C compiler identification is GNU 13.3.0
[0.095s] -- The CXX compiler identification is GNU 13.3.0
[0.107s] -- Detecting C compiler ABI info
[0.174s] -- Detecting C compiler ABI info - done
[0.180s] -- Check for working C compiler: /usr/bin/cc - skipped
[0.180s] -- Detecting C compile features
[0.181s] -- Detecting C compile features - done
[0.188s] -- Detecting CXX compiler ABI info
[0.274s] -- Detecting CXX compiler ABI info - done
[0.281s] -- Check for working CXX compiler: /usr/bin/c++ - skipped
[0.281s] -- Detecting CXX compile features
[0.281s] -- Detecting CXX compile features - done
[0.287s] -- Found ament_cmake: 2.7.3 (/opt/ros/kilted/share/ament_cmake/cmake)
[0.446s] -- Found Python3: /usr/bin/python3 (found version "3.12.3") found components: Interpreter 
[0.508s] -- Override CMake install command with custom implementation using symlinks instead of copying resources
[0.584s] -- Found rclcpp: 29.5.3 (/opt/ros/kilted/share/rclcpp/cmake)
[0.647s] -- Found rosidl_generator_c: 4.9.5 (/opt/ros/kilted/share/rosidl_generator_c/cmake)
[0.669s] -- Found rosidl_generator_cpp: 4.9.5 (/opt/ros/kilted/share/rosidl_generator_cpp/cmake)
[0.696s] -- Using all available rosidl_typesupport_c: rosidl_typesupport_fastrtps_c;rosidl_typesupport_introspection_c
[0.727s] -- Using all available rosidl_typesupport_cpp: rosidl_typesupport_fastrtps_cpp;rosidl_typesupport_introspection_cpp
[0.828s] -- Found rmw_implementation_cmake: 7.8.2 (/opt/ros/kilted/share/rmw_implementation_cmake/cmake)
[0.837s] -- Found rmw_fastrtps_cpp: 9.3.3 (/opt/ros/kilted/share/rmw_fastrtps_cpp/cmake)
[0.933s] -- Found OpenSSL: /usr/lib/x86_64-linux-gnu/libcrypto.so (found version "3.0.13")  
[0.943s] -- Using RMW implementation 'rmw_fastrtps_cpp' as default
[1.025s] -- Found geometry_msgs: 5.5.1 (/opt/ros/kilted/share/geometry_msgs/cmake)
[1.056s] -- Found rosidl_default_generators: 1.7.1 (/opt/ros/kilted/share/rosidl_default_generators/cmake)
[1.087s] -- Found rosidl_adapter: 4.9.5 (/opt/ros/kilted/share/rosidl_adapter/cmake)
[1.691s] -- Found ament_cmake_ros_core: 0.14.3 (/opt/ros/kilted/share/ament_cmake_ros_core/cmake)
[2.332s] -- Using all available rosidl_typesupport_c: rosidl_typesupport_fastrtps_c;rosidl_typesupport_introspection_c
[2.588s] -- Using all available rosidl_typesupport_cpp: rosidl_typesupport_fastrtps_cpp;rosidl_typesupport_introspection_cpp
[2.917s] -- Found Python3: /usr/bin/python3 (found version "3.12.3") found components: Interpreter Development NumPy Development.Module Development.Embed 
[2.968s] -- Found ament_lint_auto: 0.19.2 (/opt/ros/kilted/share/ament_lint_auto/cmake)
[3.010s] -- Added test 'lint_cmake' to check CMake code style
[3.011s] -- Added test 'xmllint' to check XML markup files
[3.015s] -- Configuring done (3.0s)
[3.049s] -- Generating done (0.0s)
[3.057s] -- Build files have been written to: /home/robprakt2/beer_ws/build/prak_msgs
[3.066s] Invoked command in '/home/robprakt2/beer_ws/build/prak_msgs' returned '0': CMAKE_PREFIX_PATH=${CMAKE_PREFIX_PATH}:/home/robprakt2/beer_ws/install/master_py:/home/robprakt2/beer_ws/install/planner_py:/home/robprakt2/ws_moveit/install/moveit_configs_utils:/home/robprakt2/ws_moveit/install/RobPrakTEI:/opt/ros/kilted DEBUGINFOD_URLS=https://debuginfod.ubuntu.com /usr/bin/cmake /home/robprakt2/beer_ws/src/prak_msgs -DAMENT_CMAKE_SYMLINK_INSTALL=1 -DCMAKE_INSTALL_PREFIX=/home/robprakt2/beer_ws/install/prak_msgs
[3.067s] Invoking command in '/home/robprakt2/beer_ws/build/prak_msgs': CMAKE_PREFIX_PATH=${CMAKE_PREFIX_PATH}:/home/robprakt2/beer_ws/install/master_py:/home/robprakt2/beer_ws/install/planner_py:/home/robprakt2/ws_moveit/install/moveit_configs_utils:/home/robprakt2/ws_moveit/install/RobPrakTEI:/opt/ros/kilted DEBUGINFOD_URLS=https://debuginfod.ubuntu.com /usr/bin/cmake --build /home/robprakt2/beer_ws/build/prak_msgs -- -j12 -l12
[3.113s] [  1%] [34m[1mGenerating type hashes for ROS interfaces[0m
[3.121s] [  1%] Built target ament_cmake_python_symlink_prak_msgs
[3.297s] running egg_info
[3.297s] creating prak_msgs.egg-info
[3.304s] [  1%] Built target prak_msgs__rosidl_generator_type_description
[3.314s] [  2%] [34m[1mGenerating C code for ROS interfaces[0m
[3.314s] writing prak_msgs.egg-info/PKG-INFO
[3.315s] writing dependency_links to prak_msgs.egg-info/dependency_links.txt
[3.315s] writing top-level names to prak_msgs.egg-info/top_level.txt
[3.315s] writing manifest file 'prak_msgs.egg-info/SOURCES.txt'
[3.324s] [  4%] [34m[1mGenerating C++ code for ROS interfaces[0m
[3.367s] reading manifest file 'prak_msgs.egg-info/SOURCES.txt'
[3.367s] writing manifest file 'prak_msgs.egg-info/SOURCES.txt'
[3.390s] [  4%] Built target ament_cmake_python_build_prak_msgs_egg
[3.710s] [  4%] Built target prak_msgs__cpp
[3.785s] [  6%] [32mBuilding C object CMakeFiles/prak_msgs__rosidl_generator_c.dir/rosidl_generator_c/prak_msgs/msg/detail/joint_state_stamped__functions.c.o[0m
[3.785s] [  6%] [32mBuilding C object CMakeFiles/prak_msgs__rosidl_generator_c.dir/rosidl_generator_c/prak_msgs/msg/detail/joint_state__type_support.c.o[0m
[3.785s] [  9%] [32mBuilding C object CMakeFiles/prak_msgs__rosidl_generator_c.dir/rosidl_generator_c/prak_msgs/msg/detail/joint_state_stamped__description.c.o[0m
[3.785s] [  9%] [32mBuilding C object CMakeFiles/prak_msgs__rosidl_generator_c.dir/rosidl_generator_c/prak_msgs/msg/detail/joint_state__functions.c.o[0m
[3.785s] [ 10%] [32mBuilding C object CMakeFiles/prak_msgs__rosidl_generator_c.dir/rosidl_generator_c/prak_msgs/msg/detail/robot_state__description.c.o[0m
[3.786s] [ 12%] [32mBuilding C object CMakeFiles/prak_msgs__rosidl_generator_c.dir/rosidl_generator_c/prak_msgs/msg/detail/joint_state_stamped__type_support.c.o[0m
[3.786s] [ 14%] [32mBuilding C object CMakeFiles/prak_msgs__rosidl_generator_c.dir/rosidl_generator_c/prak_msgs/msg/detail/robot_state__type_support.c.o[0m
[3.786s] [ 14%] [32mBuilding C object CMakeFiles/prak_msgs__rosidl_generator_c.dir/rosidl_generator_c/prak_msgs/msg/detail/actuator_request__type_support.c.o[0m
[3.786s] [ 16%] [32mBuilding C object CMakeFiles/prak_msgs__rosidl_generator_c.dir/rosidl_generator_c/prak_msgs/msg/detail/actuator_request__functions.c.o[0m
[3.786s] [ 17%] [32mBuilding C object CMakeFiles/prak_msgs__rosidl_generator_c.dir/rosidl_generator_c/prak_msgs/msg/detail/actuator_request__description.c.o[0m
[3.787s] [ 18%] [32mBuilding C object CMakeFiles/prak_msgs__rosidl_generator_c.dir/rosidl_generator_c/prak_msgs/msg/detail/joint_state__description.c.o[0m
[3.792s] [ 20%] [32mBuilding C object CMakeFiles/prak_msgs__rosidl_generator_c.dir/rosidl_generator_c/prak_msgs/msg/detail/robot_state__functions.c.o[0m
[3.821s] [ 21%] [32mBuilding C object CMakeFiles/prak_msgs__rosidl_generator_c.dir/rosidl_generator_c/prak_msgs/action/detail/actuator_command__description.c.o[0m
[3.821s] [ 22%] [32mBuilding C object CMakeFiles/prak_msgs__rosidl_generator_c.dir/rosidl_generator_c/prak_msgs/action/detail/actuator_command__type_support.c.o[0m
[3.821s] [ 24%] [32mBuilding C object CMakeFiles/prak_msgs__rosidl_generator_c.dir/rosidl_generator_c/prak_msgs/action/detail/actuator_command__functions.c.o[0m
[3.943s] [ 25%] [32m[1mLinking C shared library libprak_msgs__rosidl_generator_c.so[0m
[3.975s] [ 25%] Built target prak_msgs__rosidl_generator_c
[3.985s] [ 33%] [34m[1mGenerating C type support dispatch for ROS interfaces[0m
[3.985s] [ 33%] [34m[1mGenerating C++ type support for eProsima Fast-RTPS[0m
[3.986s] [ 33%] [34m[1mGenerating C type support for eProsima Fast-RTPS[0m
[3.986s] [ 33%] [34m[1mGenerating C++ introspection for ROS interfaces[0m
[3.986s] [ 33%] [34m[1mGenerating C introspection for ROS interfaces[0m
[3.986s] [ 33%] [34m[1mGenerating C++ type support dispatch for ROS interfaces[0m
[4.259s] [ 37%] [32mBuilding CXX object CMakeFiles/prak_msgs__rosidl_typesupport_c.dir/rosidl_typesupport_c/prak_msgs/msg/joint_state_stamped__type_support.cpp.o[0m
[4.259s] [ 37%] [32mBuilding CXX object CMakeFiles/prak_msgs__rosidl_typesupport_c.dir/rosidl_typesupport_c/prak_msgs/msg/actuator_request__type_support.cpp.o[0m
[4.259s] [ 37%] [32mBuilding CXX object CMakeFiles/prak_msgs__rosidl_typesupport_cpp.dir/rosidl_typesupport_cpp/prak_msgs/msg/joint_state__type_support.cpp.o[0m
[4.259s] [ 39%] [32mBuilding CXX object CMakeFiles/prak_msgs__rosidl_typesupport_cpp.dir/rosidl_typesupport_cpp/prak_msgs/msg/joint_state_stamped__type_support.cpp.o[0m
[4.259s] [ 40%] [32mBuilding CXX object CMakeFiles/prak_msgs__rosidl_typesupport_c.dir/rosidl_typesupport_c/prak_msgs/msg/robot_state__type_support.cpp.o[0m
[4.259s] [ 41%] [32mBuilding CXX object CMakeFiles/prak_msgs__rosidl_typesupport_cpp.dir/rosidl_typesupport_cpp/prak_msgs/msg/actuator_request__type_support.cpp.o[0m
[4.260s] [ 43%] [32mBuilding CXX object CMakeFiles/prak_msgs__rosidl_typesupport_cpp.dir/rosidl_typesupport_cpp/prak_msgs/msg/robot_state__type_support.cpp.o[0m
[4.263s] [ 44%] [32mBuilding CXX object CMakeFiles/prak_msgs__rosidl_typesupport_c.dir/rosidl_typesupport_c/prak_msgs/msg/joint_state__type_support.cpp.o[0m
[4.310s] [ 45%] [32mBuilding CXX object CMakeFiles/prak_msgs__rosidl_typesupport_c.dir/rosidl_typesupport_c/prak_msgs/action/actuator_command__type_support.cpp.o[0m
[4.310s] [ 47%] [32mBuilding CXX object CMakeFiles/prak_msgs__rosidl_typesupport_cpp.dir/rosidl_typesupport_cpp/prak_msgs/action/actuator_command__type_support.cpp.o[0m
[4.384s] [ 48%] [32m[1mLinking CXX shared library libprak_msgs__rosidl_typesupport_c.so[0m
[4.417s] [ 50%] [32mBuilding CXX object CMakeFiles/prak_msgs__rosidl_typesupport_introspection_cpp.dir/rosidl_typesupport_introspection_cpp/prak_msgs/msg/detail/joint_state__type_support.cpp.o[0m
[4.422s] [ 51%] [32mBuilding CXX object CMakeFiles/prak_msgs__rosidl_typesupport_introspection_cpp.dir/rosidl_typesupport_introspection_cpp/prak_msgs/msg/detail/joint_state_stamped__type_support.cpp.o[0m
[4.435s] [ 52%] [32mBuilding CXX object CMakeFiles/prak_msgs__rosidl_typesupport_introspection_cpp.dir/rosidl_typesupport_introspection_cpp/prak_msgs/msg/detail/robot_state__type_support.cpp.o[0m
[4.464s] [ 52%] Built target prak_msgs__rosidl_typesupport_c
[4.488s] [ 54%] [32mBuilding CXX object CMakeFiles/prak_msgs__rosidl_typesupport_introspection_cpp.dir/rosidl_typesupport_introspection_cpp/prak_msgs/msg/detail/actuator_request__type_support.cpp.o[0m
[4.604s] [ 55%] [32mBuilding CXX object CMakeFiles/prak_msgs__rosidl_typesupport_introspection_cpp.dir/rosidl_typesupport_introspection_cpp/prak_msgs/action/detail/actuator_command__type_support.cpp.o[0m
[4.677s] [ 56%] [32mBuilding C object CMakeFiles/prak_msgs__rosidl_typesupport_introspection_c.dir/rosidl_typesupport_introspection_c/prak_msgs/msg/detail/joint_state__type_support.c.o[0m
[4.677s] [ 58%] [32mBuilding C object CMakeFiles/prak_msgs__rosidl_typesupport_introspection_c.dir/rosidl_typesupport_introspection_c/prak_msgs/msg/detail/robot_state__type_support.c.o[0m
[4.678s] [ 59%] [32mBuilding C object CMakeFiles/prak_msgs__rosidl_typesupport_introspection_c.dir/rosidl_typesupport_introspection_c/prak_msgs/msg/detail/joint_state_stamped__type_support.c.o[0m
[4.693s] [ 60%] [32mBuilding C object CMakeFiles/prak_msgs__rosidl_typesupport_introspection_c.dir/rosidl_typesupport_introspection_c/prak_msgs/msg/detail/actuator_request__type_support.c.o[0m
[4.702s] [ 62%] [32mBuilding CXX object CMakeFiles/prak_msgs__rosidl_typesupport_fastrtps_cpp.dir/rosidl_typesupport_fastrtps_cpp/prak_msgs/msg/detail/dds_fastrtps/joint_state__type_support.cpp.o[0m
[4.729s] [ 63%] [32mBuilding CXX object CMakeFiles/prak_msgs__rosidl_typesupport_fastrtps_cpp.dir/rosidl_typesupport_fastrtps_cpp/prak_msgs/msg/detail/dds_fastrtps/joint_state_stamped__type_support.cpp.o[0m
[4.743s] [ 64%] [32mBuilding CXX object CMakeFiles/prak_msgs__rosidl_typesupport_fastrtps_cpp.dir/rosidl_typesupport_fastrtps_cpp/prak_msgs/msg/detail/dds_fastrtps/robot_state__type_support.cpp.o[0m
[4.769s] [ 66%] [32mBuilding C object CMakeFiles/prak_msgs__rosidl_typesupport_introspection_c.dir/rosidl_typesupport_introspection_c/prak_msgs/action/detail/actuator_command__type_support.c.o[0m
[4.777s] [ 67%] [32mBuilding CXX object CMakeFiles/prak_msgs__rosidl_typesupport_fastrtps_cpp.dir/rosidl_typesupport_fastrtps_cpp/prak_msgs/msg/detail/dds_fastrtps/actuator_request__type_support.cpp.o[0m
[4.784s] [ 68%] [32mBuilding CXX object CMakeFiles/prak_msgs__rosidl_typesupport_fastrtps_cpp.dir/rosidl_typesupport_fastrtps_cpp/prak_msgs/action/detail/dds_fastrtps/actuator_command__type_support.cpp.o[0m
[4.877s] [ 70%] [32m[1mLinking C shared library libprak_msgs__rosidl_typesupport_introspection_c.so[0m
[4.915s] [ 71%] [32mBuilding CXX object CMakeFiles/prak_msgs__rosidl_typesupport_fastrtps_c.dir/rosidl_typesupport_fastrtps_c/prak_msgs/msg/detail/joint_state__type_support_c.cpp.o[0m
[4.921s] [ 72%] [32mBuilding CXX object CMakeFiles/prak_msgs__rosidl_typesupport_fastrtps_c.dir/rosidl_typesupport_fastrtps_c/prak_msgs/msg/detail/actuator_request__type_support_c.cpp.o[0m
[4.922s] [ 74%] [32mBuilding CXX object CMakeFiles/prak_msgs__rosidl_typesupport_fastrtps_c.dir/rosidl_typesupport_fastrtps_c/prak_msgs/msg/detail/joint_state_stamped__type_support_c.cpp.o[0m
[4.927s] [ 75%] [32mBuilding CXX object CMakeFiles/prak_msgs__rosidl_typesupport_fastrtps_c.dir/rosidl_typesupport_fastrtps_c/prak_msgs/msg/detail/robot_state__type_support_c.cpp.o[0m
[4.951s] [ 75%] Built target prak_msgs__rosidl_typesupport_introspection_c
[4.981s] [ 77%] [32mBuilding CXX object CMakeFiles/prak_msgs__rosidl_typesupport_fastrtps_c.dir/rosidl_typesupport_fastrtps_c/prak_msgs/action/detail/actuator_command__type_support_c.cpp.o[0m
[5.073s] [ 78%] [32m[1mLinking CXX shared library libprak_msgs__rosidl_typesupport_cpp.so[0m
[5.217s] [ 78%] Built target prak_msgs__rosidl_typesupport_cpp
[5.479s] [ 79%] [32m[1mLinking CXX shared library libprak_msgs__rosidl_typesupport_introspection_cpp.so[0m
[5.540s] [ 79%] Built target prak_msgs__rosidl_typesupport_introspection_cpp
[5.617s] [ 81%] [32m[1mLinking CXX shared library libprak_msgs__rosidl_typesupport_fastrtps_c.so[0m
[5.676s] [ 81%] Built target prak_msgs__rosidl_typesupport_fastrtps_c
[5.745s] [ 82%] [32m[1mLinking CXX shared library libprak_msgs__rosidl_typesupport_fastrtps_cpp.so[0m
[5.803s] [ 82%] Built target prak_msgs__rosidl_typesupport_fastrtps_cpp
[5.821s] [ 82%] Built target prak_msgs
[5.839s] [ 83%] [34m[1mGenerating Python code for ROS interfaces[0m
[6.445s] [ 83%] Built target prak_msgs__py
[6.465s] [ 90%] [32mBuilding C object CMakeFiles/prak_msgs__rosidl_generator_py.dir/rosidl_generator_py/prak_msgs/msg/_joint_state_s.c.o[0m
[6.465s] [ 90%] [32mBuilding C object CMakeFiles/prak_msgs__rosidl_generator_py.dir/rosidl_generator_py/prak_msgs/msg/_joint_state_stamped_s.c.o[0m
[6.465s] [ 90%] [32mBuilding C object CMakeFiles/prak_msgs__rosidl_generator_py.dir/rosidl_generator_py/prak_msgs/msg/_actuator_request_s.c.o[0m
[6.465s] [ 90%] [32mBuilding C object CMakeFiles/prak_msgs__rosidl_generator_py.dir/rosidl_generator_py/prak_msgs/msg/_robot_state_s.c.o[0m
[6.465s] [ 90%] [32mBuilding C object CMakeFiles/prak_msgs__rosidl_generator_py.dir/rosidl_generator_py/prak_msgs/action/_actuator_command_s.c.o[0m
[6.611s] [ 91%] [32m[1mLinking C shared library libprak_msgs__rosidl_generator_py.so[0m
[6.649s] [ 91%] Built target prak_msgs__rosidl_generator_py
[6.667s] [ 95%] [32mBuilding C object CMakeFiles/prak_msgs_s__rosidl_typesupport_c.dir/rosidl_generator_py/prak_msgs/_prak_msgs_s.ep.rosidl_typesupport_c.c.o[0m
[6.668s] [ 95%] [32mBuilding C object CMakeFiles/prak_msgs_s__rosidl_typesupport_introspection_c.dir/rosidl_generator_py/prak_msgs/_prak_msgs_s.ep.rosidl_typesupport_introspection_c.c.o[0m
[6.668s] [ 95%] [32mBuilding C object CMakeFiles/prak_msgs_s__rosidl_typesupport_fastrtps_c.dir/rosidl_generator_py/prak_msgs/_prak_msgs_s.ep.rosidl_typesupport_fastrtps_c.c.o[0m
[6.762s] [ 98%] [32m[1mLinking C shared module rosidl_generator_py/prak_msgs/prak_msgs_s__rosidl_typesupport_c.so[0m
[6.762s] [ 98%] [32m[1mLinking C shared module rosidl_generator_py/prak_msgs/prak_msgs_s__rosidl_typesupport_introspection_c.so[0m
[6.765s] [100%] [32m[1mLinking C shared module rosidl_generator_py/prak_msgs/prak_msgs_s__rosidl_typesupport_fastrtps_c.so[0m
[6.789s] [100%] Built target prak_msgs_s__rosidl_typesupport_c
[6.789s] [100%] Built target prak_msgs_s__rosidl_typesupport_introspection_c
[6.792s] [100%] Built target prak_msgs_s__rosidl_typesupport_fastrtps_c
[6.802s] Invoked command in '/home/robprakt2/beer_ws/build/prak_msgs' returned '0': CMAKE_PREFIX_PATH=${CMAKE_PREFIX_PATH}:/home/robprakt2/beer_ws/install/master_py:/home/robprakt2/beer_ws/install/planner_py:/home/robprakt2/ws_moveit/install/moveit_configs_utils:/home/robprakt2/ws_moveit/install/RobPrakTEI:/opt/ros/kilted DEBUGINFOD_URLS=https://debuginfod.ubuntu.com /usr/bin/cmake --build /home/robprakt2/beer_ws/build/prak_msgs -- -j12 -l12
[6.811s] Invoking command in '/home/robprakt2/beer_ws/build/prak_msgs': CMAKE_PREFIX_PATH=${CMAKE_PREFIX_PATH}:/home/robprakt2/beer_ws/install/master_py:/home/robprakt2/beer_ws/install/planner_py:/home/robprakt2/ws_moveit/install/moveit_configs_utils:/home/robprakt2/ws_moveit/install/RobPrakTEI:/opt/ros/kilted DEBUGINFOD_URLS=https://debuginfod.ubuntu.com /usr/bin/cmake --install /home/robprakt2/beer_ws/build/prak_msgs
[6.818s] -- Install configuration: ""
[6.818s] -- Execute custom install script
[6.818s] -- Symlinking: /home/robprakt2/beer_ws/install/prak_msgs/share/ament_index/resource_index/rosidl_interfaces/prak_msgs
[6.826s] -- Symlinking: /home/robprakt2/beer_ws/install/prak_msgs/share/prak_msgs/msg/JointState.json
[6.833s] -- Symlinking: /home/robprakt2/beer_ws/install/prak_msgs/share/prak_msgs/msg/JointStateStamped.json
[6.841s] -- Symlinking: /home/robprakt2/beer_ws/install/prak_msgs/share/prak_msgs/msg/RobotState.json
[6.849s] -- Symlinking: /home/robprakt2/beer_ws/install/prak_msgs/share/prak_msgs/msg/ActuatorRequest.json
[6.857s] -- Symlinking: /home/robprakt2/beer_ws/install/prak_msgs/share/prak_msgs/action/ActuatorCommand.json
[6.864s] -- Symlinking: /home/robprakt2/beer_ws/install/prak_msgs/include/prak_msgs/prak_msgs/action/actuator_command.h
[6.872s] -- Symlinking: /home/robprakt2/beer_ws/install/prak_msgs/include/prak_msgs/prak_msgs/action/detail/actuator_command__functions.h
[6.879s] -- Symlinking: /home/robprakt2/beer_ws/install/prak_msgs/include/prak_msgs/prak_msgs/action/detail/actuator_command__struct.h
[6.887s] -- Symlinking: /home/robprakt2/beer_ws/install/prak_msgs/include/prak_msgs/prak_msgs/action/detail/actuator_command__type_support.h
[6.894s] -- Symlinking: /home/robprakt2/beer_ws/install/prak_msgs/include/prak_msgs/prak_msgs/msg/actuator_request.h
[6.902s] -- Symlinking: /home/robprakt2/beer_ws/install/prak_msgs/include/prak_msgs/prak_msgs/msg/detail/actuator_request__functions.h
[6.909s] -- Symlinking: /home/robprakt2/beer_ws/install/prak_msgs/include/prak_msgs/prak_msgs/msg/detail/actuator_request__struct.h
[6.917s] -- Symlinking: /home/robprakt2/beer_ws/install/prak_msgs/include/prak_msgs/prak_msgs/msg/detail/actuator_request__type_support.h
[6.924s] -- Symlinking: /home/robprakt2/beer_ws/install/prak_msgs/include/prak_msgs/prak_msgs/msg/detail/joint_state__functions.h
[6.932s] -- Symlinking: /home/robprakt2/beer_ws/install/prak_msgs/include/prak_msgs/prak_msgs/msg/detail/joint_state__struct.h
[6.940s] -- Symlinking: /home/robprakt2/beer_ws/install/prak_msgs/include/prak_msgs/prak_msgs/msg/detail/joint_state__type_support.h
[6.947s] -- Symlinking: /home/robprakt2/beer_ws/install/prak_msgs/include/prak_msgs/prak_msgs/msg/detail/joint_state_stamped__functions.h
[6.954s] -- Symlinking: /home/robprakt2/beer_ws/install/prak_msgs/include/prak_msgs/prak_msgs/msg/detail/joint_state_stamped__struct.h
[6.961s] -- Symlinking: /home/robprakt2/beer_ws/install/prak_msgs/include/prak_msgs/prak_msgs/msg/detail/joint_state_stamped__type_support.h
[6.969s] -- Symlinking: /home/robprakt2/beer_ws/install/prak_msgs/include/prak_msgs/prak_msgs/msg/detail/robot_state__functions.h
[6.977s] -- Symlinking: /home/robprakt2/beer_ws/install/prak_msgs/include/prak_msgs/prak_msgs/msg/detail/robot_state__struct.h
[6.984s] -- Symlinking: /home/robprakt2/beer_ws/install/prak_msgs/include/prak_msgs/prak_msgs/msg/detail/robot_state__type_support.h
[6.991s] -- Symlinking: /home/robprakt2/beer_ws/install/prak_msgs/include/prak_msgs/prak_msgs/msg/joint_state.h
[6.999s] -- Symlinking: /home/robprakt2/beer_ws/install/prak_msgs/include/prak_msgs/prak_msgs/msg/joint_state_stamped.h
[7.007s] -- Symlinking: /home/robprakt2/beer_ws/install/prak_msgs/include/prak_msgs/prak_msgs/msg/robot_state.h
[7.015s] -- Symlinking: /home/robprakt2/beer_ws/install/prak_msgs/include/prak_msgs/prak_msgs/msg/rosidl_generator_c__visibility_control.h
[7.022s] -- Symlinking: /home/robprakt2/beer_ws/install/prak_msgs/share/prak_msgs/environment/library_path.sh
[7.030s] -- Symlinking: /home/robprakt2/beer_ws/install/prak_msgs/share/prak_msgs/environment/library_path.dsv
[7.039s] -- Symlinking: /home/robprakt2/beer_ws/install/prak_msgs/include/prak_msgs/prak_msgs/action/detail/actuator_command__rosidl_typesupport_fastrtps_c.h
[7.046s] -- Symlinking: /home/robprakt2/beer_ws/install/prak_msgs/include/prak_msgs/prak_msgs/msg/detail/actuator_request__rosidl_typesupport_fastrtps_c.h
[7.054s] -- Symlinking: /home/robprakt2/beer_ws/install/prak_msgs/include/prak_msgs/prak_msgs/msg/detail/joint_state__rosidl_typesupport_fastrtps_c.h
[7.061s] -- Symlinking: /home/robprakt2/beer_ws/install/prak_msgs/include/prak_msgs/prak_msgs/msg/detail/joint_state_stamped__rosidl_typesupport_fastrtps_c.h
[7.069s] -- Symlinking: /home/robprakt2/beer_ws/install/prak_msgs/include/prak_msgs/prak_msgs/msg/detail/robot_state__rosidl_typesupport_fastrtps_c.h
[7.076s] -- Symlinking: /home/robprakt2/beer_ws/install/prak_msgs/include/prak_msgs/prak_msgs/msg/rosidl_typesupport_fastrtps_c__visibility_control.h
[7.084s] -- Symlinking: /home/robprakt2/beer_ws/install/prak_msgs/include/prak_msgs/prak_msgs/action/actuator_command.hpp
[7.091s] -- Symlinking: /home/robprakt2/beer_ws/install/prak_msgs/include/prak_msgs/prak_msgs/action/detail/actuator_command__builder.hpp
[7.099s] -- Symlinking: /home/robprakt2/beer_ws/install/prak_msgs/include/prak_msgs/prak_msgs/action/detail/actuator_command__struct.hpp
[7.106s] -- Symlinking: /home/robprakt2/beer_ws/install/prak_msgs/include/prak_msgs/prak_msgs/action/detail/actuator_command__traits.hpp
[7.114s] -- Symlinking: /home/robprakt2/beer_ws/install/prak_msgs/include/prak_msgs/prak_msgs/action/detail/actuator_command__type_support.hpp
[7.121s] -- Symlinking: /home/robprakt2/beer_ws/install/prak_msgs/include/prak_msgs/prak_msgs/msg/actuator_request.hpp
[7.128s] -- Symlinking: /home/robprakt2/beer_ws/install/prak_msgs/include/prak_msgs/prak_msgs/msg/detail/actuator_request__builder.hpp
[7.137s] -- Symlinking: /home/robprakt2/beer_ws/install/prak_msgs/include/prak_msgs/prak_msgs/msg/detail/actuator_request__struct.hpp
[7.144s] -- Symlinking: /home/robprakt2/beer_ws/install/prak_msgs/include/prak_msgs/prak_msgs/msg/detail/actuator_request__traits.hpp
[7.152s] -- Symlinking: /home/robprakt2/beer_ws/install/prak_msgs/include/prak_msgs/prak_msgs/msg/detail/actuator_request__type_support.hpp
[7.160s] -- Symlinking: /home/robprakt2/beer_ws/install/prak_msgs/include/prak_msgs/prak_msgs/msg/detail/joint_state__builder.hpp
[7.167s] -- Symlinking: /home/robprakt2/beer_ws/install/prak_msgs/include/prak_msgs/prak_msgs/msg/detail/joint_state__struct.hpp
[7.175s] -- Symlinking: /home/robprakt2/beer_ws/install/prak_msgs/include/prak_msgs/prak_msgs/msg/detail/joint_state__traits.hpp
[7.182s] -- Symlinking: /home/robprakt2/beer_ws/install/prak_msgs/include/prak_msgs/prak_msgs/msg/detail/joint_state__type_support.hpp
[7.189s] -- Symlinking: /home/robprakt2/beer_ws/install/prak_msgs/include/prak_msgs/prak_msgs/msg/detail/joint_state_stamped__builder.hpp
[7.197s] -- Symlinking: /home/robprakt2/beer_ws/install/prak_msgs/include/prak_msgs/prak_msgs/msg/detail/joint_state_stamped__struct.hpp
[7.204s] -- Symlinking: /home/robprakt2/beer_ws/install/prak_msgs/include/prak_msgs/prak_msgs/msg/detail/joint_state_stamped__traits.hpp
[7.212s] -- Symlinking: /home/robprakt2/beer_ws/install/prak_msgs/include/prak_msgs/prak_msgs/msg/detail/joint_state_stamped__type_support.hpp
[7.219s] -- Symlinking: /home/robprakt2/beer_ws/install/prak_msgs/include/prak_msgs/prak_msgs/msg/detail/robot_state__builder.hpp
[7.227s] -- Symlinking: /home/robprakt2/beer_ws/install/prak_msgs/include/prak_msgs/prak_msgs/msg/detail/robot_state__struct.hpp
[7.235s] -- Symlinking: /home/robprakt2/beer_ws/install/prak_msgs/include/prak_msgs/prak_msgs/msg/detail/robot_state__traits.hpp
[7.243s] -- Symlinking: /home/robprakt2/beer_ws/install/prak_msgs/include/prak_msgs/prak_msgs/msg/detail/robot_state__type_support.hpp
[7.251s] -- Symlinking: /home/robprakt2/beer_ws/install/prak_msgs/include/prak_msgs/prak_msgs/msg/joint_state.hpp
[7.258s] -- Symlinking: /home/robprakt2/beer_ws/install/prak_msgs/include/prak_msgs/prak_msgs/msg/joint_state_stamped.hpp
[7.266s] -- Symlinking: /home/robprakt2/beer_ws/install/prak_msgs/include/prak_msgs/prak_msgs/msg/robot_state.hpp
[7.273s] -- Symlinking: /home/robprakt2/beer_ws/install/prak_msgs/include/prak_msgs/prak_msgs/msg/rosidl_generator_cpp__visibility_control.hpp
[7.280s] -- Symlinking: /home/robprakt2/beer_ws/install/prak_msgs/include/prak_msgs/prak_msgs/action/detail/actuator_command__rosidl_typesupport_fastrtps_cpp.hpp
[7.288s] -- Symlinking: /home/robprakt2/beer_ws/install/prak_msgs/include/prak_msgs/prak_msgs/msg/detail/actuator_request__rosidl_typesupport_fastrtps_cpp.hpp
[7.296s] -- Symlinking: /home/robprakt2/beer_ws/install/prak_msgs/include/prak_msgs/prak_msgs/msg/detail/joint_state__rosidl_typesupport_fastrtps_cpp.hpp
[7.304s] -- Symlinking: /home/robprakt2/beer_ws/install/prak_msgs/include/prak_msgs/prak_msgs/msg/detail/joint_state_stamped__rosidl_typesupport_fastrtps_cpp.hpp
[7.311s] -- Symlinking: /home/robprakt2/beer_ws/install/prak_msgs/include/prak_msgs/prak_msgs/msg/detail/robot_state__rosidl_typesupport_fastrtps_cpp.hpp
[7.319s] -- Symlinking: /home/robprakt2/beer_ws/install/prak_msgs/include/prak_msgs/prak_msgs/msg/rosidl_typesupport_fastrtps_cpp__visibility_control.h
[7.327s] -- Symlinking: /home/robprakt2/beer_ws/install/prak_msgs/include/prak_msgs/prak_msgs/action/detail/actuator_command__rosidl_typesupport_introspection_c.h
[7.334s] -- Symlinking: /home/robprakt2/beer_ws/install/prak_msgs/include/prak_msgs/prak_msgs/msg/detail/actuator_request__rosidl_typesupport_introspection_c.h
[7.342s] -- Symlinking: /home/robprakt2/beer_ws/install/prak_msgs/include/prak_msgs/prak_msgs/msg/detail/joint_state__rosidl_typesupport_introspection_c.h
[7.349s] -- Symlinking: /home/robprakt2/beer_ws/install/prak_msgs/include/prak_msgs/prak_msgs/msg/detail/joint_state_stamped__rosidl_typesupport_introspection_c.h
[7.357s] -- Symlinking: /home/robprakt2/beer_ws/install/prak_msgs/include/prak_msgs/prak_msgs/msg/detail/robot_state__rosidl_typesupport_introspection_c.h
[7.364s] -- Symlinking: /home/robprakt2/beer_ws/install/prak_msgs/include/prak_msgs/prak_msgs/msg/rosidl_typesupport_introspection_c__visibility_control.h
[7.371s] -- Symlinking: /home/robprakt2/beer_ws/install/prak_msgs/include/prak_msgs/prak_msgs/action/detail/actuator_command__rosidl_typesupport_introspection_cpp.hpp
[7.379s] -- Symlinking: /home/robprakt2/beer_ws/install/prak_msgs/include/prak_msgs/prak_msgs/msg/detail/actuator_request__rosidl_typesupport_introspection_cpp.hpp
[7.386s] -- Symlinking: /home/robprakt2/beer_ws/install/prak_msgs/include/prak_msgs/prak_msgs/msg/detail/joint_state__rosidl_typesupport_introspection_cpp.hpp
[7.394s] -- Symlinking: /home/robprakt2/beer_ws/install/prak_msgs/include/prak_msgs/prak_msgs/msg/detail/joint_state_stamped__rosidl_typesupport_introspection_cpp.hpp
[7.401s] -- Symlinking: /home/robprakt2/beer_ws/install/prak_msgs/include/prak_msgs/prak_msgs/msg/detail/robot_state__rosidl_typesupport_introspection_cpp.hpp
[7.408s] -- Symlinking: /home/robprakt2/beer_ws/install/prak_msgs/share/prak_msgs/environment/pythonpath.sh
[7.416s] -- Symlinking: /home/robprakt2/beer_ws/install/prak_msgs/share/prak_msgs/environment/pythonpath.dsv
[7.424s] -- Symlinking: /home/robprakt2/beer_ws/install/prak_msgs/lib/python3.12/site-packages/prak_msgs-0.0.0-py3.12.egg-info/PKG-INFO
[7.432s] -- Symlinking: /home/robprakt2/beer_ws/install/prak_msgs/lib/python3.12/site-packages/prak_msgs-0.0.0-py3.12.egg-info/SOURCES.txt
[7.439s] -- Symlinking: /home/robprakt2/beer_ws/install/prak_msgs/lib/python3.12/site-packages/prak_msgs-0.0.0-py3.12.egg-info/dependency_links.txt
[7.446s] -- Symlinking: /home/robprakt2/beer_ws/install/prak_msgs/lib/python3.12/site-packages/prak_msgs-0.0.0-py3.12.egg-info/top_level.txt
[7.454s] -- Symlinking: /home/robprakt2/beer_ws/install/prak_msgs/lib/python3.12/site-packages/prak_msgs/__init__.py
[7.462s] -- Symlinking: /home/robprakt2/beer_ws/install/prak_msgs/lib/python3.12/site-packages/prak_msgs/_prak_msgs_s.ep.rosidl_typesupport_c.c
[7.469s] -- Symlinking: /home/robprakt2/beer_ws/install/prak_msgs/lib/python3.12/site-packages/prak_msgs/_prak_msgs_s.ep.rosidl_typesupport_fastrtps_c.c
[7.476s] -- Symlinking: /home/robprakt2/beer_ws/install/prak_msgs/lib/python3.12/site-packages/prak_msgs/_prak_msgs_s.ep.rosidl_typesupport_introspection_c.c
[7.484s] -- Symlinking: /home/robprakt2/beer_ws/install/prak_msgs/lib/python3.12/site-packages/prak_msgs/action/__init__.py
[7.491s] -- Symlinking: /home/robprakt2/beer_ws/install/prak_msgs/lib/python3.12/site-packages/prak_msgs/action/_actuator_command.py
[7.499s] -- Symlinking: /home/robprakt2/beer_ws/install/prak_msgs/lib/python3.12/site-packages/prak_msgs/action/_actuator_command_s.c
[7.506s] -- Symlinking: /home/robprakt2/beer_ws/install/prak_msgs/lib/python3.12/site-packages/prak_msgs/msg/__init__.py
[7.514s] -- Symlinking: /home/robprakt2/beer_ws/install/prak_msgs/lib/python3.12/site-packages/prak_msgs/msg/_actuator_request.py
[7.522s] -- Symlinking: /home/robprakt2/beer_ws/install/prak_msgs/lib/python3.12/site-packages/prak_msgs/msg/_actuator_request_s.c
[7.529s] -- Symlinking: /home/robprakt2/beer_ws/install/prak_msgs/lib/python3.12/site-packages/prak_msgs/msg/_joint_state.py
[7.537s] -- Symlinking: /home/robprakt2/beer_ws/install/prak_msgs/lib/python3.12/site-packages/prak_msgs/msg/_joint_state_s.c
[7.544s] -- Symlinking: /home/robprakt2/beer_ws/install/prak_msgs/lib/python3.12/site-packages/prak_msgs/msg/_joint_state_stamped.py
[7.552s] -- Symlinking: /home/robprakt2/beer_ws/install/prak_msgs/lib/python3.12/site-packages/prak_msgs/msg/_joint_state_stamped_s.c
[7.561s] -- Symlinking: /home/robprakt2/beer_ws/install/prak_msgs/lib/python3.12/site-packages/prak_msgs/msg/_robot_state.py
[7.569s] -- Symlinking: /home/robprakt2/beer_ws/install/prak_msgs/lib/python3.12/site-packages/prak_msgs/msg/_robot_state_s.c
[7.578s] -- Symlinking: /home/robprakt2/beer_ws/install/prak_msgs/lib/python3.12/site-packages/prak_msgs/prak_msgs_s__rosidl_typesupport_c.so
[7.587s] -- Symlinking: /home/robprakt2/beer_ws/install/prak_msgs/lib/python3.12/site-packages/prak_msgs/prak_msgs_s__rosidl_typesupport_fastrtps_c.so
[7.596s] -- Symlinking: /home/robprakt2/beer_ws/install/prak_msgs/lib/python3.12/site-packages/prak_msgs/prak_msgs_s__rosidl_typesupport_introspection_c.so
[7.606s] -- Up-to-date symlink: /home/robprakt2/beer_ws/install/prak_msgs/lib/python3.12/site-packages/prak_msgs/prak_msgs_s__rosidl_typesupport_fastrtps_c.so
[7.606s] -- Up-to-date symlink: /home/robprakt2/beer_ws/install/prak_msgs/lib/python3.12/site-packages/prak_msgs/prak_msgs_s__rosidl_typesupport_introspection_c.so
[7.606s] -- Up-to-date symlink: /home/robprakt2/beer_ws/install/prak_msgs/lib/python3.12/site-packages/prak_msgs/prak_msgs_s__rosidl_typesupport_c.so
[7.606s] -- Symlinking: /home/robprakt2/beer_ws/install/prak_msgs/share/prak_msgs/msg/JointState.idl
[7.616s] -- Symlinking: /home/robprakt2/beer_ws/install/prak_msgs/share/prak_msgs/msg/JointStateStamped.idl
[7.625s] -- Symlinking: /home/robprakt2/beer_ws/install/prak_msgs/share/prak_msgs/msg/RobotState.idl
[7.633s] -- Symlinking: /home/robprakt2/beer_ws/install/prak_msgs/share/prak_msgs/msg/ActuatorRequest.idl
[7.642s] -- Symlinking: /home/robprakt2/beer_ws/install/prak_msgs/share/prak_msgs/action/ActuatorCommand.idl
[7.650s] -- Symlinking: /home/robprakt2/beer_ws/install/prak_msgs/share/prak_msgs/msg/JointState.msg
[7.658s] -- Symlinking: /home/robprakt2/beer_ws/install/prak_msgs/share/prak_msgs/msg/JointStateStamped.msg
[7.667s] -- Symlinking: /home/robprakt2/beer_ws/install/prak_msgs/share/prak_msgs/msg/RobotState.msg
[7.676s] -- Symlinking: /home/robprakt2/beer_ws/install/prak_msgs/share/prak_msgs/msg/ActuatorRequest.msg
[7.684s] -- Symlinking: /home/robprakt2/beer_ws/install/prak_msgs/share/prak_msgs/action/ActuatorCommand.action
[7.692s] -- Symlinking: /home/robprakt2/beer_ws/install/prak_msgs/share/ament_index/resource_index/package_run_dependencies/prak_msgs
[7.701s] -- Symlinking: /home/robprakt2/beer_ws/install/prak_msgs/share/ament_index/resource_index/parent_prefix_path/prak_msgs
[7.710s] -- Symlinking: /home/robprakt2/beer_ws/install/prak_msgs/share/prak_msgs/environment/ament_prefix_path.sh
[7.719s] -- Symlinking: /home/robprakt2/beer_ws/install/prak_msgs/share/prak_msgs/environment/ament_prefix_path.dsv
[7.727s] -- Symlinking: /home/robprakt2/beer_ws/install/prak_msgs/share/prak_msgs/environment/path.sh
[7.736s] -- Symlinking: /home/robprakt2/beer_ws/install/prak_msgs/share/prak_msgs/environment/path.dsv
[7.744s] -- Symlinking: /home/robprakt2/beer_ws/install/prak_msgs/share/prak_msgs/local_setup.bash
[7.752s] -- Symlinking: /home/robprakt2/beer_ws/install/prak_msgs/share/prak_msgs/local_setup.sh
[7.762s] -- Symlinking: /home/robprakt2/beer_ws/install/prak_msgs/share/prak_msgs/local_setup.zsh
[7.770s] -- Symlinking: /home/robprakt2/beer_ws/install/prak_msgs/share/prak_msgs/local_setup.dsv
[7.779s] -- Symlinking: /home/robprakt2/beer_ws/install/prak_msgs/share/prak_msgs/package.dsv
[7.787s] -- Symlinking: /home/robprakt2/beer_ws/install/prak_msgs/share/ament_index/resource_index/packages/prak_msgs
[7.796s] -- Symlinking: /home/robprakt2/beer_ws/install/prak_msgs/share/prak_msgs/cmake/rosidl_cmake-extras.cmake
[7.804s] -- Symlinking: /home/robprakt2/beer_ws/install/prak_msgs/share/prak_msgs/cmake/ament_cmake_export_dependencies-extras.cmake
[7.813s] -- Symlinking: /home/robprakt2/beer_ws/install/prak_msgs/share/prak_msgs/cmake/ament_cmake_export_include_directories-extras.cmake
[7.821s] -- Symlinking: /home/robprakt2/beer_ws/install/prak_msgs/share/prak_msgs/cmake/ament_cmake_export_libraries-extras.cmake
[7.830s] -- Symlinking: /home/robprakt2/beer_ws/install/prak_msgs/share/prak_msgs/cmake/ament_cmake_export_targets-extras.cmake
[7.840s] -- Symlinking: /home/robprakt2/beer_ws/install/prak_msgs/share/prak_msgs/cmake/rosidl_cmake_export_typesupport_targets-extras.cmake
[7.848s] -- Symlinking: /home/robprakt2/beer_ws/install/prak_msgs/share/prak_msgs/cmake/rosidl_cmake_export_typesupport_libraries-extras.cmake
[7.856s] -- Symlinking: /home/robprakt2/beer_ws/install/prak_msgs/share/prak_msgs/cmake/prak_msgsConfig.cmake
[7.864s] -- Symlinking: /home/robprakt2/beer_ws/install/prak_msgs/share/prak_msgs/cmake/prak_msgsConfig-version.cmake
[7.873s] -- Symlinking: /home/robprakt2/beer_ws/install/prak_msgs/share/prak_msgs/package.xml
[7.880s] -- Installing: /home/robprakt2/beer_ws/install/prak_msgs/lib/libprak_msgs__rosidl_generator_c.so
[7.880s] -- Set non-toolchain portion of runtime path of "/home/robprakt2/beer_ws/install/prak_msgs/lib/libprak_msgs__rosidl_generator_c.so" to ""
[7.881s] -- Installing: /home/robprakt2/beer_ws/install/prak_msgs/lib/libprak_msgs__rosidl_typesupport_fastrtps_c.so
[7.881s] -- Set non-toolchain portion of runtime path of "/home/robprakt2/beer_ws/install/prak_msgs/lib/libprak_msgs__rosidl_typesupport_fastrtps_c.so" to ""
[7.881s] -- Installing: /home/robprakt2/beer_ws/install/prak_msgs/lib/libprak_msgs__rosidl_typesupport_fastrtps_cpp.so
[7.881s] -- Set non-toolchain portion of runtime path of "/home/robprakt2/beer_ws/install/prak_msgs/lib/libprak_msgs__rosidl_typesupport_fastrtps_cpp.so" to ""
[7.881s] -- Installing: /home/robprakt2/beer_ws/install/prak_msgs/lib/libprak_msgs__rosidl_typesupport_introspection_c.so
[7.881s] -- Set non-toolchain portion of runtime path of "/home/robprakt2/beer_ws/install/prak_msgs/lib/libprak_msgs__rosidl_typesupport_introspection_c.so" to ""
[7.881s] -- Installing: /home/robprakt2/beer_ws/install/prak_msgs/lib/libprak_msgs__rosidl_typesupport_c.so
[7.882s] -- Set non-toolchain portion of runtime path of "/home/robprakt2/beer_ws/install/prak_msgs/lib/libprak_msgs__rosidl_typesupport_c.so" to ""
[7.882s] -- Installing: /home/robprakt2/beer_ws/install/prak_msgs/lib/libprak_msgs__rosidl_typesupport_introspection_cpp.so
[7.882s] -- Set non-toolchain portion of runtime path of "/home/robprakt2/beer_ws/install/prak_msgs/lib/libprak_msgs__rosidl_typesupport_introspection_cpp.so" to ""
[7.882s] -- Installing: /home/robprakt2/beer_ws/install/prak_msgs/lib/libprak_msgs__rosidl_typesupport_cpp.so
[7.882s] -- Set non-toolchain portion of runtime path of "/home/robprakt2/beer_ws/install/prak_msgs/lib/libprak_msgs__rosidl_typesupport_cpp.so" to ""
[7.926s] Listing '/home/robprakt2/beer_ws/install/prak_msgs/lib/python3.12/site-packages/prak_msgs'...
[7.926s] Compiling '/home/robprakt2/beer_ws/install/prak_msgs/lib/python3.12/site-packages/prak_msgs/__init__.py'...
[7.926s] Listing '/home/robprakt2/beer_ws/install/prak_msgs/lib/python3.12/site-packages/prak_msgs/action'...
[7.926s] Compiling '/home/robprakt2/beer_ws/install/prak_msgs/lib/python3.12/site-packages/prak_msgs/action/__init__.py'...
[7.926s] Compiling '/home/robprakt2/beer_ws/install/prak_msgs/lib/python3.12/site-packages/prak_msgs/action/_actuator_command.py'...
[7.926s] Listing '/home/robprakt2/beer_ws/install/prak_msgs/lib/python3.12/site-packages/prak_msgs/msg'...
[7.926s] Compiling '/home/robprakt2/beer_ws/install/prak_msgs/lib/python3.12/site-packages/prak_msgs/msg/__init__.py'...
[7.927s] Compiling '/home/robprakt2/beer_ws/install/prak_msgs/lib/python3.12/site-packages/prak_msgs/msg/_actuator_request.py'...
[7.927s] Compiling '/home/robprakt2/beer_ws/install/prak_msgs/lib/python3.12/site-packages/prak_msgs/msg/_joint_state.py'...
[7.927s] Compiling '/home/robprakt2/beer_ws/install/prak_msgs/lib/python3.12/site-packages/prak_msgs/msg/_joint_state_stamped.py'...
[7.927s] Compiling '/home/robprakt2/beer_ws/install/prak_msgs/lib/python3.12/site-packages/prak_msgs/msg/_robot_state.py'...
[7.932s] -- Installing: /home/robprakt2/beer_ws/install/prak_msgs/lib/libprak_msgs__rosidl_generator_py.so
[7.933s] -- Set non-toolchain portion of runtime path of "/home/robprakt2/beer_ws/install/prak_msgs/lib/libprak_msgs__rosidl_generator_py.so" to ""
[7.933s] -- Installing: /home/robprakt2/beer_ws/install/prak_msgs/share/prak_msgs/cmake/export_prak_msgs__rosidl_generator_cExport.cmake
[7.933s] -- Installing: /home/robprakt2/beer_ws/install/prak_msgs/share/prak_msgs/cmake/export_prak_msgs__rosidl_generator_cExport-noconfig.cmake
[7.933s] -- Installing: /home/robprakt2/beer_ws/install/prak_msgs/share/prak_msgs/cmake/export_prak_msgs__rosidl_typesupport_fastrtps_cExport.cmake
[7.933s] -- Installing: /home/robprakt2/beer_ws/install/prak_msgs/share/prak_msgs/cmake/export_prak_msgs__rosidl_typesupport_fastrtps_cExport-noconfig.cmake
[7.933s] -- Installing: /home/robprakt2/beer_ws/install/prak_msgs/share/prak_msgs/cmake/export_prak_msgs__rosidl_generator_cppExport.cmake
[7.933s] -- Installing: /home/robprakt2/beer_ws/install/prak_msgs/share/prak_msgs/cmake/export_prak_msgs__rosidl_typesupport_fastrtps_cppExport.cmake
[7.933s] -- Installing: /home/robprakt2/beer_ws/install/prak_msgs/share/prak_msgs/cmake/export_prak_msgs__rosidl_typesupport_fastrtps_cppExport-noconfig.cmake
[7.933s] -- Installing: /home/robprakt2/beer_ws/install/prak_msgs/share/prak_msgs/cmake/prak_msgs__rosidl_typesupport_introspection_cExport.cmake
[7.934s] -- Installing: /home/robprakt2/beer_ws/install/prak_msgs/share/prak_msgs/cmake/prak_msgs__rosidl_typesupport_introspection_cExport-noconfig.cmake
[7.934s] -- Installing: /home/robprakt2/beer_ws/install/prak_msgs/share/prak_msgs/cmake/prak_msgs__rosidl_typesupport_cExport.cmake
[7.934s] -- Installing: /home/robprakt2/beer_ws/install/prak_msgs/share/prak_msgs/cmake/prak_msgs__rosidl_typesupport_cExport-noconfig.cmake
[7.934s] -- Installing: /home/robprakt2/beer_ws/install/prak_msgs/share/prak_msgs/cmake/prak_msgs__rosidl_typesupport_introspection_cppExport.cmake
[7.934s] -- Installing: /home/robprakt2/beer_ws/install/prak_msgs/share/prak_msgs/cmake/prak_msgs__rosidl_typesupport_introspection_cppExport-noconfig.cmake
[7.934s] -- Installing: /home/robprakt2/beer_ws/install/prak_msgs/share/prak_msgs/cmake/prak_msgs__rosidl_typesupport_cppExport.cmake
[7.934s] -- Installing: /home/robprakt2/beer_ws/install/prak_msgs/share/prak_msgs/cmake/prak_msgs__rosidl_typesupport_cppExport-noconfig.cmake
[7.934s] -- Installing: /home/robprakt2/beer_ws/install/prak_msgs/share/prak_msgs/cmake/export_prak_msgs__rosidl_generator_pyExport.cmake
[7.934s] -- Installing: /home/robprakt2/beer_ws/install/prak_msgs/share/prak_msgs/cmake/export_prak_msgs__rosidl_generator_pyExport-noconfig.cmake
[7.935s] Invoked command in '/home/robprakt2/beer_ws/build/prak_msgs' returned '0': CMAKE_PREFIX_PATH=${CMAKE_PREFIX_PATH}:/home/robprakt2/beer_ws/install/master_py:/home/robprakt2/beer_ws/install/planner_py:/home/robprakt2/ws_moveit/install/moveit_configs_utils:/home/robprakt2/ws_moveit/install/RobPrakTEI:/opt/ros/kilted DEBUGINFOD_URLS=https://debuginfod.ubuntu.com /usr/bin/cmake --install /home/robprakt2/beer_ws/build/prak_msgs
