running develop
Removing /home/robprakt2/beer_ws/install/master_py/lib/python3.12/site-packages/master-py.egg-link (link to .)
running egg_info
writing ../../build/master_py/master_py.egg-info/PKG-INFO
writing dependency_links to ../../build/master_py/master_py.egg-info/dependency_links.txt
writing requirements to ../../build/master_py/master_py.egg-info/requires.txt
writing top-level names to ../../build/master_py/master_py.egg-info/top_level.txt
reading manifest file '../../build/master_py/master_py.egg-info/SOURCES.txt'
adding license file 'LICENSE'
writing manifest file '../../build/master_py/master_py.egg-info/SOURCES.txt'
running build
running build_py
creating /home/robprakt2/beer_ws/build/master_py/build
creating /home/robprakt2/beer_ws/build/master_py/build/lib
creating /home/robprakt2/beer_ws/build/master_py/build/lib/master_py
copying master_py/__init__.py -> /home/robprakt2/beer_ws/build/master_py/build/lib/master_py
running install
running install_lib
creating /home/robprakt2/beer_ws/install/master_py/lib/python3.12/site-packages/master_py
copying /home/robprakt2/beer_ws/build/master_py/build/lib/master_py/__init__.py -> /home/robprakt2/beer_ws/install/master_py/lib/python3.12/site-packages/master_py
byte-compiling /home/robprakt2/beer_ws/install/master_py/lib/python3.12/site-packages/master_py/__init__.py to __init__.cpython-312.pyc
running install_data
copying resource/master_py -> /home/robprakt2/beer_ws/install/master_py/share/ament_index/resource_index/packages
copying package.xml -> /home/robprakt2/beer_ws/install/master_py/share/master_py
running install_egg_info
Copying ../../build/master_py/master_py.egg-info to /home/robprakt2/beer_ws/install/master_py/lib/python3.12/site-packages/master_py-0.0.0-py3.12.egg-info
running install_scripts
writing list of installed files to '/home/robprakt2/beer_ws/build/master_py/install.log'
