[0.848s] Invoking command in '/home/robprakt2/beer_ws/build/master_py': DEBUGINFOD_URLS=https://debuginfod.ubuntu.com PYTHONPATH=/home/robprakt2/beer_ws/build/master_py/prefix_override:/usr/lib/python3/dist-packages/colcon_core/task/python/colcon_distutils_commands:/home/robprakt2/beer_ws/install/master_py/lib/python3.12/site-packages:${PYTHONPATH} /usr/bin/python3 -W ignore:setup.py install is deprecated -W ignore:easy_install command is deprecated setup.py develop --uninstall --editable --build-directory /home/robprakt2/beer_ws/build/master_py/build
[1.081s] running develop
[1.262s] Removing /home/robprakt2/beer_ws/install/master_py/lib/python3.12/site-packages/master-py.egg-link (link to .)
[1.287s] Invoked command in '/home/robprakt2/beer_ws/build/master_py' returned '0': DEBUGINFOD_URLS=https://debuginfod.ubuntu.com PYTHONPATH=/home/robprakt2/beer_ws/build/master_py/prefix_override:/usr/lib/python3/dist-packages/colcon_core/task/python/colcon_distutils_commands:/home/robprakt2/beer_ws/install/master_py/lib/python3.12/site-packages:${PYTHONPATH} /usr/bin/python3 -W ignore:setup.py install is deprecated -W ignore:easy_install command is deprecated setup.py develop --uninstall --editable --build-directory /home/robprakt2/beer_ws/build/master_py/build
[1.288s] Invoking command in '/home/robprakt2/beer_ws/src/master_py': DEBUGINFOD_URLS=https://debuginfod.ubuntu.com PYTHONPATH=/home/robprakt2/beer_ws/build/master_py/prefix_override:/usr/lib/python3/dist-packages/colcon_core/task/python/colcon_distutils_commands:/home/robprakt2/beer_ws/install/master_py/lib/python3.12/site-packages:${PYTHONPATH} /usr/bin/python3 -W ignore:setup.py install is deprecated -W ignore:easy_install command is deprecated setup.py egg_info --egg-base ../../build/master_py build --build-base /home/robprakt2/beer_ws/build/master_py/build install --record /home/robprakt2/beer_ws/build/master_py/install.log --single-version-externally-managed install_data --force
[1.509s] running egg_info
[1.526s] writing ../../build/master_py/master_py.egg-info/PKG-INFO
[1.526s] writing dependency_links to ../../build/master_py/master_py.egg-info/dependency_links.txt
[1.526s] writing requirements to ../../build/master_py/master_py.egg-info/requires.txt
[1.526s] writing top-level names to ../../build/master_py/master_py.egg-info/top_level.txt
[1.559s] reading manifest file '../../build/master_py/master_py.egg-info/SOURCES.txt'
[1.559s] adding license file 'LICENSE'
[1.560s] writing manifest file '../../build/master_py/master_py.egg-info/SOURCES.txt'
[1.560s] running build
[1.560s] running build_py
[1.560s] creating /home/robprakt2/beer_ws/build/master_py/build
[1.560s] creating /home/robprakt2/beer_ws/build/master_py/build/lib
[1.560s] creating /home/robprakt2/beer_ws/build/master_py/build/lib/master_py
[1.560s] copying master_py/__init__.py -> /home/robprakt2/beer_ws/build/master_py/build/lib/master_py
[1.560s] running install
[1.564s] running install_lib
[1.580s] creating /home/robprakt2/beer_ws/install/master_py/lib/python3.12/site-packages/master_py
[1.580s] copying /home/robprakt2/beer_ws/build/master_py/build/lib/master_py/__init__.py -> /home/robprakt2/beer_ws/install/master_py/lib/python3.12/site-packages/master_py
[1.581s] byte-compiling /home/robprakt2/beer_ws/install/master_py/lib/python3.12/site-packages/master_py/__init__.py to __init__.cpython-312.pyc
[1.581s] running install_data
[1.581s] copying resource/master_py -> /home/robprakt2/beer_ws/install/master_py/share/ament_index/resource_index/packages
[1.581s] copying package.xml -> /home/robprakt2/beer_ws/install/master_py/share/master_py
[1.581s] running install_egg_info
[1.598s] Copying ../../build/master_py/master_py.egg-info to /home/robprakt2/beer_ws/install/master_py/lib/python3.12/site-packages/master_py-0.0.0-py3.12.egg-info
[1.599s] running install_scripts
[1.718s] writing list of installed files to '/home/robprakt2/beer_ws/build/master_py/install.log'
[1.821s] Invoked command in '/home/robprakt2/beer_ws/src/master_py' returned '0': DEBUGINFOD_URLS=https://debuginfod.ubuntu.com PYTHONPATH=/home/robprakt2/beer_ws/build/master_py/prefix_override:/usr/lib/python3/dist-packages/colcon_core/task/python/colcon_distutils_commands:/home/robprakt2/beer_ws/install/master_py/lib/python3.12/site-packages:${PYTHONPATH} /usr/bin/python3 -W ignore:setup.py install is deprecated -W ignore:easy_install command is deprecated setup.py egg_info --egg-base ../../build/master_py build --build-base /home/robprakt2/beer_ws/build/master_py/build install --record /home/robprakt2/beer_ws/build/master_py/install.log --single-version-externally-managed install_data --force
