[0.630s] Invoking command in '/home/robprakt2/beer_ws/src/planner_py': AMENT_PREFIX_PATH=/home/robprakt2/beer_ws/install/prak_msgs:${AMENT_PREFIX_PATH} CMAKE_PREFIX_PATH=/home/robprakt2/beer_ws/install/prak_msgs:${CMAKE_PREFIX_PATH} DEBUGINFOD_URLS=https://debuginfod.ubuntu.com LD_LIBRARY_PATH=/home/robprakt2/beer_ws/install/prak_msgs/lib:${LD_LIBRARY_PATH} PYTHONPATH=/home/robprakt2/beer_ws/build/planner_py/prefix_override:/usr/lib/python3/dist-packages/colcon_core/task/python/colcon_distutils_commands:/home/robprakt2/beer_ws/install/planner_py/lib/python3.12/site-packages:/home/robprakt2/beer_ws/install/prak_msgs/lib/python3.12/site-packages:${PYTHONPATH} /usr/bin/python3 -W ignore:setup.py install is deprecated -W ignore:easy_install command is deprecated setup.py egg_info --egg-base ../../build/planner_py build --build-base /home/robprakt2/beer_ws/build/planner_py/build install --record /home/robprakt2/beer_ws/build/planner_py/install.log --single-version-externally-managed install_data
[0.842s] running egg_info
[0.858s] writing ../../build/planner_py/planner_py.egg-info/PKG-INFO
[0.858s] writing dependency_links to ../../build/planner_py/planner_py.egg-info/dependency_links.txt
[0.858s] writing entry points to ../../build/planner_py/planner_py.egg-info/entry_points.txt
[0.858s] writing requirements to ../../build/planner_py/planner_py.egg-info/requires.txt
[0.858s] writing top-level names to ../../build/planner_py/planner_py.egg-info/top_level.txt
[0.891s] reading manifest file '../../build/planner_py/planner_py.egg-info/SOURCES.txt'
[0.891s] adding license file 'LICENSE'
[0.892s] writing manifest file '../../build/planner_py/planner_py.egg-info/SOURCES.txt'
[0.892s] running build
[0.892s] running build_py
[0.892s] running install
[0.896s] running install_lib
[0.913s] running install_data
[0.913s] running install_egg_info
[0.930s] removing '/home/robprakt2/beer_ws/install/planner_py/lib/python3.12/site-packages/planner_py-0.0.0-py3.12.egg-info' (and everything under it)
[0.930s] Copying ../../build/planner_py/planner_py.egg-info to /home/robprakt2/beer_ws/install/planner_py/lib/python3.12/site-packages/planner_py-0.0.0-py3.12.egg-info
[0.931s] running install_scripts
[1.035s] Installing state_node script to /home/robprakt2/beer_ws/install/planner_py/lib/planner_py
[1.035s] Installing test_planner_node script to /home/robprakt2/beer_ws/install/planner_py/lib/planner_py
[1.035s] writing list of installed files to '/home/robprakt2/beer_ws/build/planner_py/install.log'
[1.055s] Invoked command in '/home/robprakt2/beer_ws/src/planner_py' returned '0': AMENT_PREFIX_PATH=/home/robprakt2/beer_ws/install/prak_msgs:${AMENT_PREFIX_PATH} CMAKE_PREFIX_PATH=/home/robprakt2/beer_ws/install/prak_msgs:${CMAKE_PREFIX_PATH} DEBUGINFOD_URLS=https://debuginfod.ubuntu.com LD_LIBRARY_PATH=/home/robprakt2/beer_ws/install/prak_msgs/lib:${LD_LIBRARY_PATH} PYTHONPATH=/home/robprakt2/beer_ws/build/planner_py/prefix_override:/usr/lib/python3/dist-packages/colcon_core/task/python/colcon_distutils_commands:/home/robprakt2/beer_ws/install/planner_py/lib/python3.12/site-packages:/home/robprakt2/beer_ws/install/prak_msgs/lib/python3.12/site-packages:${PYTHONPATH} /usr/bin/python3 -W ignore:setup.py install is deprecated -W ignore:easy_install command is deprecated setup.py egg_info --egg-base ../../build/planner_py build --build-base /home/robprakt2/beer_ws/build/planner_py/build install --record /home/robprakt2/beer_ws/build/planner_py/install.log --single-version-externally-managed install_data
