[0.805s] Invoking command in '/home/robprakt2/beer_ws/src/master_py': DEBUGINFOD_URLS=https://debuginfod.ubuntu.com PYTHONPATH=/home/robprakt2/beer_ws/build/master_py/prefix_override:/usr/lib/python3/dist-packages/colcon_core/task/python/colcon_distutils_commands:/home/robprakt2/beer_ws/install/master_py/lib/python3.12/site-packages:${PYTHONPATH} /usr/bin/python3 -W ignore:setup.py install is deprecated -W ignore:easy_install command is deprecated setup.py egg_info --egg-base ../../build/master_py build --build-base /home/robprakt2/beer_ws/build/master_py/build install --record /home/robprakt2/beer_ws/build/master_py/install.log --single-version-externally-managed install_data
[1.021s] running egg_info
[1.038s] writing ../../build/master_py/master_py.egg-info/PKG-INFO
[1.038s] writing dependency_links to ../../build/master_py/master_py.egg-info/dependency_links.txt
[1.038s] writing requirements to ../../build/master_py/master_py.egg-info/requires.txt
[1.038s] writing top-level names to ../../build/master_py/master_py.egg-info/top_level.txt
[1.073s] reading manifest file '../../build/master_py/master_py.egg-info/SOURCES.txt'
[1.073s] adding license file 'LICENSE'
[1.073s] writing manifest file '../../build/master_py/master_py.egg-info/SOURCES.txt'
[1.073s] running build
[1.074s] running build_py
[1.074s] running install
[1.078s] running install_lib
[1.096s] running install_data
[1.096s] running install_egg_info
[1.114s] removing '/home/robprakt2/beer_ws/install/master_py/lib/python3.12/site-packages/master_py-0.0.0-py3.12.egg-info' (and everything under it)
[1.114s] Copying ../../build/master_py/master_py.egg-info to /home/robprakt2/beer_ws/install/master_py/lib/python3.12/site-packages/master_py-0.0.0-py3.12.egg-info
[1.114s] running install_scripts
[1.222s] writing list of installed files to '/home/robprakt2/beer_ws/build/master_py/install.log'
[1.242s] Invoked command in '/home/robprakt2/beer_ws/src/master_py' returned '0': DEBUGINFOD_URLS=https://debuginfod.ubuntu.com PYTHONPATH=/home/robprakt2/beer_ws/build/master_py/prefix_override:/usr/lib/python3/dist-packages/colcon_core/task/python/colcon_distutils_commands:/home/robprakt2/beer_ws/install/master_py/lib/python3.12/site-packages:${PYTHONPATH} /usr/bin/python3 -W ignore:setup.py install is deprecated -W ignore:easy_install command is deprecated setup.py egg_info --egg-base ../../build/master_py build --build-base /home/robprakt2/beer_ws/build/master_py/build install --record /home/robprakt2/beer_ws/build/master_py/install.log --single-version-externally-managed install_data
