[0.019s] Invoking command in '/home/robprakt2/beer_ws/build/prak_msgs': CMAKE_PREFIX_PATH=${CMAKE_PREFIX_PATH}:/home/robprakt2/ws_moveit/install/moveit_configs_utils:/home/robprakt2/ws_moveit/install/RobPrakTEI:/opt/ros/kilted DEBUGINFOD_URLS=https://debuginfod.ubuntu.com /usr/bin/cmake --build /home/robprakt2/beer_ws/build/prak_msgs -- -j12 -l12
[0.193s] [  1%] Built target prak_msgs__rosidl_generator_type_description
[0.193s] [  1%] Built target ament_cmake_python_symlink_prak_msgs
[0.193s] [  2%] Built target prak_msgs__cpp
[0.193s] [ 25%] Built target prak_msgs__rosidl_generator_c
[0.193s] [ 35%] Built target prak_msgs__rosidl_typesupport_introspection_c
[0.193s] [ 44%] Built target prak_msgs__rosidl_typesupport_cpp
[0.193s] [ 54%] Built target prak_msgs__rosidl_typesupport_fastrtps_cpp
[0.193s] [ 63%] Built target prak_msgs__rosidl_typesupport_c
[0.193s] [ 72%] Built target prak_msgs__rosidl_typesupport_introspection_cpp
[0.194s] [ 82%] Built target prak_msgs__rosidl_typesupport_fastrtps_c
[0.194s] [ 82%] Built target prak_msgs
[0.194s] [ 83%] Built target prak_msgs__py
[0.194s] [ 91%] Built target prak_msgs__rosidl_generator_py
[0.194s] [100%] Built target prak_msgs_s__rosidl_typesupport_introspection_c
[0.194s] [100%] Built target prak_msgs_s__rosidl_typesupport_c
[0.194s] [100%] Built target prak_msgs_s__rosidl_typesupport_fastrtps_c
[0.245s] running egg_info
[0.262s] writing prak_msgs.egg-info/PKG-INFO
[0.262s] writing dependency_links to prak_msgs.egg-info/dependency_links.txt
[0.262s] writing top-level names to prak_msgs.egg-info/top_level.txt
[0.310s] reading manifest file 'prak_msgs.egg-info/SOURCES.txt'
[0.311s] writing manifest file 'prak_msgs.egg-info/SOURCES.txt'
[0.330s] [100%] Built target ament_cmake_python_build_prak_msgs_egg
[0.355s] Invoked command in '/home/robprakt2/beer_ws/build/prak_msgs' returned '0': CMAKE_PREFIX_PATH=${CMAKE_PREFIX_PATH}:/home/robprakt2/ws_moveit/install/moveit_configs_utils:/home/robprakt2/ws_moveit/install/RobPrakTEI:/opt/ros/kilted DEBUGINFOD_URLS=https://debuginfod.ubuntu.com /usr/bin/cmake --build /home/robprakt2/beer_ws/build/prak_msgs -- -j12 -l12
[0.362s] Invoking command in '/home/robprakt2/beer_ws/build/prak_msgs': CMAKE_PREFIX_PATH=${CMAKE_PREFIX_PATH}:/home/robprakt2/ws_moveit/install/moveit_configs_utils:/home/robprakt2/ws_moveit/install/RobPrakTEI:/opt/ros/kilted DEBUGINFOD_URLS=https://debuginfod.ubuntu.com /usr/bin/cmake --install /home/robprakt2/beer_ws/build/prak_msgs
[0.369s] -- Install configuration: ""
[0.370s] -- Execute custom install script
[0.370s] -- Up-to-date symlink: /home/robprakt2/beer_ws/install/prak_msgs/share/ament_index/resource_index/rosidl_interfaces/prak_msgs
[0.370s] -- Up-to-date symlink: /home/robprakt2/beer_ws/install/prak_msgs/share/prak_msgs/msg/JointState.json
[0.370s] -- Up-to-date symlink: /home/robprakt2/beer_ws/install/prak_msgs/share/prak_msgs/msg/JointStateStamped.json
[0.370s] -- Up-to-date symlink: /home/robprakt2/beer_ws/install/prak_msgs/share/prak_msgs/msg/RobotState.json
[0.370s] -- Up-to-date symlink: /home/robprakt2/beer_ws/install/prak_msgs/share/prak_msgs/msg/ActuatorRequest.json
[0.370s] -- Up-to-date symlink: /home/robprakt2/beer_ws/install/prak_msgs/share/prak_msgs/action/ActuatorCommand.json
[0.371s] -- Up-to-date symlink: /home/robprakt2/beer_ws/install/prak_msgs/include/prak_msgs/prak_msgs/action/actuator_command.h
[0.371s] -- Up-to-date symlink: /home/robprakt2/beer_ws/install/prak_msgs/include/prak_msgs/prak_msgs/action/detail/actuator_command__functions.h
[0.371s] -- Up-to-date symlink: /home/robprakt2/beer_ws/install/prak_msgs/include/prak_msgs/prak_msgs/action/detail/actuator_command__struct.h
[0.371s] -- Up-to-date symlink: /home/robprakt2/beer_ws/install/prak_msgs/include/prak_msgs/prak_msgs/action/detail/actuator_command__type_support.h
[0.371s] -- Up-to-date symlink: /home/robprakt2/beer_ws/install/prak_msgs/include/prak_msgs/prak_msgs/msg/actuator_request.h
[0.371s] -- Up-to-date symlink: /home/robprakt2/beer_ws/install/prak_msgs/include/prak_msgs/prak_msgs/msg/detail/actuator_request__functions.h
[0.371s] -- Up-to-date symlink: /home/robprakt2/beer_ws/install/prak_msgs/include/prak_msgs/prak_msgs/msg/detail/actuator_request__struct.h
[0.371s] -- Up-to-date symlink: /home/robprakt2/beer_ws/install/prak_msgs/include/prak_msgs/prak_msgs/msg/detail/actuator_request__type_support.h
[0.371s] -- Up-to-date symlink: /home/robprakt2/beer_ws/install/prak_msgs/include/prak_msgs/prak_msgs/msg/detail/joint_state__functions.h
[0.371s] -- Up-to-date symlink: /home/robprakt2/beer_ws/install/prak_msgs/include/prak_msgs/prak_msgs/msg/detail/joint_state__struct.h
[0.371s] -- Up-to-date symlink: /home/robprakt2/beer_ws/install/prak_msgs/include/prak_msgs/prak_msgs/msg/detail/joint_state__type_support.h
[0.371s] -- Up-to-date symlink: /home/robprakt2/beer_ws/install/prak_msgs/include/prak_msgs/prak_msgs/msg/detail/joint_state_stamped__functions.h
[0.371s] -- Up-to-date symlink: /home/robprakt2/beer_ws/install/prak_msgs/include/prak_msgs/prak_msgs/msg/detail/joint_state_stamped__struct.h
[0.371s] -- Up-to-date symlink: /home/robprakt2/beer_ws/install/prak_msgs/include/prak_msgs/prak_msgs/msg/detail/joint_state_stamped__type_support.h
[0.371s] -- Up-to-date symlink: /home/robprakt2/beer_ws/install/prak_msgs/include/prak_msgs/prak_msgs/msg/detail/robot_state__functions.h
[0.371s] -- Up-to-date symlink: /home/robprakt2/beer_ws/install/prak_msgs/include/prak_msgs/prak_msgs/msg/detail/robot_state__struct.h
[0.371s] -- Up-to-date symlink: /home/robprakt2/beer_ws/install/prak_msgs/include/prak_msgs/prak_msgs/msg/detail/robot_state__type_support.h
[0.371s] -- Up-to-date symlink: /home/robprakt2/beer_ws/install/prak_msgs/include/prak_msgs/prak_msgs/msg/joint_state.h
[0.372s] -- Up-to-date symlink: /home/robprakt2/beer_ws/install/prak_msgs/include/prak_msgs/prak_msgs/msg/joint_state_stamped.h
[0.372s] -- Up-to-date symlink: /home/robprakt2/beer_ws/install/prak_msgs/include/prak_msgs/prak_msgs/msg/robot_state.h
[0.372s] -- Up-to-date symlink: /home/robprakt2/beer_ws/install/prak_msgs/include/prak_msgs/prak_msgs/msg/rosidl_generator_c__visibility_control.h
[0.372s] -- Up-to-date symlink: /home/robprakt2/beer_ws/install/prak_msgs/share/prak_msgs/environment/library_path.sh
[0.372s] -- Up-to-date symlink: /home/robprakt2/beer_ws/install/prak_msgs/share/prak_msgs/environment/library_path.dsv
[0.372s] -- Up-to-date symlink: /home/robprakt2/beer_ws/install/prak_msgs/include/prak_msgs/prak_msgs/action/detail/actuator_command__rosidl_typesupport_fastrtps_c.h
[0.372s] -- Up-to-date symlink: /home/robprakt2/beer_ws/install/prak_msgs/include/prak_msgs/prak_msgs/msg/detail/actuator_request__rosidl_typesupport_fastrtps_c.h
[0.372s] -- Up-to-date symlink: /home/robprakt2/beer_ws/install/prak_msgs/include/prak_msgs/prak_msgs/msg/detail/joint_state__rosidl_typesupport_fastrtps_c.h
[0.372s] -- Up-to-date symlink: /home/robprakt2/beer_ws/install/prak_msgs/include/prak_msgs/prak_msgs/msg/detail/joint_state_stamped__rosidl_typesupport_fastrtps_c.h
[0.372s] -- Up-to-date symlink: /home/robprakt2/beer_ws/install/prak_msgs/include/prak_msgs/prak_msgs/msg/detail/robot_state__rosidl_typesupport_fastrtps_c.h
[0.372s] -- Up-to-date symlink: /home/robprakt2/beer_ws/install/prak_msgs/include/prak_msgs/prak_msgs/msg/rosidl_typesupport_fastrtps_c__visibility_control.h
[0.373s] -- Up-to-date symlink: /home/robprakt2/beer_ws/install/prak_msgs/include/prak_msgs/prak_msgs/action/actuator_command.hpp
[0.373s] -- Up-to-date symlink: /home/robprakt2/beer_ws/install/prak_msgs/include/prak_msgs/prak_msgs/action/detail/actuator_command__builder.hpp
[0.373s] -- Up-to-date symlink: /home/robprakt2/beer_ws/install/prak_msgs/include/prak_msgs/prak_msgs/action/detail/actuator_command__struct.hpp
[0.373s] -- Up-to-date symlink: /home/robprakt2/beer_ws/install/prak_msgs/include/prak_msgs/prak_msgs/action/detail/actuator_command__traits.hpp
[0.373s] -- Up-to-date symlink: /home/robprakt2/beer_ws/install/prak_msgs/include/prak_msgs/prak_msgs/action/detail/actuator_command__type_support.hpp
[0.373s] -- Up-to-date symlink: /home/robprakt2/beer_ws/install/prak_msgs/include/prak_msgs/prak_msgs/msg/actuator_request.hpp
[0.373s] -- Up-to-date symlink: /home/robprakt2/beer_ws/install/prak_msgs/include/prak_msgs/prak_msgs/msg/detail/actuator_request__builder.hpp
[0.373s] -- Up-to-date symlink: /home/robprakt2/beer_ws/install/prak_msgs/include/prak_msgs/prak_msgs/msg/detail/actuator_request__struct.hpp
[0.373s] -- Up-to-date symlink: /home/robprakt2/beer_ws/install/prak_msgs/include/prak_msgs/prak_msgs/msg/detail/actuator_request__traits.hpp
[0.373s] -- Up-to-date symlink: /home/robprakt2/beer_ws/install/prak_msgs/include/prak_msgs/prak_msgs/msg/detail/actuator_request__type_support.hpp
[0.373s] -- Up-to-date symlink: /home/robprakt2/beer_ws/install/prak_msgs/include/prak_msgs/prak_msgs/msg/detail/joint_state__builder.hpp
[0.373s] -- Up-to-date symlink: /home/robprakt2/beer_ws/install/prak_msgs/include/prak_msgs/prak_msgs/msg/detail/joint_state__struct.hpp
[0.373s] -- Up-to-date symlink: /home/robprakt2/beer_ws/install/prak_msgs/include/prak_msgs/prak_msgs/msg/detail/joint_state__traits.hpp
[0.373s] -- Up-to-date symlink: /home/robprakt2/beer_ws/install/prak_msgs/include/prak_msgs/prak_msgs/msg/detail/joint_state__type_support.hpp
[0.373s] -- Up-to-date symlink: /home/robprakt2/beer_ws/install/prak_msgs/include/prak_msgs/prak_msgs/msg/detail/joint_state_stamped__builder.hpp
[0.373s] -- Up-to-date symlink: /home/robprakt2/beer_ws/install/prak_msgs/include/prak_msgs/prak_msgs/msg/detail/joint_state_stamped__struct.hpp
[0.373s] -- Up-to-date symlink: /home/robprakt2/beer_ws/install/prak_msgs/include/prak_msgs/prak_msgs/msg/detail/joint_state_stamped__traits.hpp
[0.374s] -- Up-to-date symlink: /home/robprakt2/beer_ws/install/prak_msgs/include/prak_msgs/prak_msgs/msg/detail/joint_state_stamped__type_support.hpp
[0.374s] -- Up-to-date symlink: /home/robprakt2/beer_ws/install/prak_msgs/include/prak_msgs/prak_msgs/msg/detail/robot_state__builder.hpp
[0.374s] -- Up-to-date symlink: /home/robprakt2/beer_ws/install/prak_msgs/include/prak_msgs/prak_msgs/msg/detail/robot_state__struct.hpp
[0.374s] -- Up-to-date symlink: /home/robprakt2/beer_ws/install/prak_msgs/include/prak_msgs/prak_msgs/msg/detail/robot_state__traits.hpp
[0.374s] -- Up-to-date symlink: /home/robprakt2/beer_ws/install/prak_msgs/include/prak_msgs/prak_msgs/msg/detail/robot_state__type_support.hpp
[0.374s] -- Up-to-date symlink: /home/robprakt2/beer_ws/install/prak_msgs/include/prak_msgs/prak_msgs/msg/joint_state.hpp
[0.374s] -- Up-to-date symlink: /home/robprakt2/beer_ws/install/prak_msgs/include/prak_msgs/prak_msgs/msg/joint_state_stamped.hpp
[0.374s] -- Up-to-date symlink: /home/robprakt2/beer_ws/install/prak_msgs/include/prak_msgs/prak_msgs/msg/robot_state.hpp
[0.374s] -- Up-to-date symlink: /home/robprakt2/beer_ws/install/prak_msgs/include/prak_msgs/prak_msgs/msg/rosidl_generator_cpp__visibility_control.hpp
[0.374s] -- Up-to-date symlink: /home/robprakt2/beer_ws/install/prak_msgs/include/prak_msgs/prak_msgs/action/detail/actuator_command__rosidl_typesupport_fastrtps_cpp.hpp
[0.374s] -- Up-to-date symlink: /home/robprakt2/beer_ws/install/prak_msgs/include/prak_msgs/prak_msgs/msg/detail/actuator_request__rosidl_typesupport_fastrtps_cpp.hpp
[0.374s] -- Up-to-date symlink: /home/robprakt2/beer_ws/install/prak_msgs/include/prak_msgs/prak_msgs/msg/detail/joint_state__rosidl_typesupport_fastrtps_cpp.hpp
[0.374s] -- Up-to-date symlink: /home/robprakt2/beer_ws/install/prak_msgs/include/prak_msgs/prak_msgs/msg/detail/joint_state_stamped__rosidl_typesupport_fastrtps_cpp.hpp
[0.374s] -- Up-to-date symlink: /home/robprakt2/beer_ws/install/prak_msgs/include/prak_msgs/prak_msgs/msg/detail/robot_state__rosidl_typesupport_fastrtps_cpp.hpp
[0.374s] -- Up-to-date symlink: /home/robprakt2/beer_ws/install/prak_msgs/include/prak_msgs/prak_msgs/msg/rosidl_typesupport_fastrtps_cpp__visibility_control.h
[0.375s] -- Up-to-date symlink: /home/robprakt2/beer_ws/install/prak_msgs/include/prak_msgs/prak_msgs/action/detail/actuator_command__rosidl_typesupport_introspection_c.h
[0.375s] -- Up-to-date symlink: /home/robprakt2/beer_ws/install/prak_msgs/include/prak_msgs/prak_msgs/msg/detail/actuator_request__rosidl_typesupport_introspection_c.h
[0.375s] -- Up-to-date symlink: /home/robprakt2/beer_ws/install/prak_msgs/include/prak_msgs/prak_msgs/msg/detail/joint_state__rosidl_typesupport_introspection_c.h
[0.375s] -- Up-to-date symlink: /home/robprakt2/beer_ws/install/prak_msgs/include/prak_msgs/prak_msgs/msg/detail/joint_state_stamped__rosidl_typesupport_introspection_c.h
[0.375s] -- Up-to-date symlink: /home/robprakt2/beer_ws/install/prak_msgs/include/prak_msgs/prak_msgs/msg/detail/robot_state__rosidl_typesupport_introspection_c.h
[0.375s] -- Up-to-date symlink: /home/robprakt2/beer_ws/install/prak_msgs/include/prak_msgs/prak_msgs/msg/rosidl_typesupport_introspection_c__visibility_control.h
[0.375s] -- Up-to-date symlink: /home/robprakt2/beer_ws/install/prak_msgs/include/prak_msgs/prak_msgs/action/detail/actuator_command__rosidl_typesupport_introspection_cpp.hpp
[0.375s] -- Up-to-date symlink: /home/robprakt2/beer_ws/install/prak_msgs/include/prak_msgs/prak_msgs/msg/detail/actuator_request__rosidl_typesupport_introspection_cpp.hpp
[0.375s] -- Up-to-date symlink: /home/robprakt2/beer_ws/install/prak_msgs/include/prak_msgs/prak_msgs/msg/detail/joint_state__rosidl_typesupport_introspection_cpp.hpp
[0.375s] -- Up-to-date symlink: /home/robprakt2/beer_ws/install/prak_msgs/include/prak_msgs/prak_msgs/msg/detail/joint_state_stamped__rosidl_typesupport_introspection_cpp.hpp
[0.375s] -- Up-to-date symlink: /home/robprakt2/beer_ws/install/prak_msgs/include/prak_msgs/prak_msgs/msg/detail/robot_state__rosidl_typesupport_introspection_cpp.hpp
[0.376s] -- Up-to-date symlink: /home/robprakt2/beer_ws/install/prak_msgs/share/prak_msgs/environment/pythonpath.sh
[0.376s] -- Up-to-date symlink: /home/robprakt2/beer_ws/install/prak_msgs/share/prak_msgs/environment/pythonpath.dsv
[0.376s] -- Up-to-date symlink: /home/robprakt2/beer_ws/install/prak_msgs/lib/python3.12/site-packages/prak_msgs-0.0.0-py3.12.egg-info/PKG-INFO
[0.376s] -- Up-to-date symlink: /home/robprakt2/beer_ws/install/prak_msgs/lib/python3.12/site-packages/prak_msgs-0.0.0-py3.12.egg-info/SOURCES.txt
[0.376s] -- Up-to-date symlink: /home/robprakt2/beer_ws/install/prak_msgs/lib/python3.12/site-packages/prak_msgs-0.0.0-py3.12.egg-info/dependency_links.txt
[0.376s] -- Up-to-date symlink: /home/robprakt2/beer_ws/install/prak_msgs/lib/python3.12/site-packages/prak_msgs-0.0.0-py3.12.egg-info/top_level.txt
[0.376s] -- Up-to-date symlink: /home/robprakt2/beer_ws/install/prak_msgs/lib/python3.12/site-packages/prak_msgs/__init__.py
[0.376s] -- Up-to-date symlink: /home/robprakt2/beer_ws/install/prak_msgs/lib/python3.12/site-packages/prak_msgs/_prak_msgs_s.ep.rosidl_typesupport_c.c
[0.376s] -- Up-to-date symlink: /home/robprakt2/beer_ws/install/prak_msgs/lib/python3.12/site-packages/prak_msgs/_prak_msgs_s.ep.rosidl_typesupport_fastrtps_c.c
[0.376s] -- Up-to-date symlink: /home/robprakt2/beer_ws/install/prak_msgs/lib/python3.12/site-packages/prak_msgs/_prak_msgs_s.ep.rosidl_typesupport_introspection_c.c
[0.377s] -- Up-to-date symlink: /home/robprakt2/beer_ws/install/prak_msgs/lib/python3.12/site-packages/prak_msgs/action/__init__.py
[0.377s] -- Up-to-date symlink: /home/robprakt2/beer_ws/install/prak_msgs/lib/python3.12/site-packages/prak_msgs/action/_actuator_command.py
[0.377s] -- Up-to-date symlink: /home/robprakt2/beer_ws/install/prak_msgs/lib/python3.12/site-packages/prak_msgs/action/_actuator_command_s.c
[0.377s] -- Up-to-date symlink: /home/robprakt2/beer_ws/install/prak_msgs/lib/python3.12/site-packages/prak_msgs/msg/__init__.py
[0.377s] -- Up-to-date symlink: /home/robprakt2/beer_ws/install/prak_msgs/lib/python3.12/site-packages/prak_msgs/msg/_actuator_request.py
[0.377s] -- Up-to-date symlink: /home/robprakt2/beer_ws/install/prak_msgs/lib/python3.12/site-packages/prak_msgs/msg/_actuator_request_s.c
[0.377s] -- Up-to-date symlink: /home/robprakt2/beer_ws/install/prak_msgs/lib/python3.12/site-packages/prak_msgs/msg/_joint_state.py
[0.377s] -- Up-to-date symlink: /home/robprakt2/beer_ws/install/prak_msgs/lib/python3.12/site-packages/prak_msgs/msg/_joint_state_s.c
[0.377s] -- Up-to-date symlink: /home/robprakt2/beer_ws/install/prak_msgs/lib/python3.12/site-packages/prak_msgs/msg/_joint_state_stamped.py
[0.377s] -- Up-to-date symlink: /home/robprakt2/beer_ws/install/prak_msgs/lib/python3.12/site-packages/prak_msgs/msg/_joint_state_stamped_s.c
[0.377s] -- Up-to-date symlink: /home/robprakt2/beer_ws/install/prak_msgs/lib/python3.12/site-packages/prak_msgs/msg/_robot_state.py
[0.377s] -- Up-to-date symlink: /home/robprakt2/beer_ws/install/prak_msgs/lib/python3.12/site-packages/prak_msgs/msg/_robot_state_s.c
[0.377s] -- Up-to-date symlink: /home/robprakt2/beer_ws/install/prak_msgs/lib/python3.12/site-packages/prak_msgs/prak_msgs_s__rosidl_typesupport_c.so
[0.377s] -- Up-to-date symlink: /home/robprakt2/beer_ws/install/prak_msgs/lib/python3.12/site-packages/prak_msgs/prak_msgs_s__rosidl_typesupport_fastrtps_c.so
[0.377s] -- Up-to-date symlink: /home/robprakt2/beer_ws/install/prak_msgs/lib/python3.12/site-packages/prak_msgs/prak_msgs_s__rosidl_typesupport_introspection_c.so
[0.377s] -- Up-to-date symlink: /home/robprakt2/beer_ws/install/prak_msgs/lib/python3.12/site-packages/prak_msgs/prak_msgs_s__rosidl_typesupport_fastrtps_c.so
[0.377s] -- Up-to-date symlink: /home/robprakt2/beer_ws/install/prak_msgs/lib/python3.12/site-packages/prak_msgs/prak_msgs_s__rosidl_typesupport_introspection_c.so
[0.378s] -- Up-to-date symlink: /home/robprakt2/beer_ws/install/prak_msgs/lib/python3.12/site-packages/prak_msgs/prak_msgs_s__rosidl_typesupport_c.so
[0.378s] -- Up-to-date symlink: /home/robprakt2/beer_ws/install/prak_msgs/share/prak_msgs/msg/JointState.idl
[0.378s] -- Up-to-date symlink: /home/robprakt2/beer_ws/install/prak_msgs/share/prak_msgs/msg/JointStateStamped.idl
[0.378s] -- Up-to-date symlink: /home/robprakt2/beer_ws/install/prak_msgs/share/prak_msgs/msg/RobotState.idl
[0.378s] -- Up-to-date symlink: /home/robprakt2/beer_ws/install/prak_msgs/share/prak_msgs/msg/ActuatorRequest.idl
[0.378s] -- Up-to-date symlink: /home/robprakt2/beer_ws/install/prak_msgs/share/prak_msgs/action/ActuatorCommand.idl
[0.378s] -- Up-to-date symlink: /home/robprakt2/beer_ws/install/prak_msgs/share/prak_msgs/msg/JointState.msg
[0.378s] -- Up-to-date symlink: /home/robprakt2/beer_ws/install/prak_msgs/share/prak_msgs/msg/JointStateStamped.msg
[0.378s] -- Up-to-date symlink: /home/robprakt2/beer_ws/install/prak_msgs/share/prak_msgs/msg/RobotState.msg
[0.378s] -- Up-to-date symlink: /home/robprakt2/beer_ws/install/prak_msgs/share/prak_msgs/msg/ActuatorRequest.msg
[0.379s] -- Up-to-date symlink: /home/robprakt2/beer_ws/install/prak_msgs/share/prak_msgs/action/ActuatorCommand.action
[0.379s] -- Up-to-date symlink: /home/robprakt2/beer_ws/install/prak_msgs/share/ament_index/resource_index/package_run_dependencies/prak_msgs
[0.379s] -- Up-to-date symlink: /home/robprakt2/beer_ws/install/prak_msgs/share/ament_index/resource_index/parent_prefix_path/prak_msgs
[0.379s] -- Up-to-date symlink: /home/robprakt2/beer_ws/install/prak_msgs/share/prak_msgs/environment/ament_prefix_path.sh
[0.379s] -- Up-to-date symlink: /home/robprakt2/beer_ws/install/prak_msgs/share/prak_msgs/environment/ament_prefix_path.dsv
[0.379s] -- Up-to-date symlink: /home/robprakt2/beer_ws/install/prak_msgs/share/prak_msgs/environment/path.sh
[0.379s] -- Up-to-date symlink: /home/robprakt2/beer_ws/install/prak_msgs/share/prak_msgs/environment/path.dsv
[0.379s] -- Up-to-date symlink: /home/robprakt2/beer_ws/install/prak_msgs/share/prak_msgs/local_setup.bash
[0.379s] -- Up-to-date symlink: /home/robprakt2/beer_ws/install/prak_msgs/share/prak_msgs/local_setup.sh
[0.379s] -- Up-to-date symlink: /home/robprakt2/beer_ws/install/prak_msgs/share/prak_msgs/local_setup.zsh
[0.380s] -- Up-to-date symlink: /home/robprakt2/beer_ws/install/prak_msgs/share/prak_msgs/local_setup.dsv
[0.380s] -- Symlinking: /home/robprakt2/beer_ws/install/prak_msgs/share/prak_msgs/package.dsv
[0.388s] -- Up-to-date symlink: /home/robprakt2/beer_ws/install/prak_msgs/share/ament_index/resource_index/packages/prak_msgs
[0.388s] -- Up-to-date symlink: /home/robprakt2/beer_ws/install/prak_msgs/share/prak_msgs/cmake/rosidl_cmake-extras.cmake
[0.388s] -- Up-to-date symlink: /home/robprakt2/beer_ws/install/prak_msgs/share/prak_msgs/cmake/ament_cmake_export_dependencies-extras.cmake
[0.388s] -- Up-to-date symlink: /home/robprakt2/beer_ws/install/prak_msgs/share/prak_msgs/cmake/ament_cmake_export_include_directories-extras.cmake
[0.388s] -- Up-to-date symlink: /home/robprakt2/beer_ws/install/prak_msgs/share/prak_msgs/cmake/ament_cmake_export_libraries-extras.cmake
[0.388s] -- Up-to-date symlink: /home/robprakt2/beer_ws/install/prak_msgs/share/prak_msgs/cmake/ament_cmake_export_targets-extras.cmake
[0.388s] -- Up-to-date symlink: /home/robprakt2/beer_ws/install/prak_msgs/share/prak_msgs/cmake/rosidl_cmake_export_typesupport_targets-extras.cmake
[0.388s] -- Up-to-date symlink: /home/robprakt2/beer_ws/install/prak_msgs/share/prak_msgs/cmake/rosidl_cmake_export_typesupport_libraries-extras.cmake
[0.388s] -- Up-to-date symlink: /home/robprakt2/beer_ws/install/prak_msgs/share/prak_msgs/cmake/prak_msgsConfig.cmake
[0.388s] -- Up-to-date symlink: /home/robprakt2/beer_ws/install/prak_msgs/share/prak_msgs/cmake/prak_msgsConfig-version.cmake
[0.388s] -- Up-to-date symlink: /home/robprakt2/beer_ws/install/prak_msgs/share/prak_msgs/package.xml
[0.389s] -- Up-to-date: /home/robprakt2/beer_ws/install/prak_msgs/lib/libprak_msgs__rosidl_generator_c.so
[0.389s] -- Up-to-date: /home/robprakt2/beer_ws/install/prak_msgs/lib/libprak_msgs__rosidl_typesupport_fastrtps_c.so
[0.389s] -- Up-to-date: /home/robprakt2/beer_ws/install/prak_msgs/lib/libprak_msgs__rosidl_typesupport_fastrtps_cpp.so
[0.389s] -- Up-to-date: /home/robprakt2/beer_ws/install/prak_msgs/lib/libprak_msgs__rosidl_typesupport_introspection_c.so
[0.389s] -- Up-to-date: /home/robprakt2/beer_ws/install/prak_msgs/lib/libprak_msgs__rosidl_typesupport_c.so
[0.389s] -- Up-to-date: /home/robprakt2/beer_ws/install/prak_msgs/lib/libprak_msgs__rosidl_typesupport_introspection_cpp.so
[0.389s] -- Up-to-date: /home/robprakt2/beer_ws/install/prak_msgs/lib/libprak_msgs__rosidl_typesupport_cpp.so
[0.415s] Listing '/home/robprakt2/beer_ws/install/prak_msgs/lib/python3.12/site-packages/prak_msgs'...
[0.415s] Listing '/home/robprakt2/beer_ws/install/prak_msgs/lib/python3.12/site-packages/prak_msgs/action'...
[0.415s] Listing '/home/robprakt2/beer_ws/install/prak_msgs/lib/python3.12/site-packages/prak_msgs/msg'...
[0.419s] -- Up-to-date: /home/robprakt2/beer_ws/install/prak_msgs/lib/libprak_msgs__rosidl_generator_py.so
[0.419s] -- Up-to-date: /home/robprakt2/beer_ws/install/prak_msgs/share/prak_msgs/cmake/export_prak_msgs__rosidl_generator_cExport.cmake
[0.419s] -- Up-to-date: /home/robprakt2/beer_ws/install/prak_msgs/share/prak_msgs/cmake/export_prak_msgs__rosidl_generator_cExport-noconfig.cmake
[0.419s] -- Up-to-date: /home/robprakt2/beer_ws/install/prak_msgs/share/prak_msgs/cmake/export_prak_msgs__rosidl_typesupport_fastrtps_cExport.cmake
[0.419s] -- Up-to-date: /home/robprakt2/beer_ws/install/prak_msgs/share/prak_msgs/cmake/export_prak_msgs__rosidl_typesupport_fastrtps_cExport-noconfig.cmake
[0.419s] -- Up-to-date: /home/robprakt2/beer_ws/install/prak_msgs/share/prak_msgs/cmake/export_prak_msgs__rosidl_generator_cppExport.cmake
[0.419s] -- Up-to-date: /home/robprakt2/beer_ws/install/prak_msgs/share/prak_msgs/cmake/export_prak_msgs__rosidl_typesupport_fastrtps_cppExport.cmake
[0.419s] -- Up-to-date: /home/robprakt2/beer_ws/install/prak_msgs/share/prak_msgs/cmake/export_prak_msgs__rosidl_typesupport_fastrtps_cppExport-noconfig.cmake
[0.419s] -- Up-to-date: /home/robprakt2/beer_ws/install/prak_msgs/share/prak_msgs/cmake/prak_msgs__rosidl_typesupport_introspection_cExport.cmake
[0.419s] -- Up-to-date: /home/robprakt2/beer_ws/install/prak_msgs/share/prak_msgs/cmake/prak_msgs__rosidl_typesupport_introspection_cExport-noconfig.cmake
[0.419s] -- Up-to-date: /home/robprakt2/beer_ws/install/prak_msgs/share/prak_msgs/cmake/prak_msgs__rosidl_typesupport_cExport.cmake
[0.419s] -- Up-to-date: /home/robprakt2/beer_ws/install/prak_msgs/share/prak_msgs/cmake/prak_msgs__rosidl_typesupport_cExport-noconfig.cmake
[0.419s] -- Up-to-date: /home/robprakt2/beer_ws/install/prak_msgs/share/prak_msgs/cmake/prak_msgs__rosidl_typesupport_introspection_cppExport.cmake
[0.419s] -- Up-to-date: /home/robprakt2/beer_ws/install/prak_msgs/share/prak_msgs/cmake/prak_msgs__rosidl_typesupport_introspection_cppExport-noconfig.cmake
[0.419s] -- Up-to-date: /home/robprakt2/beer_ws/install/prak_msgs/share/prak_msgs/cmake/prak_msgs__rosidl_typesupport_cppExport.cmake
[0.419s] -- Up-to-date: /home/robprakt2/beer_ws/install/prak_msgs/share/prak_msgs/cmake/prak_msgs__rosidl_typesupport_cppExport-noconfig.cmake
[0.419s] -- Up-to-date: /home/robprakt2/beer_ws/install/prak_msgs/share/prak_msgs/cmake/export_prak_msgs__rosidl_generator_pyExport.cmake
[0.419s] -- Up-to-date: /home/robprakt2/beer_ws/install/prak_msgs/share/prak_msgs/cmake/export_prak_msgs__rosidl_generator_pyExport-noconfig.cmake
[0.421s] Invoked command in '/home/robprakt2/beer_ws/build/prak_msgs' returned '0': CMAKE_PREFIX_PATH=${CMAKE_PREFIX_PATH}:/home/robprakt2/ws_moveit/install/moveit_configs_utils:/home/robprakt2/ws_moveit/install/RobPrakTEI:/opt/ros/kilted DEBUGINFOD_URLS=https://debuginfod.ubuntu.com /usr/bin/cmake --install /home/robprakt2/beer_ws/build/prak_msgs
