[0.699s] Invoking command in '/home/robprakt2/beer_ws/build/master_py': DEBUGINFOD_URLS=https://debuginfod.ubuntu.com PYTHONPATH=/home/robprakt2/beer_ws/build/master_py/prefix_override:/usr/lib/python3/dist-packages/colcon_core/task/python/colcon_distutils_commands:/home/robprakt2/beer_ws/install/master_py/lib/python3.12/site-packages:${PYTHONPATH} /usr/bin/python3 -W ignore:setup.py install is deprecated -W ignore:easy_install command is deprecated setup.py develop --editable --build-directory /home/robprakt2/beer_ws/build/master_py/build --no-deps symlink_data
[0.990s] running develop
[1.170s] running egg_info
[1.170s] creating master_py.egg-info
[1.189s] writing master_py.egg-info/PKG-INFO
[1.189s] writing dependency_links to master_py.egg-info/dependency_links.txt
[1.189s] writing requirements to master_py.egg-info/requires.txt
[1.189s] writing top-level names to master_py.egg-info/top_level.txt
[1.189s] writing manifest file 'master_py.egg-info/SOURCES.txt'
[1.225s] reading manifest file 'master_py.egg-info/SOURCES.txt'
[1.226s] writing manifest file 'master_py.egg-info/SOURCES.txt'
[1.247s] running build_ext
[1.247s] Creating /home/robprakt2/beer_ws/install/master_py/lib/python3.12/site-packages/master-py.egg-link (link to .)
[1.247s] 
[1.247s] Installed /home/robprakt2/beer_ws/build/master_py
[1.247s] running symlink_data
[1.247s] creating /home/robprakt2/beer_ws/install/master_py/share/ament_index
[1.247s] creating /home/robprakt2/beer_ws/install/master_py/share/ament_index/resource_index
[1.247s] creating /home/robprakt2/beer_ws/install/master_py/share/ament_index/resource_index/packages
[1.247s] symbolically linking /home/robprakt2/beer_ws/build/master_py/resource/master_py -> /home/robprakt2/beer_ws/install/master_py/share/ament_index/resource_index/packages
[1.248s] symbolically linking /home/robprakt2/beer_ws/build/master_py/package.xml -> /home/robprakt2/beer_ws/install/master_py/share/master_py
[1.276s] Invoked command in '/home/robprakt2/beer_ws/build/master_py' returned '0': DEBUGINFOD_URLS=https://debuginfod.ubuntu.com PYTHONPATH=/home/robprakt2/beer_ws/build/master_py/prefix_override:/usr/lib/python3/dist-packages/colcon_core/task/python/colcon_distutils_commands:/home/robprakt2/beer_ws/install/master_py/lib/python3.12/site-packages:${PYTHONPATH} /usr/bin/python3 -W ignore:setup.py install is deprecated -W ignore:easy_install command is deprecated setup.py develop --editable --build-directory /home/robprakt2/beer_ws/build/master_py/build --no-deps symlink_data
