[  1%] Built target prak_msgs__rosidl_generator_type_description
[  1%] Built target ament_cmake_python_symlink_prak_msgs
[  2%] Built target prak_msgs__cpp
[ 25%] Built target prak_msgs__rosidl_generator_c
[ 37%] Built target prak_msgs__rosidl_typesupport_introspection_c
[ 44%] Built target prak_msgs__rosidl_typesupport_fastrtps_c
[ 54%] Built target prak_msgs__rosidl_typesupport_introspection_cpp
[ 72%] Built target prak_msgs__rosidl_typesupport_cpp
[ 72%] Built target prak_msgs__rosidl_typesupport_c
[ 82%] Built target prak_msgs__rosidl_typesupport_fastrtps_cpp
[ 82%] Built target prak_msgs
[ 83%] Built target prak_msgs__py
[ 91%] Built target prak_msgs__rosidl_generator_py
[100%] Built target prak_msgs_s__rosidl_typesupport_c
[100%] Built target prak_msgs_s__rosidl_typesupport_fastrtps_c
[100%] Built target prak_msgs_s__rosidl_typesupport_introspection_c
running egg_info
writing prak_msgs.egg-info/PKG-INFO
writing dependency_links to prak_msgs.egg-info/dependency_links.txt
writing top-level names to prak_msgs.egg-info/top_level.txt
reading manifest file 'prak_msgs.egg-info/SOURCES.txt'
writing manifest file 'prak_msgs.egg-info/SOURCES.txt'
[100%] Built target ament_cmake_python_build_prak_msgs_egg
-- Install configuration: ""
-- Execute custom install script
-- Up-to-date symlink: /home/robprakt2/beer_ws/install/prak_msgs/share/ament_index/resource_index/rosidl_interfaces/prak_msgs
-- Up-to-date symlink: /home/robprakt2/beer_ws/install/prak_msgs/share/prak_msgs/msg/JointState.json
-- Up-to-date symlink: /home/robprakt2/beer_ws/install/prak_msgs/share/prak_msgs/msg/JointStateStamped.json
-- Up-to-date symlink: /home/robprakt2/beer_ws/install/prak_msgs/share/prak_msgs/msg/RobotState.json
-- Up-to-date symlink: /home/robprakt2/beer_ws/install/prak_msgs/share/prak_msgs/msg/ActuatorRequest.json
-- Up-to-date symlink: /home/robprakt2/beer_ws/install/prak_msgs/share/prak_msgs/action/ActuatorCommand.json
-- Up-to-date symlink: /home/robprakt2/beer_ws/install/prak_msgs/include/prak_msgs/prak_msgs/action/actuator_command.h
-- Up-to-date symlink: /home/robprakt2/beer_ws/install/prak_msgs/include/prak_msgs/prak_msgs/action/detail/actuator_command__functions.h
-- Up-to-date symlink: /home/robprakt2/beer_ws/install/prak_msgs/include/prak_msgs/prak_msgs/action/detail/actuator_command__struct.h
-- Up-to-date symlink: /home/robprakt2/beer_ws/install/prak_msgs/include/prak_msgs/prak_msgs/action/detail/actuator_command__type_support.h
-- Up-to-date symlink: /home/robprakt2/beer_ws/install/prak_msgs/include/prak_msgs/prak_msgs/msg/actuator_request.h
-- Up-to-date symlink: /home/robprakt2/beer_ws/install/prak_msgs/include/prak_msgs/prak_msgs/msg/detail/actuator_request__functions.h
-- Up-to-date symlink: /home/robprakt2/beer_ws/install/prak_msgs/include/prak_msgs/prak_msgs/msg/detail/actuator_request__struct.h
-- Up-to-date symlink: /home/robprakt2/beer_ws/install/prak_msgs/include/prak_msgs/prak_msgs/msg/detail/actuator_request__type_support.h
-- Up-to-date symlink: /home/robprakt2/beer_ws/install/prak_msgs/include/prak_msgs/prak_msgs/msg/detail/joint_state__functions.h
-- Up-to-date symlink: /home/robprakt2/beer_ws/install/prak_msgs/include/prak_msgs/prak_msgs/msg/detail/joint_state__struct.h
-- Up-to-date symlink: /home/robprakt2/beer_ws/install/prak_msgs/include/prak_msgs/prak_msgs/msg/detail/joint_state__type_support.h
-- Up-to-date symlink: /home/robprakt2/beer_ws/install/prak_msgs/include/prak_msgs/prak_msgs/msg/detail/joint_state_stamped__functions.h
-- Up-to-date symlink: /home/robprakt2/beer_ws/install/prak_msgs/include/prak_msgs/prak_msgs/msg/detail/joint_state_stamped__struct.h
-- Up-to-date symlink: /home/robprakt2/beer_ws/install/prak_msgs/include/prak_msgs/prak_msgs/msg/detail/joint_state_stamped__type_support.h
-- Up-to-date symlink: /home/robprakt2/beer_ws/install/prak_msgs/include/prak_msgs/prak_msgs/msg/detail/robot_state__functions.h
-- Up-to-date symlink: /home/robprakt2/beer_ws/install/prak_msgs/include/prak_msgs/prak_msgs/msg/detail/robot_state__struct.h
-- Up-to-date symlink: /home/robprakt2/beer_ws/install/prak_msgs/include/prak_msgs/prak_msgs/msg/detail/robot_state__type_support.h
-- Up-to-date symlink: /home/robprakt2/beer_ws/install/prak_msgs/include/prak_msgs/prak_msgs/msg/joint_state.h
-- Up-to-date symlink: /home/robprakt2/beer_ws/install/prak_msgs/include/prak_msgs/prak_msgs/msg/joint_state_stamped.h
-- Up-to-date symlink: /home/robprakt2/beer_ws/install/prak_msgs/include/prak_msgs/prak_msgs/msg/robot_state.h
-- Up-to-date symlink: /home/robprakt2/beer_ws/install/prak_msgs/include/prak_msgs/prak_msgs/msg/rosidl_generator_c__visibility_control.h
-- Up-to-date symlink: /home/robprakt2/beer_ws/install/prak_msgs/share/prak_msgs/environment/library_path.sh
-- Up-to-date symlink: /home/robprakt2/beer_ws/install/prak_msgs/share/prak_msgs/environment/library_path.dsv
-- Up-to-date symlink: /home/robprakt2/beer_ws/install/prak_msgs/include/prak_msgs/prak_msgs/action/detail/actuator_command__rosidl_typesupport_fastrtps_c.h
-- Up-to-date symlink: /home/robprakt2/beer_ws/install/prak_msgs/include/prak_msgs/prak_msgs/msg/detail/actuator_request__rosidl_typesupport_fastrtps_c.h
-- Up-to-date symlink: /home/robprakt2/beer_ws/install/prak_msgs/include/prak_msgs/prak_msgs/msg/detail/joint_state__rosidl_typesupport_fastrtps_c.h
-- Up-to-date symlink: /home/robprakt2/beer_ws/install/prak_msgs/include/prak_msgs/prak_msgs/msg/detail/joint_state_stamped__rosidl_typesupport_fastrtps_c.h
-- Up-to-date symlink: /home/robprakt2/beer_ws/install/prak_msgs/include/prak_msgs/prak_msgs/msg/detail/robot_state__rosidl_typesupport_fastrtps_c.h
-- Up-to-date symlink: /home/robprakt2/beer_ws/install/prak_msgs/include/prak_msgs/prak_msgs/msg/rosidl_typesupport_fastrtps_c__visibility_control.h
-- Up-to-date symlink: /home/robprakt2/beer_ws/install/prak_msgs/include/prak_msgs/prak_msgs/action/actuator_command.hpp
-- Up-to-date symlink: /home/robprakt2/beer_ws/install/prak_msgs/include/prak_msgs/prak_msgs/action/detail/actuator_command__builder.hpp
-- Up-to-date symlink: /home/robprakt2/beer_ws/install/prak_msgs/include/prak_msgs/prak_msgs/action/detail/actuator_command__struct.hpp
-- Up-to-date symlink: /home/robprakt2/beer_ws/install/prak_msgs/include/prak_msgs/prak_msgs/action/detail/actuator_command__traits.hpp
-- Up-to-date symlink: /home/robprakt2/beer_ws/install/prak_msgs/include/prak_msgs/prak_msgs/action/detail/actuator_command__type_support.hpp
-- Up-to-date symlink: /home/robprakt2/beer_ws/install/prak_msgs/include/prak_msgs/prak_msgs/msg/actuator_request.hpp
-- Up-to-date symlink: /home/robprakt2/beer_ws/install/prak_msgs/include/prak_msgs/prak_msgs/msg/detail/actuator_request__builder.hpp
-- Up-to-date symlink: /home/robprakt2/beer_ws/install/prak_msgs/include/prak_msgs/prak_msgs/msg/detail/actuator_request__struct.hpp
-- Up-to-date symlink: /home/robprakt2/beer_ws/install/prak_msgs/include/prak_msgs/prak_msgs/msg/detail/actuator_request__traits.hpp
-- Up-to-date symlink: /home/robprakt2/beer_ws/install/prak_msgs/include/prak_msgs/prak_msgs/msg/detail/actuator_request__type_support.hpp
-- Up-to-date symlink: /home/robprakt2/beer_ws/install/prak_msgs/include/prak_msgs/prak_msgs/msg/detail/joint_state__builder.hpp
-- Up-to-date symlink: /home/robprakt2/beer_ws/install/prak_msgs/include/prak_msgs/prak_msgs/msg/detail/joint_state__struct.hpp
-- Up-to-date symlink: /home/robprakt2/beer_ws/install/prak_msgs/include/prak_msgs/prak_msgs/msg/detail/joint_state__traits.hpp
-- Up-to-date symlink: /home/robprakt2/beer_ws/install/prak_msgs/include/prak_msgs/prak_msgs/msg/detail/joint_state__type_support.hpp
-- Up-to-date symlink: /home/robprakt2/beer_ws/install/prak_msgs/include/prak_msgs/prak_msgs/msg/detail/joint_state_stamped__builder.hpp
-- Up-to-date symlink: /home/robprakt2/beer_ws/install/prak_msgs/include/prak_msgs/prak_msgs/msg/detail/joint_state_stamped__struct.hpp
-- Up-to-date symlink: /home/robprakt2/beer_ws/install/prak_msgs/include/prak_msgs/prak_msgs/msg/detail/joint_state_stamped__traits.hpp
-- Up-to-date symlink: /home/robprakt2/beer_ws/install/prak_msgs/include/prak_msgs/prak_msgs/msg/detail/joint_state_stamped__type_support.hpp
-- Up-to-date symlink: /home/robprakt2/beer_ws/install/prak_msgs/include/prak_msgs/prak_msgs/msg/detail/robot_state__builder.hpp
-- Up-to-date symlink: /home/robprakt2/beer_ws/install/prak_msgs/include/prak_msgs/prak_msgs/msg/detail/robot_state__struct.hpp
-- Up-to-date symlink: /home/robprakt2/beer_ws/install/prak_msgs/include/prak_msgs/prak_msgs/msg/detail/robot_state__traits.hpp
-- Up-to-date symlink: /home/robprakt2/beer_ws/install/prak_msgs/include/prak_msgs/prak_msgs/msg/detail/robot_state__type_support.hpp
-- Up-to-date symlink: /home/robprakt2/beer_ws/install/prak_msgs/include/prak_msgs/prak_msgs/msg/joint_state.hpp
-- Up-to-date symlink: /home/robprakt2/beer_ws/install/prak_msgs/include/prak_msgs/prak_msgs/msg/joint_state_stamped.hpp
-- Up-to-date symlink: /home/robprakt2/beer_ws/install/prak_msgs/include/prak_msgs/prak_msgs/msg/robot_state.hpp
-- Up-to-date symlink: /home/robprakt2/beer_ws/install/prak_msgs/include/prak_msgs/prak_msgs/msg/rosidl_generator_cpp__visibility_control.hpp
-- Up-to-date symlink: /home/robprakt2/beer_ws/install/prak_msgs/include/prak_msgs/prak_msgs/action/detail/actuator_command__rosidl_typesupport_fastrtps_cpp.hpp
-- Up-to-date symlink: /home/robprakt2/beer_ws/install/prak_msgs/include/prak_msgs/prak_msgs/msg/detail/actuator_request__rosidl_typesupport_fastrtps_cpp.hpp
-- Up-to-date symlink: /home/robprakt2/beer_ws/install/prak_msgs/include/prak_msgs/prak_msgs/msg/detail/joint_state__rosidl_typesupport_fastrtps_cpp.hpp
-- Up-to-date symlink: /home/robprakt2/beer_ws/install/prak_msgs/include/prak_msgs/prak_msgs/msg/detail/joint_state_stamped__rosidl_typesupport_fastrtps_cpp.hpp
-- Up-to-date symlink: /home/robprakt2/beer_ws/install/prak_msgs/include/prak_msgs/prak_msgs/msg/detail/robot_state__rosidl_typesupport_fastrtps_cpp.hpp
-- Up-to-date symlink: /home/robprakt2/beer_ws/install/prak_msgs/include/prak_msgs/prak_msgs/msg/rosidl_typesupport_fastrtps_cpp__visibility_control.h
-- Up-to-date symlink: /home/robprakt2/beer_ws/install/prak_msgs/include/prak_msgs/prak_msgs/action/detail/actuator_command__rosidl_typesupport_introspection_c.h
-- Up-to-date symlink: /home/robprakt2/beer_ws/install/prak_msgs/include/prak_msgs/prak_msgs/msg/detail/actuator_request__rosidl_typesupport_introspection_c.h
-- Up-to-date symlink: /home/robprakt2/beer_ws/install/prak_msgs/include/prak_msgs/prak_msgs/msg/detail/joint_state__rosidl_typesupport_introspection_c.h
-- Up-to-date symlink: /home/robprakt2/beer_ws/install/prak_msgs/include/prak_msgs/prak_msgs/msg/detail/joint_state_stamped__rosidl_typesupport_introspection_c.h
-- Up-to-date symlink: /home/robprakt2/beer_ws/install/prak_msgs/include/prak_msgs/prak_msgs/msg/detail/robot_state__rosidl_typesupport_introspection_c.h
-- Up-to-date symlink: /home/robprakt2/beer_ws/install/prak_msgs/include/prak_msgs/prak_msgs/msg/rosidl_typesupport_introspection_c__visibility_control.h
-- Up-to-date symlink: /home/robprakt2/beer_ws/install/prak_msgs/include/prak_msgs/prak_msgs/action/detail/actuator_command__rosidl_typesupport_introspection_cpp.hpp
-- Up-to-date symlink: /home/robprakt2/beer_ws/install/prak_msgs/include/prak_msgs/prak_msgs/msg/detail/actuator_request__rosidl_typesupport_introspection_cpp.hpp
-- Up-to-date symlink: /home/robprakt2/beer_ws/install/prak_msgs/include/prak_msgs/prak_msgs/msg/detail/joint_state__rosidl_typesupport_introspection_cpp.hpp
-- Up-to-date symlink: /home/robprakt2/beer_ws/install/prak_msgs/include/prak_msgs/prak_msgs/msg/detail/joint_state_stamped__rosidl_typesupport_introspection_cpp.hpp
-- Up-to-date symlink: /home/robprakt2/beer_ws/install/prak_msgs/include/prak_msgs/prak_msgs/msg/detail/robot_state__rosidl_typesupport_introspection_cpp.hpp
-- Up-to-date symlink: /home/robprakt2/beer_ws/install/prak_msgs/share/prak_msgs/environment/pythonpath.sh
-- Up-to-date symlink: /home/robprakt2/beer_ws/install/prak_msgs/share/prak_msgs/environment/pythonpath.dsv
-- Up-to-date symlink: /home/robprakt2/beer_ws/install/prak_msgs/lib/python3.12/site-packages/prak_msgs-0.0.0-py3.12.egg-info/PKG-INFO
-- Up-to-date symlink: /home/robprakt2/beer_ws/install/prak_msgs/lib/python3.12/site-packages/prak_msgs-0.0.0-py3.12.egg-info/SOURCES.txt
-- Up-to-date symlink: /home/robprakt2/beer_ws/install/prak_msgs/lib/python3.12/site-packages/prak_msgs-0.0.0-py3.12.egg-info/dependency_links.txt
-- Up-to-date symlink: /home/robprakt2/beer_ws/install/prak_msgs/lib/python3.12/site-packages/prak_msgs-0.0.0-py3.12.egg-info/top_level.txt
-- Up-to-date symlink: /home/robprakt2/beer_ws/install/prak_msgs/lib/python3.12/site-packages/prak_msgs/__init__.py
-- Up-to-date symlink: /home/robprakt2/beer_ws/install/prak_msgs/lib/python3.12/site-packages/prak_msgs/_prak_msgs_s.ep.rosidl_typesupport_c.c
-- Up-to-date symlink: /home/robprakt2/beer_ws/install/prak_msgs/lib/python3.12/site-packages/prak_msgs/_prak_msgs_s.ep.rosidl_typesupport_fastrtps_c.c
-- Up-to-date symlink: /home/robprakt2/beer_ws/install/prak_msgs/lib/python3.12/site-packages/prak_msgs/_prak_msgs_s.ep.rosidl_typesupport_introspection_c.c
-- Up-to-date symlink: /home/robprakt2/beer_ws/install/prak_msgs/lib/python3.12/site-packages/prak_msgs/action/__init__.py
-- Up-to-date symlink: /home/robprakt2/beer_ws/install/prak_msgs/lib/python3.12/site-packages/prak_msgs/action/_actuator_command.py
-- Up-to-date symlink: /home/robprakt2/beer_ws/install/prak_msgs/lib/python3.12/site-packages/prak_msgs/action/_actuator_command_s.c
-- Up-to-date symlink: /home/robprakt2/beer_ws/install/prak_msgs/lib/python3.12/site-packages/prak_msgs/msg/__init__.py
-- Up-to-date symlink: /home/robprakt2/beer_ws/install/prak_msgs/lib/python3.12/site-packages/prak_msgs/msg/_actuator_request.py
-- Up-to-date symlink: /home/robprakt2/beer_ws/install/prak_msgs/lib/python3.12/site-packages/prak_msgs/msg/_actuator_request_s.c
-- Up-to-date symlink: /home/robprakt2/beer_ws/install/prak_msgs/lib/python3.12/site-packages/prak_msgs/msg/_joint_state.py
-- Up-to-date symlink: /home/robprakt2/beer_ws/install/prak_msgs/lib/python3.12/site-packages/prak_msgs/msg/_joint_state_s.c
-- Up-to-date symlink: /home/robprakt2/beer_ws/install/prak_msgs/lib/python3.12/site-packages/prak_msgs/msg/_joint_state_stamped.py
-- Up-to-date symlink: /home/robprakt2/beer_ws/install/prak_msgs/lib/python3.12/site-packages/prak_msgs/msg/_joint_state_stamped_s.c
-- Up-to-date symlink: /home/robprakt2/beer_ws/install/prak_msgs/lib/python3.12/site-packages/prak_msgs/msg/_robot_state.py
-- Up-to-date symlink: /home/robprakt2/beer_ws/install/prak_msgs/lib/python3.12/site-packages/prak_msgs/msg/_robot_state_s.c
-- Up-to-date symlink: /home/robprakt2/beer_ws/install/prak_msgs/lib/python3.12/site-packages/prak_msgs/prak_msgs_s__rosidl_typesupport_c.so
-- Up-to-date symlink: /home/robprakt2/beer_ws/install/prak_msgs/lib/python3.12/site-packages/prak_msgs/prak_msgs_s__rosidl_typesupport_fastrtps_c.so
-- Up-to-date symlink: /home/robprakt2/beer_ws/install/prak_msgs/lib/python3.12/site-packages/prak_msgs/prak_msgs_s__rosidl_typesupport_introspection_c.so
-- Up-to-date symlink: /home/robprakt2/beer_ws/install/prak_msgs/lib/python3.12/site-packages/prak_msgs/prak_msgs_s__rosidl_typesupport_fastrtps_c.so
-- Up-to-date symlink: /home/robprakt2/beer_ws/install/prak_msgs/lib/python3.12/site-packages/prak_msgs/prak_msgs_s__rosidl_typesupport_introspection_c.so
-- Up-to-date symlink: /home/robprakt2/beer_ws/install/prak_msgs/lib/python3.12/site-packages/prak_msgs/prak_msgs_s__rosidl_typesupport_c.so
-- Up-to-date symlink: /home/robprakt2/beer_ws/install/prak_msgs/share/prak_msgs/msg/JointState.idl
-- Up-to-date symlink: /home/robprakt2/beer_ws/install/prak_msgs/share/prak_msgs/msg/JointStateStamped.idl
-- Up-to-date symlink: /home/robprakt2/beer_ws/install/prak_msgs/share/prak_msgs/msg/RobotState.idl
-- Up-to-date symlink: /home/robprakt2/beer_ws/install/prak_msgs/share/prak_msgs/msg/ActuatorRequest.idl
-- Up-to-date symlink: /home/robprakt2/beer_ws/install/prak_msgs/share/prak_msgs/action/ActuatorCommand.idl
-- Up-to-date symlink: /home/robprakt2/beer_ws/install/prak_msgs/share/prak_msgs/msg/JointState.msg
-- Up-to-date symlink: /home/robprakt2/beer_ws/install/prak_msgs/share/prak_msgs/msg/JointStateStamped.msg
-- Up-to-date symlink: /home/robprakt2/beer_ws/install/prak_msgs/share/prak_msgs/msg/RobotState.msg
-- Up-to-date symlink: /home/robprakt2/beer_ws/install/prak_msgs/share/prak_msgs/msg/ActuatorRequest.msg
-- Up-to-date symlink: /home/robprakt2/beer_ws/install/prak_msgs/share/prak_msgs/action/ActuatorCommand.action
-- Up-to-date symlink: /home/robprakt2/beer_ws/install/prak_msgs/share/ament_index/resource_index/package_run_dependencies/prak_msgs
-- Up-to-date symlink: /home/robprakt2/beer_ws/install/prak_msgs/share/ament_index/resource_index/parent_prefix_path/prak_msgs
-- Up-to-date symlink: /home/robprakt2/beer_ws/install/prak_msgs/share/prak_msgs/environment/ament_prefix_path.sh
-- Up-to-date symlink: /home/robprakt2/beer_ws/install/prak_msgs/share/prak_msgs/environment/ament_prefix_path.dsv
-- Up-to-date symlink: /home/robprakt2/beer_ws/install/prak_msgs/share/prak_msgs/environment/path.sh
-- Up-to-date symlink: /home/robprakt2/beer_ws/install/prak_msgs/share/prak_msgs/environment/path.dsv
-- Up-to-date symlink: /home/robprakt2/beer_ws/install/prak_msgs/share/prak_msgs/local_setup.bash
-- Up-to-date symlink: /home/robprakt2/beer_ws/install/prak_msgs/share/prak_msgs/local_setup.sh
-- Up-to-date symlink: /home/robprakt2/beer_ws/install/prak_msgs/share/prak_msgs/local_setup.zsh
-- Up-to-date symlink: /home/robprakt2/beer_ws/install/prak_msgs/share/prak_msgs/local_setup.dsv
-- Symlinking: /home/robprakt2/beer_ws/install/prak_msgs/share/prak_msgs/package.dsv
-- Up-to-date symlink: /home/robprakt2/beer_ws/install/prak_msgs/share/ament_index/resource_index/packages/prak_msgs
-- Up-to-date symlink: /home/robprakt2/beer_ws/install/prak_msgs/share/prak_msgs/cmake/rosidl_cmake-extras.cmake
-- Up-to-date symlink: /home/robprakt2/beer_ws/install/prak_msgs/share/prak_msgs/cmake/ament_cmake_export_dependencies-extras.cmake
-- Up-to-date symlink: /home/robprakt2/beer_ws/install/prak_msgs/share/prak_msgs/cmake/ament_cmake_export_include_directories-extras.cmake
-- Up-to-date symlink: /home/robprakt2/beer_ws/install/prak_msgs/share/prak_msgs/cmake/ament_cmake_export_libraries-extras.cmake
-- Up-to-date symlink: /home/robprakt2/beer_ws/install/prak_msgs/share/prak_msgs/cmake/ament_cmake_export_targets-extras.cmake
-- Up-to-date symlink: /home/robprakt2/beer_ws/install/prak_msgs/share/prak_msgs/cmake/rosidl_cmake_export_typesupport_targets-extras.cmake
-- Up-to-date symlink: /home/robprakt2/beer_ws/install/prak_msgs/share/prak_msgs/cmake/rosidl_cmake_export_typesupport_libraries-extras.cmake
-- Up-to-date symlink: /home/robprakt2/beer_ws/install/prak_msgs/share/prak_msgs/cmake/prak_msgsConfig.cmake
-- Up-to-date symlink: /home/robprakt2/beer_ws/install/prak_msgs/share/prak_msgs/cmake/prak_msgsConfig-version.cmake
-- Up-to-date symlink: /home/robprakt2/beer_ws/install/prak_msgs/share/prak_msgs/package.xml
-- Up-to-date: /home/robprakt2/beer_ws/install/prak_msgs/lib/libprak_msgs__rosidl_generator_c.so
-- Up-to-date: /home/robprakt2/beer_ws/install/prak_msgs/lib/libprak_msgs__rosidl_typesupport_fastrtps_c.so
-- Up-to-date: /home/robprakt2/beer_ws/install/prak_msgs/lib/libprak_msgs__rosidl_typesupport_fastrtps_cpp.so
-- Up-to-date: /home/robprakt2/beer_ws/install/prak_msgs/lib/libprak_msgs__rosidl_typesupport_introspection_c.so
-- Up-to-date: /home/robprakt2/beer_ws/install/prak_msgs/lib/libprak_msgs__rosidl_typesupport_c.so
-- Up-to-date: /home/robprakt2/beer_ws/install/prak_msgs/lib/libprak_msgs__rosidl_typesupport_introspection_cpp.so
-- Up-to-date: /home/robprakt2/beer_ws/install/prak_msgs/lib/libprak_msgs__rosidl_typesupport_cpp.so
Listing '/home/robprakt2/beer_ws/install/prak_msgs/lib/python3.12/site-packages/prak_msgs'...
Listing '/home/robprakt2/beer_ws/install/prak_msgs/lib/python3.12/site-packages/prak_msgs/action'...
Listing '/home/robprakt2/beer_ws/install/prak_msgs/lib/python3.12/site-packages/prak_msgs/msg'...
-- Up-to-date: /home/robprakt2/beer_ws/install/prak_msgs/lib/libprak_msgs__rosidl_generator_py.so
-- Up-to-date: /home/robprakt2/beer_ws/install/prak_msgs/share/prak_msgs/cmake/export_prak_msgs__rosidl_generator_cExport.cmake
-- Up-to-date: /home/robprakt2/beer_ws/install/prak_msgs/share/prak_msgs/cmake/export_prak_msgs__rosidl_generator_cExport-noconfig.cmake
-- Up-to-date: /home/robprakt2/beer_ws/install/prak_msgs/share/prak_msgs/cmake/export_prak_msgs__rosidl_typesupport_fastrtps_cExport.cmake
-- Up-to-date: /home/robprakt2/beer_ws/install/prak_msgs/share/prak_msgs/cmake/export_prak_msgs__rosidl_typesupport_fastrtps_cExport-noconfig.cmake
-- Up-to-date: /home/robprakt2/beer_ws/install/prak_msgs/share/prak_msgs/cmake/export_prak_msgs__rosidl_generator_cppExport.cmake
-- Up-to-date: /home/robprakt2/beer_ws/install/prak_msgs/share/prak_msgs/cmake/export_prak_msgs__rosidl_typesupport_fastrtps_cppExport.cmake
-- Up-to-date: /home/robprakt2/beer_ws/install/prak_msgs/share/prak_msgs/cmake/export_prak_msgs__rosidl_typesupport_fastrtps_cppExport-noconfig.cmake
-- Up-to-date: /home/robprakt2/beer_ws/install/prak_msgs/share/prak_msgs/cmake/prak_msgs__rosidl_typesupport_introspection_cExport.cmake
-- Up-to-date: /home/robprakt2/beer_ws/install/prak_msgs/share/prak_msgs/cmake/prak_msgs__rosidl_typesupport_introspection_cExport-noconfig.cmake
-- Up-to-date: /home/robprakt2/beer_ws/install/prak_msgs/share/prak_msgs/cmake/prak_msgs__rosidl_typesupport_cExport.cmake
-- Up-to-date: /home/robprakt2/beer_ws/install/prak_msgs/share/prak_msgs/cmake/prak_msgs__rosidl_typesupport_cExport-noconfig.cmake
-- Up-to-date: /home/robprakt2/beer_ws/install/prak_msgs/share/prak_msgs/cmake/prak_msgs__rosidl_typesupport_introspection_cppExport.cmake
-- Up-to-date: /home/robprakt2/beer_ws/install/prak_msgs/share/prak_msgs/cmake/prak_msgs__rosidl_typesupport_introspection_cppExport-noconfig.cmake
-- Up-to-date: /home/robprakt2/beer_ws/install/prak_msgs/share/prak_msgs/cmake/prak_msgs__rosidl_typesupport_cppExport.cmake
-- Up-to-date: /home/robprakt2/beer_ws/install/prak_msgs/share/prak_msgs/cmake/prak_msgs__rosidl_typesupport_cppExport-noconfig.cmake
-- Up-to-date: /home/robprakt2/beer_ws/install/prak_msgs/share/prak_msgs/cmake/export_prak_msgs__rosidl_generator_pyExport.cmake
-- Up-to-date: /home/robprakt2/beer_ws/install/prak_msgs/share/prak_msgs/cmake/export_prak_msgs__rosidl_generator_pyExport-noconfig.cmake
