[0mCMake Deprecation Warning at /opt/ros/kilted/share/ament_cmake_target_dependencies/cmake/ament_target_dependencies.cmake:87 (message):
  ament_target_dependencies() is deprecated.  Use target_link_libraries()
  with modern CMake targets instead.  Try replacing this call with:

    target_link_libraries(actuator_driver_node PUBLIC
      ${geometry_msgs_TARGETS}
      ${prak_msgs_TARGETS}
      moveit_ros_planning_interface::moveit_common_planning_interface_objects
      moveit_ros_planning_interface::moveit_move_group_interface
      moveit_ros_planning_interface::moveit_planning_scene_interface
      rclcpp::rclcpp
      tf2_geometry_msgs::tf2_geometry_msgs
      tf2_ros::static_transform_broadcaster_node
      tf2_ros::tf2_ros
    )

Call Stack (most recent call first):
  CMakeLists.txt:33 (ament_target_dependencies)

[0m
[0mCMake Deprecation Warning at /opt/ros/kilted/share/ament_cmake_target_dependencies/cmake/ament_target_dependencies.cmake:87 (message):
  ament_target_dependencies() is deprecated.  Use target_link_libraries()
  with modern CMake targets instead.  Try replacing this call with:

    target_link_libraries(actuator_action_server PUBLIC
      ${prak_msgs_TARGETS}
      rclcpp::rclcpp
      rclcpp_action::rclcpp_action
    )

Call Stack (most recent call first):
  CMakeLists.txt:47 (ament_target_dependencies)

[0m
[01m[K/home/robprakt2/beer_ws/src/driver_cpp/src/actuator_driver_node.cpp:34:3:[m[K [01;31m[Kerror: [m[K‘[01m[Kpose_reached_pub_[m[K’ does not name a type
   34 |   [01;31m[Kpose_reached_pub_[m[K =
      |   [01;31m[K^~~~~~~~~~~~~~~~~[m[K
gmake[2]: *** [CMakeFiles/actuator_driver_node.dir/build.make:76: CMakeFiles/actuator_driver_node.dir/src/actuator_driver_node.cpp.o] Error 1
gmake[1]: *** [CMakeFiles/Makefile2:139: CMakeFiles/actuator_driver_node.dir/all] Error 2
gmake: *** [Makefile:146: all] Error 2
