running egg_info
creating ../../build/hand_eye_calib_py/hand_eye_calib_py.egg-info
writing ../../build/hand_eye_calib_py/hand_eye_calib_py.egg-info/PKG-INFO
writing dependency_links to ../../build/hand_eye_calib_py/hand_eye_calib_py.egg-info/dependency_links.txt
writing entry points to ../../build/hand_eye_calib_py/hand_eye_calib_py.egg-info/entry_points.txt
writing requirements to ../../build/hand_eye_calib_py/hand_eye_calib_py.egg-info/requires.txt
writing top-level names to ../../build/hand_eye_calib_py/hand_eye_calib_py.egg-info/top_level.txt
writing manifest file '../../build/hand_eye_calib_py/hand_eye_calib_py.egg-info/SOURCES.txt'
reading manifest file '../../build/hand_eye_calib_py/hand_eye_calib_py.egg-info/SOURCES.txt'
adding license file 'LICENSE'
writing manifest file '../../build/hand_eye_calib_py/hand_eye_calib_py.egg-info/SOURCES.txt'
running build
running build_py
creating /home/robprakt2/beer_ws/build/hand_eye_calib_py/build
creating /home/robprakt2/beer_ws/build/hand_eye_calib_py/build/lib
creating /home/robprakt2/beer_ws/build/hand_eye_calib_py/build/lib/hand_eye_calib_py
copying hand_eye_calib_py/hand_eye_calib_node.py -> /home/robprakt2/beer_ws/build/hand_eye_calib_py/build/lib/hand_eye_calib_py
copying hand_eye_calib_py/__init__.py -> /home/robprakt2/beer_ws/build/hand_eye_calib_py/build/lib/hand_eye_calib_py
running install
running install_lib
creating /home/robprakt2/beer_ws/install/hand_eye_calib_py/lib/python3.12/site-packages/hand_eye_calib_py
copying /home/robprakt2/beer_ws/build/hand_eye_calib_py/build/lib/hand_eye_calib_py/hand_eye_calib_node.py -> /home/robprakt2/beer_ws/install/hand_eye_calib_py/lib/python3.12/site-packages/hand_eye_calib_py
copying /home/robprakt2/beer_ws/build/hand_eye_calib_py/build/lib/hand_eye_calib_py/__init__.py -> /home/robprakt2/beer_ws/install/hand_eye_calib_py/lib/python3.12/site-packages/hand_eye_calib_py
byte-compiling /home/robprakt2/beer_ws/install/hand_eye_calib_py/lib/python3.12/site-packages/hand_eye_calib_py/hand_eye_calib_node.py to hand_eye_calib_node.cpython-312.pyc
byte-compiling /home/robprakt2/beer_ws/install/hand_eye_calib_py/lib/python3.12/site-packages/hand_eye_calib_py/__init__.py to __init__.cpython-312.pyc
running install_data
creating /home/robprakt2/beer_ws/install/hand_eye_calib_py/share/ament_index
creating /home/robprakt2/beer_ws/install/hand_eye_calib_py/share/ament_index/resource_index
creating /home/robprakt2/beer_ws/install/hand_eye_calib_py/share/ament_index/resource_index/packages
copying resource/hand_eye_calib_py -> /home/robprakt2/beer_ws/install/hand_eye_calib_py/share/ament_index/resource_index/packages
copying package.xml -> /home/robprakt2/beer_ws/install/hand_eye_calib_py/share/hand_eye_calib_py
running install_egg_info
Copying ../../build/hand_eye_calib_py/hand_eye_calib_py.egg-info to /home/robprakt2/beer_ws/install/hand_eye_calib_py/lib/python3.12/site-packages/hand_eye_calib_py-0.0.0-py3.12.egg-info
running install_scripts
Installing hand_eye_calib_node script to /home/robprakt2/beer_ws/install/hand_eye_calib_py/lib/hand_eye_calib_py
writing list of installed files to '/home/robprakt2/beer_ws/build/hand_eye_calib_py/install.log'
