[0.854s] Invoking command in '/home/robprakt2/beer_ws/src/hand_eye_calib_py': DEBUGINFOD_URLS=https://debuginfod.ubuntu.com PYTHONPATH=/home/robprakt2/beer_ws/build/hand_eye_calib_py/prefix_override:/usr/lib/python3/dist-packages/colcon_core/task/python/colcon_distutils_commands:/home/robprakt2/beer_ws/install/hand_eye_calib_py/lib/python3.12/site-packages:${PYTHONPATH} /usr/bin/python3 -W ignore:setup.py install is deprecated -W ignore:easy_install command is deprecated setup.py egg_info --egg-base ../../build/hand_eye_calib_py build --build-base /home/robprakt2/beer_ws/build/hand_eye_calib_py/build install --record /home/robprakt2/beer_ws/build/hand_eye_calib_py/install.log --single-version-externally-managed install_data
[1.078s] running egg_info
[1.078s] creating ../../build/hand_eye_calib_py/hand_eye_calib_py.egg-info
[1.094s] writing ../../build/hand_eye_calib_py/hand_eye_calib_py.egg-info/PKG-INFO
[1.094s] writing dependency_links to ../../build/hand_eye_calib_py/hand_eye_calib_py.egg-info/dependency_links.txt
[1.094s] writing entry points to ../../build/hand_eye_calib_py/hand_eye_calib_py.egg-info/entry_points.txt
[1.094s] writing requirements to ../../build/hand_eye_calib_py/hand_eye_calib_py.egg-info/requires.txt
[1.094s] writing top-level names to ../../build/hand_eye_calib_py/hand_eye_calib_py.egg-info/top_level.txt
[1.094s] writing manifest file '../../build/hand_eye_calib_py/hand_eye_calib_py.egg-info/SOURCES.txt'
[1.138s] reading manifest file '../../build/hand_eye_calib_py/hand_eye_calib_py.egg-info/SOURCES.txt'
[1.138s] adding license file 'LICENSE'
[1.138s] writing manifest file '../../build/hand_eye_calib_py/hand_eye_calib_py.egg-info/SOURCES.txt'
[1.138s] running build
[1.139s] running build_py
[1.139s] creating /home/robprakt2/beer_ws/build/hand_eye_calib_py/build
[1.139s] creating /home/robprakt2/beer_ws/build/hand_eye_calib_py/build/lib
[1.139s] creating /home/robprakt2/beer_ws/build/hand_eye_calib_py/build/lib/hand_eye_calib_py
[1.139s] copying hand_eye_calib_py/hand_eye_calib_node.py -> /home/robprakt2/beer_ws/build/hand_eye_calib_py/build/lib/hand_eye_calib_py
[1.139s] copying hand_eye_calib_py/__init__.py -> /home/robprakt2/beer_ws/build/hand_eye_calib_py/build/lib/hand_eye_calib_py
[1.139s] running install
[1.143s] running install_lib
[1.159s] creating /home/robprakt2/beer_ws/install/hand_eye_calib_py/lib/python3.12/site-packages/hand_eye_calib_py
[1.159s] copying /home/robprakt2/beer_ws/build/hand_eye_calib_py/build/lib/hand_eye_calib_py/hand_eye_calib_node.py -> /home/robprakt2/beer_ws/install/hand_eye_calib_py/lib/python3.12/site-packages/hand_eye_calib_py
[1.159s] copying /home/robprakt2/beer_ws/build/hand_eye_calib_py/build/lib/hand_eye_calib_py/__init__.py -> /home/robprakt2/beer_ws/install/hand_eye_calib_py/lib/python3.12/site-packages/hand_eye_calib_py
[1.159s] byte-compiling /home/robprakt2/beer_ws/install/hand_eye_calib_py/lib/python3.12/site-packages/hand_eye_calib_py/hand_eye_calib_node.py to hand_eye_calib_node.cpython-312.pyc
[1.160s] byte-compiling /home/robprakt2/beer_ws/install/hand_eye_calib_py/lib/python3.12/site-packages/hand_eye_calib_py/__init__.py to __init__.cpython-312.pyc
[1.160s] running install_data
[1.160s] creating /home/robprakt2/beer_ws/install/hand_eye_calib_py/share/ament_index
[1.160s] creating /home/robprakt2/beer_ws/install/hand_eye_calib_py/share/ament_index/resource_index
[1.160s] creating /home/robprakt2/beer_ws/install/hand_eye_calib_py/share/ament_index/resource_index/packages
[1.161s] copying resource/hand_eye_calib_py -> /home/robprakt2/beer_ws/install/hand_eye_calib_py/share/ament_index/resource_index/packages
[1.161s] copying package.xml -> /home/robprakt2/beer_ws/install/hand_eye_calib_py/share/hand_eye_calib_py
[1.161s] running install_egg_info
[1.177s] Copying ../../build/hand_eye_calib_py/hand_eye_calib_py.egg-info to /home/robprakt2/beer_ws/install/hand_eye_calib_py/lib/python3.12/site-packages/hand_eye_calib_py-0.0.0-py3.12.egg-info
[1.178s] running install_scripts
[1.282s] Installing hand_eye_calib_node script to /home/robprakt2/beer_ws/install/hand_eye_calib_py/lib/hand_eye_calib_py
[1.282s] writing list of installed files to '/home/robprakt2/beer_ws/build/hand_eye_calib_py/install.log'
[1.308s] Invoked command in '/home/robprakt2/beer_ws/src/hand_eye_calib_py' returned '0': DEBUGINFOD_URLS=https://debuginfod.ubuntu.com PYTHONPATH=/home/robprakt2/beer_ws/build/hand_eye_calib_py/prefix_override:/usr/lib/python3/dist-packages/colcon_core/task/python/colcon_distutils_commands:/home/robprakt2/beer_ws/install/hand_eye_calib_py/lib/python3.12/site-packages:${PYTHONPATH} /usr/bin/python3 -W ignore:setup.py install is deprecated -W ignore:easy_install command is deprecated setup.py egg_info --egg-base ../../build/hand_eye_calib_py build --build-base /home/robprakt2/beer_ws/build/hand_eye_calib_py/build install --record /home/robprakt2/beer_ws/build/hand_eye_calib_py/install.log --single-version-externally-managed install_data
