[0.653s] Invoking command in '/home/robprakt2/beer_ws/build/planner_py': AMENT_PREFIX_PATH=/home/robprakt2/beer_ws/install/prak_msgs:${AMENT_PREFIX_PATH} CMAKE_PREFIX_PATH=/home/robprakt2/beer_ws/install/prak_msgs:${CMAKE_PREFIX_PATH} DEBUGINFOD_URLS=https://debuginfod.ubuntu.com LD_LIBRARY_PATH=/home/robprakt2/beer_ws/install/prak_msgs/lib:${LD_LIBRARY_PATH} PYTHONPATH=/home/robprakt2/beer_ws/build/planner_py/prefix_override:/usr/lib/python3/dist-packages/colcon_core/task/python/colcon_distutils_commands:/home/robprakt2/beer_ws/install/planner_py/lib/python3.12/site-packages:/home/robprakt2/beer_ws/install/prak_msgs/lib/python3.12/site-packages:${PYTHONPATH} /usr/bin/python3 -W ignore:setup.py install is deprecated -W ignore:easy_install command is deprecated setup.py develop --uninstall --editable --build-directory /home/robprakt2/beer_ws/build/planner_py/build
[0.898s] running develop
[1.067s] Removing /home/robprakt2/beer_ws/install/planner_py/lib/python3.12/site-packages/planner-py.egg-link (link to .)
[1.089s] Invoked command in '/home/robprakt2/beer_ws/build/planner_py' returned '0': AMENT_PREFIX_PATH=/home/robprakt2/beer_ws/install/prak_msgs:${AMENT_PREFIX_PATH} CMAKE_PREFIX_PATH=/home/robprakt2/beer_ws/install/prak_msgs:${CMAKE_PREFIX_PATH} DEBUGINFOD_URLS=https://debuginfod.ubuntu.com LD_LIBRARY_PATH=/home/robprakt2/beer_ws/install/prak_msgs/lib:${LD_LIBRARY_PATH} PYTHONPATH=/home/robprakt2/beer_ws/build/planner_py/prefix_override:/usr/lib/python3/dist-packages/colcon_core/task/python/colcon_distutils_commands:/home/robprakt2/beer_ws/install/planner_py/lib/python3.12/site-packages:/home/robprakt2/beer_ws/install/prak_msgs/lib/python3.12/site-packages:${PYTHONPATH} /usr/bin/python3 -W ignore:setup.py install is deprecated -W ignore:easy_install command is deprecated setup.py develop --uninstall --editable --build-directory /home/robprakt2/beer_ws/build/planner_py/build
[1.090s] Invoking command in '/home/robprakt2/beer_ws/src/planner_py': AMENT_PREFIX_PATH=/home/robprakt2/beer_ws/install/prak_msgs:${AMENT_PREFIX_PATH} CMAKE_PREFIX_PATH=/home/robprakt2/beer_ws/install/prak_msgs:${CMAKE_PREFIX_PATH} DEBUGINFOD_URLS=https://debuginfod.ubuntu.com LD_LIBRARY_PATH=/home/robprakt2/beer_ws/install/prak_msgs/lib:${LD_LIBRARY_PATH} PYTHONPATH=/home/robprakt2/beer_ws/build/planner_py/prefix_override:/usr/lib/python3/dist-packages/colcon_core/task/python/colcon_distutils_commands:/home/robprakt2/beer_ws/install/planner_py/lib/python3.12/site-packages:/home/robprakt2/beer_ws/install/prak_msgs/lib/python3.12/site-packages:${PYTHONPATH} /usr/bin/python3 -W ignore:setup.py install is deprecated -W ignore:easy_install command is deprecated setup.py egg_info --egg-base ../../build/planner_py build --build-base /home/robprakt2/beer_ws/build/planner_py/build install --record /home/robprakt2/beer_ws/build/planner_py/install.log --single-version-externally-managed install_data --force
[1.301s] running egg_info
[1.318s] writing ../../build/planner_py/planner_py.egg-info/PKG-INFO
[1.318s] writing dependency_links to ../../build/planner_py/planner_py.egg-info/dependency_links.txt
[1.318s] writing entry points to ../../build/planner_py/planner_py.egg-info/entry_points.txt
[1.318s] writing requirements to ../../build/planner_py/planner_py.egg-info/requires.txt
[1.318s] writing top-level names to ../../build/planner_py/planner_py.egg-info/top_level.txt
[1.351s] reading manifest file '../../build/planner_py/planner_py.egg-info/SOURCES.txt'
[1.352s] adding license file 'LICENSE'
[1.352s] writing manifest file '../../build/planner_py/planner_py.egg-info/SOURCES.txt'
[1.352s] running build
[1.352s] running build_py
[1.352s] creating /home/robprakt2/beer_ws/build/planner_py/build
[1.352s] creating /home/robprakt2/beer_ws/build/planner_py/build/lib
[1.352s] creating /home/robprakt2/beer_ws/build/planner_py/build/lib/planner_py
[1.352s] copying planner_py/test_planner_node.py -> /home/robprakt2/beer_ws/build/planner_py/build/lib/planner_py
[1.353s] copying planner_py/state_node.py -> /home/robprakt2/beer_ws/build/planner_py/build/lib/planner_py
[1.353s] copying planner_py/__init__.py -> /home/robprakt2/beer_ws/build/planner_py/build/lib/planner_py
[1.353s] running install
[1.357s] running install_lib
[1.374s] creating /home/robprakt2/beer_ws/install/planner_py/lib/python3.12/site-packages/planner_py
[1.374s] copying /home/robprakt2/beer_ws/build/planner_py/build/lib/planner_py/test_planner_node.py -> /home/robprakt2/beer_ws/install/planner_py/lib/python3.12/site-packages/planner_py
[1.374s] copying /home/robprakt2/beer_ws/build/planner_py/build/lib/planner_py/state_node.py -> /home/robprakt2/beer_ws/install/planner_py/lib/python3.12/site-packages/planner_py
[1.374s] copying /home/robprakt2/beer_ws/build/planner_py/build/lib/planner_py/__init__.py -> /home/robprakt2/beer_ws/install/planner_py/lib/python3.12/site-packages/planner_py
[1.375s] byte-compiling /home/robprakt2/beer_ws/install/planner_py/lib/python3.12/site-packages/planner_py/test_planner_node.py to test_planner_node.cpython-312.pyc
[1.375s] byte-compiling /home/robprakt2/beer_ws/install/planner_py/lib/python3.12/site-packages/planner_py/state_node.py to state_node.cpython-312.pyc
[1.376s] byte-compiling /home/robprakt2/beer_ws/install/planner_py/lib/python3.12/site-packages/planner_py/__init__.py to __init__.cpython-312.pyc
[1.376s] running install_data
[1.376s] copying resource/planner_py -> /home/robprakt2/beer_ws/install/planner_py/share/ament_index/resource_index/packages
[1.376s] copying package.xml -> /home/robprakt2/beer_ws/install/planner_py/share/planner_py
[1.376s] copying launch/planner.launch.py -> /home/robprakt2/beer_ws/install/planner_py/share/planner_py/launch
[1.376s] running install_egg_info
[1.394s] Copying ../../build/planner_py/planner_py.egg-info to /home/robprakt2/beer_ws/install/planner_py/lib/python3.12/site-packages/planner_py-0.0.0-py3.12.egg-info
[1.395s] running install_scripts
[1.501s] Installing state_node script to /home/robprakt2/beer_ws/install/planner_py/lib/planner_py
[1.501s] Installing test_planner_node script to /home/robprakt2/beer_ws/install/planner_py/lib/planner_py
[1.501s] writing list of installed files to '/home/robprakt2/beer_ws/build/planner_py/install.log'
[1.521s] Invoked command in '/home/robprakt2/beer_ws/src/planner_py' returned '0': AMENT_PREFIX_PATH=/home/robprakt2/beer_ws/install/prak_msgs:${AMENT_PREFIX_PATH} CMAKE_PREFIX_PATH=/home/robprakt2/beer_ws/install/prak_msgs:${CMAKE_PREFIX_PATH} DEBUGINFOD_URLS=https://debuginfod.ubuntu.com LD_LIBRARY_PATH=/home/robprakt2/beer_ws/install/prak_msgs/lib:${LD_LIBRARY_PATH} PYTHONPATH=/home/robprakt2/beer_ws/build/planner_py/prefix_override:/usr/lib/python3/dist-packages/colcon_core/task/python/colcon_distutils_commands:/home/robprakt2/beer_ws/install/planner_py/lib/python3.12/site-packages:/home/robprakt2/beer_ws/install/prak_msgs/lib/python3.12/site-packages:${PYTHONPATH} /usr/bin/python3 -W ignore:setup.py install is deprecated -W ignore:easy_install command is deprecated setup.py egg_info --egg-base ../../build/planner_py build --build-base /home/robprakt2/beer_ws/build/planner_py/build install --record /home/robprakt2/beer_ws/build/planner_py/install.log --single-version-externally-managed install_data --force
