-- The C compiler identification is GNU 13.3.0
-- The CXX compiler identification is GNU 13.3.0
-- Detecting C compiler ABI info
-- Detecting C compiler ABI info - done
-- Check for working C compiler: /usr/bin/cc - skipped
-- Detecting C compile features
-- Detecting C compile features - done
-- Detecting CXX compiler ABI info
-- Detecting CXX compiler ABI info - done
-- Check for working CXX compiler: /usr/bin/c++ - skipped
-- Detecting CXX compile features
-- Detecting CXX compile features - done
-- Found ament_cmake: 2.7.3 (/opt/ros/kilted/share/ament_cmake/cmake)
-- Found Python3: /usr/bin/python3 (found version "3.12.3") found components: Interpreter 
-- Override CMake install command with custom implementation using symlinks instead of copying resources
-- Found rclcpp: 29.5.3 (/opt/ros/kilted/share/rclcpp/cmake)
-- Found rosidl_generator_c: 4.9.5 (/opt/ros/kilted/share/rosidl_generator_c/cmake)
-- Found rosidl_generator_cpp: 4.9.5 (/opt/ros/kilted/share/rosidl_generator_cpp/cmake)
-- Using all available rosidl_typesupport_c: rosidl_typesupport_fastrtps_c;rosidl_typesupport_introspection_c
-- Using all available rosidl_typesupport_cpp: rosidl_typesupport_fastrtps_cpp;rosidl_typesupport_introspection_cpp
-- Found rmw_implementation_cmake: 7.8.2 (/opt/ros/kilted/share/rmw_implementation_cmake/cmake)
-- Found rmw_fastrtps_cpp: 9.3.3 (/opt/ros/kilted/share/rmw_fastrtps_cpp/cmake)
-- Found OpenSSL: /usr/lib/x86_64-linux-gnu/libcrypto.so (found version "3.0.13")  
-- Using RMW implementation 'rmw_fastrtps_cpp' as default
-- Found ament_lint_auto: 0.19.2 (/opt/ros/kilted/share/ament_lint_auto/cmake)
-- Added test 'cppcheck' to perform static code analysis on C / C++ code
-- Configured cppcheck include dirs: 
-- Configured cppcheck exclude dirs and/or files: 
-- Added test 'lint_cmake' to check CMake code style
-- Added test 'uncrustify' to check C / C++ code style
-- Configured uncrustify additional arguments: 
-- Added test 'xmllint' to check XML markup files
-- Configuring done (1.2s)
-- Generating done (0.0s)
-- Build files have been written to: /home/robprakt2/beer_ws/build/driver_cpp
-- Install configuration: ""
-- Execute custom install script
-- Symlinking: /home/robprakt2/beer_ws/install/driver_cpp/share/ament_index/resource_index/package_run_dependencies/driver_cpp
-- Symlinking: /home/robprakt2/beer_ws/install/driver_cpp/share/ament_index/resource_index/parent_prefix_path/driver_cpp
-- Symlinking: /home/robprakt2/beer_ws/install/driver_cpp/share/driver_cpp/environment/ament_prefix_path.sh
-- Symlinking: /home/robprakt2/beer_ws/install/driver_cpp/share/driver_cpp/environment/ament_prefix_path.dsv
-- Symlinking: /home/robprakt2/beer_ws/install/driver_cpp/share/driver_cpp/environment/path.sh
-- Symlinking: /home/robprakt2/beer_ws/install/driver_cpp/share/driver_cpp/environment/path.dsv
-- Symlinking: /home/robprakt2/beer_ws/install/driver_cpp/share/driver_cpp/local_setup.bash
-- Symlinking: /home/robprakt2/beer_ws/install/driver_cpp/share/driver_cpp/local_setup.sh
-- Symlinking: /home/robprakt2/beer_ws/install/driver_cpp/share/driver_cpp/local_setup.zsh
-- Symlinking: /home/robprakt2/beer_ws/install/driver_cpp/share/driver_cpp/local_setup.dsv
-- Symlinking: /home/robprakt2/beer_ws/install/driver_cpp/share/driver_cpp/package.dsv
-- Symlinking: /home/robprakt2/beer_ws/install/driver_cpp/share/ament_index/resource_index/packages/driver_cpp
-- Symlinking: /home/robprakt2/beer_ws/install/driver_cpp/share/driver_cpp/cmake/driver_cppConfig.cmake
-- Symlinking: /home/robprakt2/beer_ws/install/driver_cpp/share/driver_cpp/cmake/driver_cppConfig-version.cmake
-- Symlinking: /home/robprakt2/beer_ws/install/driver_cpp/share/driver_cpp/package.xml
