[0.840s] Invoking command in '/home/robprakt2/beer_ws/src/hand_eye_calib_py': DEBUGINFOD_URLS=https://debuginfod.ubuntu.com PYTHONPATH=/home/robprakt2/beer_ws/build/hand_eye_calib_py/prefix_override:/usr/lib/python3/dist-packages/colcon_core/task/python/colcon_distutils_commands:/home/robprakt2/beer_ws/install/hand_eye_calib_py/lib/python3.12/site-packages:${PYTHONPATH} /usr/bin/python3 -W ignore:setup.py install is deprecated -W ignore:easy_install command is deprecated setup.py egg_info --egg-base ../../build/hand_eye_calib_py build --build-base /home/robprakt2/beer_ws/build/hand_eye_calib_py/build install --record /home/robprakt2/beer_ws/build/hand_eye_calib_py/install.log --single-version-externally-managed install_data
[1.058s] running egg_info
[1.074s] writing ../../build/hand_eye_calib_py/hand_eye_calib_py.egg-info/PKG-INFO
[1.074s] writing dependency_links to ../../build/hand_eye_calib_py/hand_eye_calib_py.egg-info/dependency_links.txt
[1.074s] writing entry points to ../../build/hand_eye_calib_py/hand_eye_calib_py.egg-info/entry_points.txt
[1.075s] writing requirements to ../../build/hand_eye_calib_py/hand_eye_calib_py.egg-info/requires.txt
[1.075s] writing top-level names to ../../build/hand_eye_calib_py/hand_eye_calib_py.egg-info/top_level.txt
[1.109s] reading manifest file '../../build/hand_eye_calib_py/hand_eye_calib_py.egg-info/SOURCES.txt'
[1.109s] adding license file 'LICENSE'
[1.110s] writing manifest file '../../build/hand_eye_calib_py/hand_eye_calib_py.egg-info/SOURCES.txt'
[1.110s] running build
[1.110s] running build_py
[1.110s] running install
[1.114s] running install_lib
[1.132s] running install_data
[1.132s] running install_egg_info
[1.150s] removing '/home/robprakt2/beer_ws/install/hand_eye_calib_py/lib/python3.12/site-packages/hand_eye_calib_py-0.0.0-py3.12.egg-info' (and everything under it)
[1.150s] Copying ../../build/hand_eye_calib_py/hand_eye_calib_py.egg-info to /home/robprakt2/beer_ws/install/hand_eye_calib_py/lib/python3.12/site-packages/hand_eye_calib_py-0.0.0-py3.12.egg-info
[1.150s] running install_scripts
[1.258s] Installing hand_eye_calib_node script to /home/robprakt2/beer_ws/install/hand_eye_calib_py/lib/hand_eye_calib_py
[1.258s] writing list of installed files to '/home/robprakt2/beer_ws/build/hand_eye_calib_py/install.log'
[1.280s] Invoked command in '/home/robprakt2/beer_ws/src/hand_eye_calib_py' returned '0': DEBUGINFOD_URLS=https://debuginfod.ubuntu.com PYTHONPATH=/home/robprakt2/beer_ws/build/hand_eye_calib_py/prefix_override:/usr/lib/python3/dist-packages/colcon_core/task/python/colcon_distutils_commands:/home/robprakt2/beer_ws/install/hand_eye_calib_py/lib/python3.12/site-packages:${PYTHONPATH} /usr/bin/python3 -W ignore:setup.py install is deprecated -W ignore:easy_install command is deprecated setup.py egg_info --egg-base ../../build/hand_eye_calib_py build --build-base /home/robprakt2/beer_ws/build/hand_eye_calib_py/build install --record /home/robprakt2/beer_ws/build/hand_eye_calib_py/install.log --single-version-externally-managed install_data
